<?xml version="1.0" encoding="UTF-8"?>
<testsuite xmlns:xsi="http://www.w3.org/2001/XMLSchema-instance" xsi:noNamespaceSchemaLocation="https://maven.apache.org/surefire/maven-surefire-plugin/xsd/surefire-test-report-3.0.xsd" version="3.0" name="TestSuite" time="440.267" tests="7" errors="0" skipped="0" failures="7">
  <properties>
    <property name="java.specification.version" value="17"/>
    <property name="webdriver.chrome.driver" value="C:\Users\dipal\.cache\selenium\chromedriver\win64\135.0.7049.84\chromedriver.exe"/>
    <property name="sun.cpu.isalist" value="amd64"/>
    <property name="sun.jnu.encoding" value="Cp1252"/>
    <property name="sun.awt.enableExtraMouseButtons" value="true"/>
    <property name="java.class.path" value="D:\Automation Project\bookingzoneadmin\target\test-classes;D:\Automation Project\bookingzoneadmin\target\classes;C:\Users\dipal\.m2\repository\org\seleniumhq\selenium\selenium-java\4.18.1\selenium-java-4.18.1.jar;C:\Users\dipal\.m2\repository\org\seleniumhq\selenium\selenium-api\4.18.1\selenium-api-4.18.1.jar;C:\Users\dipal\.m2\repository\org\seleniumhq\selenium\selenium-chrome-driver\4.18.1\selenium-chrome-driver-4.18.1.jar;C:\Users\dipal\.m2\repository\com\google\auto\service\auto-service-annotations\1.1.1\auto-service-annotations-1.1.1.jar;C:\Users\dipal\.m2\repository\org\seleniumhq\selenium\selenium-chromium-driver\4.18.1\selenium-chromium-driver-4.18.1.jar;C:\Users\dipal\.m2\repository\org\seleniumhq\selenium\selenium-json\4.18.1\selenium-json-4.18.1.jar;C:\Users\dipal\.m2\repository\org\seleniumhq\selenium\selenium-manager\4.18.1\selenium-manager-4.18.1.jar;C:\Users\dipal\.m2\repository\org\seleniumhq\selenium\selenium-devtools-v120\4.18.1\selenium-devtools-v120-4.18.1.jar;C:\Users\dipal\.m2\repository\org\seleniumhq\selenium\selenium-devtools-v121\4.18.1\selenium-devtools-v121-4.18.1.jar;C:\Users\dipal\.m2\repository\org\seleniumhq\selenium\selenium-devtools-v122\4.18.1\selenium-devtools-v122-4.18.1.jar;C:\Users\dipal\.m2\repository\org\seleniumhq\selenium\selenium-devtools-v85\4.18.1\selenium-devtools-v85-4.18.1.jar;C:\Users\dipal\.m2\repository\org\seleniumhq\selenium\selenium-edge-driver\4.18.1\selenium-edge-driver-4.18.1.jar;C:\Users\dipal\.m2\repository\org\seleniumhq\selenium\selenium-firefox-driver\4.18.1\selenium-firefox-driver-4.18.1.jar;C:\Users\dipal\.m2\repository\org\seleniumhq\selenium\selenium-http\4.18.1\selenium-http-4.18.1.jar;C:\Users\dipal\.m2\repository\dev\failsafe\failsafe\3.3.2\failsafe-3.3.2.jar;C:\Users\dipal\.m2\repository\org\seleniumhq\selenium\selenium-ie-driver\4.18.1\selenium-ie-driver-4.18.1.jar;C:\Users\dipal\.m2\repository\org\seleniumhq\selenium\selenium-remote-driver\4.18.1\selenium-remote-driver-4.18.1.jar;C:\Users\dipal\.m2\repository\io\opentelemetry\semconv\opentelemetry-semconv\1.23.1-alpha\opentelemetry-semconv-1.23.1-alpha.jar;C:\Users\dipal\.m2\repository\io\opentelemetry\opentelemetry-api\1.35.0\opentelemetry-api-1.35.0.jar;C:\Users\dipal\.m2\repository\io\opentelemetry\opentelemetry-context\1.35.0\opentelemetry-context-1.35.0.jar;C:\Users\dipal\.m2\repository\io\opentelemetry\opentelemetry-exporter-logging\1.35.0\opentelemetry-exporter-logging-1.35.0.jar;C:\Users\dipal\.m2\repository\io\opentelemetry\opentelemetry-sdk-common\1.35.0\opentelemetry-sdk-common-1.35.0.jar;C:\Users\dipal\.m2\repository\io\opentelemetry\opentelemetry-sdk-extension-autoconfigure-spi\1.35.0\opentelemetry-sdk-extension-autoconfigure-spi-1.35.0.jar;C:\Users\dipal\.m2\repository\io\opentelemetry\opentelemetry-sdk-extension-autoconfigure\1.35.0\opentelemetry-sdk-extension-autoconfigure-1.35.0.jar;C:\Users\dipal\.m2\repository\io\opentelemetry\opentelemetry-api-events\1.35.0-alpha\opentelemetry-api-events-1.35.0-alpha.jar;C:\Users\dipal\.m2\repository\io\opentelemetry\opentelemetry-sdk-trace\1.35.0\opentelemetry-sdk-trace-1.35.0.jar;C:\Users\dipal\.m2\repository\io\opentelemetry\opentelemetry-extension-incubator\1.35.0-alpha\opentelemetry-extension-incubator-1.35.0-alpha.jar;C:\Users\dipal\.m2\repository\io\opentelemetry\opentelemetry-sdk\1.35.0\opentelemetry-sdk-1.35.0.jar;C:\Users\dipal\.m2\repository\io\opentelemetry\opentelemetry-sdk-metrics\1.35.0\opentelemetry-sdk-metrics-1.35.0.jar;C:\Users\dipal\.m2\repository\io\opentelemetry\opentelemetry-sdk-logs\1.35.0\opentelemetry-sdk-logs-1.35.0.jar;C:\Users\dipal\.m2\repository\net\bytebuddy\byte-buddy\1.14.12\byte-buddy-1.14.12.jar;C:\Users\dipal\.m2\repository\org\seleniumhq\selenium\selenium-os\4.18.1\selenium-os-4.18.1.jar;C:\Users\dipal\.m2\repository\org\apache\commons\commons-exec\1.3\commons-exec-1.3.jar;C:\Users\dipal\.m2\repository\org\seleniumhq\selenium\selenium-safari-driver\4.18.1\selenium-safari-driver-4.18.1.jar;C:\Users\dipal\.m2\repository\org\seleniumhq\selenium\selenium-support\4.18.1\selenium-support-4.18.1.jar;C:\Users\dipal\.m2\repository\org\apache\poi\poi\5.2.3\poi-5.2.3.jar;C:\Users\dipal\.m2\repository\commons-codec\commons-codec\1.15\commons-codec-1.15.jar;C:\Users\dipal\.m2\repository\org\apache\commons\commons-collections4\4.4\commons-collections4-4.4.jar;C:\Users\dipal\.m2\repository\org\apache\commons\commons-math3\3.6.1\commons-math3-3.6.1.jar;C:\Users\dipal\.m2\repository\commons-io\commons-io\2.11.0\commons-io-2.11.0.jar;C:\Users\dipal\.m2\repository\com\zaxxer\SparseBitSet\1.2\SparseBitSet-1.2.jar;C:\Users\dipal\.m2\repository\org\apache\poi\poi-ooxml\5.2.3\poi-ooxml-5.2.3.jar;C:\Users\dipal\.m2\repository\org\apache\poi\poi-ooxml-lite\5.2.3\poi-ooxml-lite-5.2.3.jar;C:\Users\dipal\.m2\repository\org\apache\xmlbeans\xmlbeans\5.1.1\xmlbeans-5.1.1.jar;C:\Users\dipal\.m2\repository\org\apache\commons\commons-compress\1.21\commons-compress-1.21.jar;C:\Users\dipal\.m2\repository\com\github\virtuald\curvesapi\1.07\curvesapi-1.07.jar;C:\Users\dipal\.m2\repository\io\github\bonigarcia\webdrivermanager\5.7.0\webdrivermanager-5.7.0.jar;C:\Users\dipal\.m2\repository\com\google\code\gson\gson\2.10.1\gson-2.10.1.jar;C:\Users\dipal\.m2\repository\com\github\docker-java\docker-java\3.3.5\docker-java-3.3.5.jar;C:\Users\dipal\.m2\repository\com\github\docker-java\docker-java-core\3.3.5\docker-java-core-3.3.5.jar;C:\Users\dipal\.m2\repository\com\github\docker-java\docker-java-api\3.3.5\docker-java-api-3.3.5.jar;C:\Users\dipal\.m2\repository\com\fasterxml\jackson\core\jackson-annotations\2.10.3\jackson-annotations-2.10.3.jar;C:\Users\dipal\.m2\repository\com\fasterxml\jackson\core\jackson-databind\2.10.3\jackson-databind-2.10.3.jar;C:\Users\dipal\.m2\repository\com\fasterxml\jackson\core\jackson-core\2.10.3\jackson-core-2.10.3.jar;C:\Users\dipal\.m2\repository\org\bouncycastle\bcpkix-jdk18on\1.76\bcpkix-jdk18on-1.76.jar;C:\Users\dipal\.m2\repository\org\bouncycastle\bcprov-jdk18on\1.76\bcprov-jdk18on-1.76.jar;C:\Users\dipal\.m2\repository\org\bouncycastle\bcutil-jdk18on\1.76\bcutil-jdk18on-1.76.jar;C:\Users\dipal\.m2\repository\org\slf4j\jcl-over-slf4j\1.7.30\jcl-over-slf4j-1.7.30.jar;C:\Users\dipal\.m2\repository\com\github\docker-java\docker-java-transport-httpclient5\3.3.5\docker-java-transport-httpclient5-3.3.5.jar;C:\Users\dipal\.m2\repository\com\github\docker-java\docker-java-transport\3.3.5\docker-java-transport-3.3.5.jar;C:\Users\dipal\.m2\repository\net\java\dev\jna\jna\5.13.0\jna-5.13.0.jar;C:\Users\dipal\.m2\repository\org\brotli\dec\0.1.2\dec-0.1.2.jar;C:\Users\dipal\.m2\repository\org\apache\commons\commons-lang3\3.14.0\commons-lang3-3.14.0.jar;C:\Users\dipal\.m2\repository\org\apache\httpcomponents\client5\httpclient5\5.2.1\httpclient5-5.2.1.jar;C:\Users\dipal\.m2\repository\org\apache\httpcomponents\core5\httpcore5\5.2\httpcore5-5.2.jar;C:\Users\dipal\.m2\repository\org\apache\httpcomponents\core5\httpcore5-h2\5.2\httpcore5-h2-5.2.jar;C:\Users\dipal\.m2\repository\org\apache\logging\log4j\log4j-api\2.17.2\log4j-api-2.17.2.jar;C:\Users\dipal\.m2\repository\org\apache\logging\log4j\log4j-core\2.17.2\log4j-core-2.17.2.jar;C:\Users\dipal\.m2\repository\org\freemarker\freemarker\2.3.30\freemarker-2.3.30.jar;C:\Users\dipal\.m2\repository\com\aventstack\extentreports\5.1.0\extentreports-5.1.0.jar;C:\Users\dipal\.m2\repository\io\reactivex\rxjava3\rxjava\3.1.6\rxjava-3.1.6.jar;C:\Users\dipal\.m2\repository\org\reactivestreams\reactive-streams\1.0.4\reactive-streams-1.0.4.jar;C:\Users\dipal\.m2\repository\org\testng\testng\7.8.0\testng-7.8.0.jar;C:\Users\dipal\.m2\repository\com\beust\jcommander\1.82\jcommander-1.82.jar;C:\Users\dipal\.m2\repository\org\webjars\jquery\3.6.1\jquery-3.6.1.jar;C:\Users\dipal\.m2\repository\com\google\guava\guava\32.0.1-jre\guava-32.0.1-jre.jar;C:\Users\dipal\.m2\repository\com\google\guava\failureaccess\1.0.1\failureaccess-1.0.1.jar;C:\Users\dipal\.m2\repository\com\google\guava\listenablefuture\9999.0-empty-to-avoid-conflict-with-guava\listenablefuture-9999.0-empty-to-avoid-conflict-with-guava.jar;C:\Users\dipal\.m2\repository\com\google\code\findbugs\jsr305\3.0.2\jsr305-3.0.2.jar;C:\Users\dipal\.m2\repository\org\checkerframework\checker-qual\3.33.0\checker-qual-3.33.0.jar;C:\Users\dipal\.m2\repository\com\google\errorprone\error_prone_annotations\2.18.0\error_prone_annotations-2.18.0.jar;C:\Users\dipal\.m2\repository\com\google\j2objc\j2objc-annotations\2.8\j2objc-annotations-2.8.jar;C:\Users\dipal\.m2\repository\org\projectlombok\lombok\1.18.24\lombok-1.18.24.jar;C:\Users\dipal\.m2\repository\org\slf4j\slf4j-api\1.7.32\slf4j-api-1.7.32.jar;C:\Users\dipal\.m2\repository\ch\qos\logback\logback-classic\1.2.10\logback-classic-1.2.10.jar;C:\Users\dipal\.m2\repository\ch\qos\logback\logback-core\1.2.10\logback-core-1.2.10.jar;"/>
    <property name="java.vm.vendor" value="Oracle Corporation"/>
    <property name="sun.arch.data.model" value="64"/>
    <property name="user.variant" value=""/>
    <property name="java.vendor.url" value="https://java.oracle.com/"/>
    <property name="user.timezone" value="America/New_York"/>
    <property name="os.name" value="Windows 11"/>
    <property name="java.vm.specification.version" value="17"/>
    <property name="sun.java.launcher" value="SUN_STANDARD"/>
    <property name="user.country" value="IN"/>
    <property name="sun.boot.library.path" value="C:\Program Files\Java\jdk-17\bin"/>
    <property name="sun.java.command" value="C:\Users\dipal\AppData\Local\Temp\surefire15751899184715966520\surefirebooter-20250413090550171_3.jar C:\Users\dipal\AppData\Local\Temp\surefire15751899184715966520 2025-04-13T09-05-49_670-jvmRun1 surefire-20250413090550171_1tmp surefire_0-20250413090550171_2tmp"/>
    <property name="jdk.debug" value="release"/>
    <property name="surefire.test.class.path" value="D:\Automation Project\bookingzoneadmin\target\test-classes;D:\Automation Project\bookingzoneadmin\target\classes;C:\Users\dipal\.m2\repository\org\seleniumhq\selenium\selenium-java\4.18.1\selenium-java-4.18.1.jar;C:\Users\dipal\.m2\repository\org\seleniumhq\selenium\selenium-api\4.18.1\selenium-api-4.18.1.jar;C:\Users\dipal\.m2\repository\org\seleniumhq\selenium\selenium-chrome-driver\4.18.1\selenium-chrome-driver-4.18.1.jar;C:\Users\dipal\.m2\repository\com\google\auto\service\auto-service-annotations\1.1.1\auto-service-annotations-1.1.1.jar;C:\Users\dipal\.m2\repository\org\seleniumhq\selenium\selenium-chromium-driver\4.18.1\selenium-chromium-driver-4.18.1.jar;C:\Users\dipal\.m2\repository\org\seleniumhq\selenium\selenium-json\4.18.1\selenium-json-4.18.1.jar;C:\Users\dipal\.m2\repository\org\seleniumhq\selenium\selenium-manager\4.18.1\selenium-manager-4.18.1.jar;C:\Users\dipal\.m2\repository\org\seleniumhq\selenium\selenium-devtools-v120\4.18.1\selenium-devtools-v120-4.18.1.jar;C:\Users\dipal\.m2\repository\org\seleniumhq\selenium\selenium-devtools-v121\4.18.1\selenium-devtools-v121-4.18.1.jar;C:\Users\dipal\.m2\repository\org\seleniumhq\selenium\selenium-devtools-v122\4.18.1\selenium-devtools-v122-4.18.1.jar;C:\Users\dipal\.m2\repository\org\seleniumhq\selenium\selenium-devtools-v85\4.18.1\selenium-devtools-v85-4.18.1.jar;C:\Users\dipal\.m2\repository\org\seleniumhq\selenium\selenium-edge-driver\4.18.1\selenium-edge-driver-4.18.1.jar;C:\Users\dipal\.m2\repository\org\seleniumhq\selenium\selenium-firefox-driver\4.18.1\selenium-firefox-driver-4.18.1.jar;C:\Users\dipal\.m2\repository\org\seleniumhq\selenium\selenium-http\4.18.1\selenium-http-4.18.1.jar;C:\Users\dipal\.m2\repository\dev\failsafe\failsafe\3.3.2\failsafe-3.3.2.jar;C:\Users\dipal\.m2\repository\org\seleniumhq\selenium\selenium-ie-driver\4.18.1\selenium-ie-driver-4.18.1.jar;C:\Users\dipal\.m2\repository\org\seleniumhq\selenium\selenium-remote-driver\4.18.1\selenium-remote-driver-4.18.1.jar;C:\Users\dipal\.m2\repository\io\opentelemetry\semconv\opentelemetry-semconv\1.23.1-alpha\opentelemetry-semconv-1.23.1-alpha.jar;C:\Users\dipal\.m2\repository\io\opentelemetry\opentelemetry-api\1.35.0\opentelemetry-api-1.35.0.jar;C:\Users\dipal\.m2\repository\io\opentelemetry\opentelemetry-context\1.35.0\opentelemetry-context-1.35.0.jar;C:\Users\dipal\.m2\repository\io\opentelemetry\opentelemetry-exporter-logging\1.35.0\opentelemetry-exporter-logging-1.35.0.jar;C:\Users\dipal\.m2\repository\io\opentelemetry\opentelemetry-sdk-common\1.35.0\opentelemetry-sdk-common-1.35.0.jar;C:\Users\dipal\.m2\repository\io\opentelemetry\opentelemetry-sdk-extension-autoconfigure-spi\1.35.0\opentelemetry-sdk-extension-autoconfigure-spi-1.35.0.jar;C:\Users\dipal\.m2\repository\io\opentelemetry\opentelemetry-sdk-extension-autoconfigure\1.35.0\opentelemetry-sdk-extension-autoconfigure-1.35.0.jar;C:\Users\dipal\.m2\repository\io\opentelemetry\opentelemetry-api-events\1.35.0-alpha\opentelemetry-api-events-1.35.0-alpha.jar;C:\Users\dipal\.m2\repository\io\opentelemetry\opentelemetry-sdk-trace\1.35.0\opentelemetry-sdk-trace-1.35.0.jar;C:\Users\dipal\.m2\repository\io\opentelemetry\opentelemetry-extension-incubator\1.35.0-alpha\opentelemetry-extension-incubator-1.35.0-alpha.jar;C:\Users\dipal\.m2\repository\io\opentelemetry\opentelemetry-sdk\1.35.0\opentelemetry-sdk-1.35.0.jar;C:\Users\dipal\.m2\repository\io\opentelemetry\opentelemetry-sdk-metrics\1.35.0\opentelemetry-sdk-metrics-1.35.0.jar;C:\Users\dipal\.m2\repository\io\opentelemetry\opentelemetry-sdk-logs\1.35.0\opentelemetry-sdk-logs-1.35.0.jar;C:\Users\dipal\.m2\repository\net\bytebuddy\byte-buddy\1.14.12\byte-buddy-1.14.12.jar;C:\Users\dipal\.m2\repository\org\seleniumhq\selenium\selenium-os\4.18.1\selenium-os-4.18.1.jar;C:\Users\dipal\.m2\repository\org\apache\commons\commons-exec\1.3\commons-exec-1.3.jar;C:\Users\dipal\.m2\repository\org\seleniumhq\selenium\selenium-safari-driver\4.18.1\selenium-safari-driver-4.18.1.jar;C:\Users\dipal\.m2\repository\org\seleniumhq\selenium\selenium-support\4.18.1\selenium-support-4.18.1.jar;C:\Users\dipal\.m2\repository\org\apache\poi\poi\5.2.3\poi-5.2.3.jar;C:\Users\dipal\.m2\repository\commons-codec\commons-codec\1.15\commons-codec-1.15.jar;C:\Users\dipal\.m2\repository\org\apache\commons\commons-collections4\4.4\commons-collections4-4.4.jar;C:\Users\dipal\.m2\repository\org\apache\commons\commons-math3\3.6.1\commons-math3-3.6.1.jar;C:\Users\dipal\.m2\repository\commons-io\commons-io\2.11.0\commons-io-2.11.0.jar;C:\Users\dipal\.m2\repository\com\zaxxer\SparseBitSet\1.2\SparseBitSet-1.2.jar;C:\Users\dipal\.m2\repository\org\apache\poi\poi-ooxml\5.2.3\poi-ooxml-5.2.3.jar;C:\Users\dipal\.m2\repository\org\apache\poi\poi-ooxml-lite\5.2.3\poi-ooxml-lite-5.2.3.jar;C:\Users\dipal\.m2\repository\org\apache\xmlbeans\xmlbeans\5.1.1\xmlbeans-5.1.1.jar;C:\Users\dipal\.m2\repository\org\apache\commons\commons-compress\1.21\commons-compress-1.21.jar;C:\Users\dipal\.m2\repository\com\github\virtuald\curvesapi\1.07\curvesapi-1.07.jar;C:\Users\dipal\.m2\repository\io\github\bonigarcia\webdrivermanager\5.7.0\webdrivermanager-5.7.0.jar;C:\Users\dipal\.m2\repository\com\google\code\gson\gson\2.10.1\gson-2.10.1.jar;C:\Users\dipal\.m2\repository\com\github\docker-java\docker-java\3.3.5\docker-java-3.3.5.jar;C:\Users\dipal\.m2\repository\com\github\docker-java\docker-java-core\3.3.5\docker-java-core-3.3.5.jar;C:\Users\dipal\.m2\repository\com\github\docker-java\docker-java-api\3.3.5\docker-java-api-3.3.5.jar;C:\Users\dipal\.m2\repository\com\fasterxml\jackson\core\jackson-annotations\2.10.3\jackson-annotations-2.10.3.jar;C:\Users\dipal\.m2\repository\com\fasterxml\jackson\core\jackson-databind\2.10.3\jackson-databind-2.10.3.jar;C:\Users\dipal\.m2\repository\com\fasterxml\jackson\core\jackson-core\2.10.3\jackson-core-2.10.3.jar;C:\Users\dipal\.m2\repository\org\bouncycastle\bcpkix-jdk18on\1.76\bcpkix-jdk18on-1.76.jar;C:\Users\dipal\.m2\repository\org\bouncycastle\bcprov-jdk18on\1.76\bcprov-jdk18on-1.76.jar;C:\Users\dipal\.m2\repository\org\bouncycastle\bcutil-jdk18on\1.76\bcutil-jdk18on-1.76.jar;C:\Users\dipal\.m2\repository\org\slf4j\jcl-over-slf4j\1.7.30\jcl-over-slf4j-1.7.30.jar;C:\Users\dipal\.m2\repository\com\github\docker-java\docker-java-transport-httpclient5\3.3.5\docker-java-transport-httpclient5-3.3.5.jar;C:\Users\dipal\.m2\repository\com\github\docker-java\docker-java-transport\3.3.5\docker-java-transport-3.3.5.jar;C:\Users\dipal\.m2\repository\net\java\dev\jna\jna\5.13.0\jna-5.13.0.jar;C:\Users\dipal\.m2\repository\org\brotli\dec\0.1.2\dec-0.1.2.jar;C:\Users\dipal\.m2\repository\org\apache\commons\commons-lang3\3.14.0\commons-lang3-3.14.0.jar;C:\Users\dipal\.m2\repository\org\apache\httpcomponents\client5\httpclient5\5.2.1\httpclient5-5.2.1.jar;C:\Users\dipal\.m2\repository\org\apache\httpcomponents\core5\httpcore5\5.2\httpcore5-5.2.jar;C:\Users\dipal\.m2\repository\org\apache\httpcomponents\core5\httpcore5-h2\5.2\httpcore5-h2-5.2.jar;C:\Users\dipal\.m2\repository\org\apache\logging\log4j\log4j-api\2.17.2\log4j-api-2.17.2.jar;C:\Users\dipal\.m2\repository\org\apache\logging\log4j\log4j-core\2.17.2\log4j-core-2.17.2.jar;C:\Users\dipal\.m2\repository\org\freemarker\freemarker\2.3.30\freemarker-2.3.30.jar;C:\Users\dipal\.m2\repository\com\aventstack\extentreports\5.1.0\extentreports-5.1.0.jar;C:\Users\dipal\.m2\repository\io\reactivex\rxjava3\rxjava\3.1.6\rxjava-3.1.6.jar;C:\Users\dipal\.m2\repository\org\reactivestreams\reactive-streams\1.0.4\reactive-streams-1.0.4.jar;C:\Users\dipal\.m2\repository\org\testng\testng\7.8.0\testng-7.8.0.jar;C:\Users\dipal\.m2\repository\com\beust\jcommander\1.82\jcommander-1.82.jar;C:\Users\dipal\.m2\repository\org\webjars\jquery\3.6.1\jquery-3.6.1.jar;C:\Users\dipal\.m2\repository\com\google\guava\guava\32.0.1-jre\guava-32.0.1-jre.jar;C:\Users\dipal\.m2\repository\com\google\guava\failureaccess\1.0.1\failureaccess-1.0.1.jar;C:\Users\dipal\.m2\repository\com\google\guava\listenablefuture\9999.0-empty-to-avoid-conflict-with-guava\listenablefuture-9999.0-empty-to-avoid-conflict-with-guava.jar;C:\Users\dipal\.m2\repository\com\google\code\findbugs\jsr305\3.0.2\jsr305-3.0.2.jar;C:\Users\dipal\.m2\repository\org\checkerframework\checker-qual\3.33.0\checker-qual-3.33.0.jar;C:\Users\dipal\.m2\repository\com\google\errorprone\error_prone_annotations\2.18.0\error_prone_annotations-2.18.0.jar;C:\Users\dipal\.m2\repository\com\google\j2objc\j2objc-annotations\2.8\j2objc-annotations-2.8.jar;C:\Users\dipal\.m2\repository\org\projectlombok\lombok\1.18.24\lombok-1.18.24.jar;C:\Users\dipal\.m2\repository\org\slf4j\slf4j-api\1.7.32\slf4j-api-1.7.32.jar;C:\Users\dipal\.m2\repository\ch\qos\logback\logback-classic\1.2.10\logback-classic-1.2.10.jar;C:\Users\dipal\.m2\repository\ch\qos\logback\logback-core\1.2.10\logback-core-1.2.10.jar;"/>
    <property name="sun.cpu.endian" value="little"/>
    <property name="user.home" value="C:\Users\dipal"/>
    <property name="user.language" value="en"/>
    <property name="java.specification.vendor" value="Oracle Corporation"/>
    <property name="java.version.date" value="2023-01-17"/>
    <property name="java.home" value="C:\Program Files\Java\jdk-17"/>
    <property name="file.separator" value="\"/>
    <property name="basedir" value="D:\Automation Project\bookingzoneadmin"/>
    <property name="java.vm.compressedOopsMode" value="32-bit"/>
    <property name="line.separator" value="&#10;"/>
    <property name="java.vm.specification.vendor" value="Oracle Corporation"/>
    <property name="java.specification.name" value="Java Platform API Specification"/>
    <property name="surefire.real.class.path" value="C:\Users\dipal\AppData\Local\Temp\surefire15751899184715966520\surefirebooter-20250413090550171_3.jar"/>
    <property name="user.script" value=""/>
    <property name="sun.management.compiler" value="HotSpot 64-Bit Tiered Compilers"/>
    <property name="java.runtime.version" value="17.0.6+9-LTS-190"/>
    <property name="user.name" value="dipali"/>
    <property name="path.separator" value=";"/>
    <property name="os.version" value="10.0"/>
    <property name="java.runtime.name" value="Java(TM) SE Runtime Environment"/>
    <property name="file.encoding" value="Cp1252"/>
    <property name="java.vm.name" value="Java HotSpot(TM) 64-Bit Server VM"/>
    <property name="localRepository" value="C:\Users\dipal\.m2\repository"/>
    <property name="java.vendor.url.bug" value="https://bugreport.java.com/bugreport/"/>
    <property name="java.io.tmpdir" value="C:\Users\dipal\AppData\Local\Temp\"/>
    <property name="java.version" value="17.0.6"/>
    <property name="user.dir" value="D:\Automation Project\bookingzoneadmin"/>
    <property name="os.arch" value="amd64"/>
    <property name="java.vm.specification.name" value="Java Virtual Machine Specification"/>
    <property name="sun.os.patch.level" value=""/>
    <property name="native.encoding" value="Cp1252"/>
    <property name="java.library.path" value="C:\Program Files\Java\jdk-17\bin;C:\WINDOWS\Sun\Java\bin;C:\WINDOWS\system32;C:\WINDOWS;C:\Program Files\Common Files\Oracle\Java\javapath;C:\WINDOWS\system32;C:\WINDOWS;C:\WINDOWS\System32\Wbem;C:\WINDOWS\System32\WindowsPowerShell\v1.0\;C:\WINDOWS\System32\OpenSSH\;C:\apache-maven-3.9.1-bin\apache-maven-3.9.1\bin;C:\apache-maven-3.9.1-bin\apache-maven-3.9.1\\bin;C:\apache-maven-3.9.1-bin\apache-maven-3.9.1\;C:\allure-2.23.1\bin;C:\Program Files (x86)\nodejs;C:\users\dipal\AppData\Local\Android\sdk\plateform-tools;C:\users\dipal\AppData\Local\Android\sdk\tools;C:\users\dipal\AppData\Local\Android\sdk\build-tools;C:\Program Files\Android\Android Studio\bin;C:\Program Files\Java\jdk-17\bin;C:\Program Files\Java\jdk-17\bin;C:\Users\dipal\AppData\Local\Microsoft\WindowsApps;;D:\Installation\Microsoft VS Code\bin;C:\Users\dipal\AppData\Roaming\npm;c:\Users\dipal\AppData\Roaming\Code\User\globalStorage\github.copilot-chat\debugCommand;."/>
    <property name="java.vm.info" value="mixed mode, sharing"/>
    <property name="java.vendor" value="Oracle Corporation"/>
    <property name="java.vm.version" value="17.0.6+9-LTS-190"/>
    <property name="sun.io.unicode.encoding" value="UnicodeLittle"/>
    <property name="java.class.version" value="61.0"/>
  </properties>
  <testcase name="testCreatePackageSessionPlan" classname="com.bookingzoneadmin.createplans.tests.TC001_CreatePackageSessionPlan" time="80.042">
    <failure message="Test case failed due to exception: Expected condition failed: waiting for element to be clickable: Proxy element for: DefaultElementLocator &apos;By.xpath: //select[@name=&apos;schedules.0.venueDetail.0.serviceCategory&apos;]&apos; (tried for 30 second(s) with 500 milliseconds interval)" type="java.lang.AssertionError"><![CDATA[java.lang.AssertionError: Test case failed due to exception: Expected condition failed: waiting for element to be clickable: Proxy element for: DefaultElementLocator 'By.xpath: //select[@name='schedules.0.venueDetail.0.serviceCategory']' (tried for 30 second(s) with 500 milliseconds interval)
	at org.testng.Assert.fail(Assert.java:111)
	at com.bookingzoneadmin.createplans.tests.TC001_CreatePackageSessionPlan.handleException(TC001_CreatePackageSessionPlan.java:243)
	at com.bookingzoneadmin.createplans.tests.TC001_CreatePackageSessionPlan.testCreatePackageSessionPlan(TC001_CreatePackageSessionPlan.java:175)
	at java.base/jdk.internal.reflect.NativeMethodAccessorImpl.invoke0(Native Method)
	at java.base/jdk.internal.reflect.NativeMethodAccessorImpl.invoke(NativeMethodAccessorImpl.java:77)
	at java.base/jdk.internal.reflect.DelegatingMethodAccessorImpl.invoke(DelegatingMethodAccessorImpl.java:43)
	at java.base/java.lang.reflect.Method.invoke(Method.java:568)
	at org.testng.internal.invokers.MethodInvocationHelper.invokeMethod(MethodInvocationHelper.java:139)
	at org.testng.internal.invokers.TestInvoker.invokeMethod(TestInvoker.java:664)
	at org.testng.internal.invokers.TestInvoker.invokeTestMethod(TestInvoker.java:227)
	at org.testng.internal.invokers.MethodRunner.runInSequence(MethodRunner.java:50)
	at org.testng.internal.invokers.TestInvoker$MethodInvocationAgent.invoke(TestInvoker.java:957)
	at org.testng.internal.invokers.TestInvoker.invokeTestMethods(TestInvoker.java:200)
	at org.testng.internal.invokers.TestMethodWorker.invokeTestMethods(TestMethodWorker.java:148)
	at org.testng.internal.invokers.TestMethodWorker.run(TestMethodWorker.java:128)
	at java.base/java.util.ArrayList.forEach(ArrayList.java:1511)
	at org.testng.TestRunner.privateRun(TestRunner.java:848)
	at org.testng.TestRunner.run(TestRunner.java:621)
	at org.testng.SuiteRunner.runTest(SuiteRunner.java:443)
	at org.testng.SuiteRunner.runSequentially(SuiteRunner.java:437)
	at org.testng.SuiteRunner.privateRun(SuiteRunner.java:397)
	at org.testng.SuiteRunner.run(SuiteRunner.java:336)
	at org.testng.SuiteRunnerWorker.runSuite(SuiteRunnerWorker.java:52)
	at org.testng.SuiteRunnerWorker.run(SuiteRunnerWorker.java:95)
	at org.testng.TestNG.runSuitesSequentially(TestNG.java:1280)
	at org.testng.TestNG.runSuitesLocally(TestNG.java:1200)
	at org.testng.TestNG.runSuites(TestNG.java:1114)
	at org.testng.TestNG.run(TestNG.java:1082)
	at org.apache.maven.surefire.testng.TestNGExecutor.run(TestNGExecutor.java:324)
	at org.apache.maven.surefire.testng.TestNGXmlTestSuite.execute(TestNGXmlTestSuite.java:74)
	at org.apache.maven.surefire.testng.TestNGProvider.invoke(TestNGProvider.java:123)
	at org.apache.maven.surefire.booter.ForkedBooter.runSuitesInProcess(ForkedBooter.java:456)
	at org.apache.maven.surefire.booter.ForkedBooter.execute(ForkedBooter.java:169)
	at org.apache.maven.surefire.booter.ForkedBooter.run(ForkedBooter.java:595)
	at org.apache.maven.surefire.booter.ForkedBooter.main(ForkedBooter.java:581)
]]></failure>
    <system-out><![CDATA[09:05:50.762 [main] DEBUG org.testng.TestNG - suiteXmlPath: "D:\Automation Project\bookingzoneadmin\testng-suites\Create_Plans_TestSuite.xml"
09:05:50.806 [main] INFO org.testng.internal.Utils - [XmlSuite] [WARN] 'parallel' value 'false' is no longer valid, defaulting to 'none'.
...
... TestNG 7.8.0 by Cédric Beust (cedric@beust.com)
...

09:05:51.625 [main] DEBUG io.github.bonigarcia.wdm.WebDriverManager - Using WebDriverManager 5.7.0
09:05:51.822 [main] DEBUG io.github.bonigarcia.wdm.cache.ResolutionCache - Resolution chrome=135 in cache (valid until 10:00:12 13/04/2025 GMT-04:00)
09:05:51.822 [main] DEBUG io.github.bonigarcia.wdm.cache.ResolutionCache - Resolution chrome135=135.0.7049.84 in cache (valid until 09:00:12 14/04/2025 GMT-04:00)
09:05:51.823 [main] INFO io.github.bonigarcia.wdm.WebDriverManager - Using chromedriver 135.0.7049.84 (resolved driver for Chrome 135)
09:05:51.840 [main] DEBUG io.github.bonigarcia.wdm.WebDriverManager - Driver chromedriver 135.0.7049.84 found in cache
09:05:51.840 [main] INFO io.github.bonigarcia.wdm.WebDriverManager - Exporting webdriver.chrome.driver as C:\Users\dipal\.cache\selenium\chromedriver\win64\135.0.7049.84\chromedriver.exe
Header cell value: 'Bussiness URL'
Header cell value: 'Business Name '
Header cell value: 'First Name'
Header cell value: 'Last Name'
Header cell value: 'Email'
Header cell value: 'Business Name '
Header cell value: 'First Name'
Header cell value: 'Last Name'
Header cell value: 'Email'
Header cell value: 'Flat No'
Header cell value: 'City'
Header cell value: 'Country'
Header cell value: 'State'
Header cell value: 'Zip'
Header cell value: 'Bussiness Password'
Header cell value: 'Plan Name'
Header cell value: 'Plan Name'
Header cell value: 'URL /Path of Img'
Header cell value: 'Plan Name'
Header cell value: 'URL /Path of Img'
Header cell value: 'MinTimeInAdvanced'
Header cell value: 'Plan Name'
Header cell value: 'URL /Path of Img'
Header cell value: 'MinTimeInAdvanced'
Header cell value: 'MaxTimeInAdvanced'
Header cell value: 'Plan Name'
Header cell value: 'URL /Path of Img'
Header cell value: 'MinTimeInAdvanced'
Header cell value: 'MaxTimeInAdvanced'
Header cell value: 'MinGuestAllowed'
Header cell value: 'From'
Header cell value: 'Plan Name'
Header cell value: 'URL /Path of Img'
Header cell value: 'MinTimeInAdvanced'
Header cell value: 'MaxTimeInAdvanced'
Header cell value: 'MinGuestAllowed'
Header cell value: 'From'
Header cell value: 'To'
Header cell value: 'Plan Name'
Header cell value: 'URL /Path of Img'
Header cell value: 'MinTimeInAdvanced'
Header cell value: 'MaxTimeInAdvanced'
Header cell value: 'MinGuestAllowed'
Header cell value: 'From'
Header cell value: 'To'
Header cell value: 'MaxGuestPerSlot'
Header cell value: 'Plan Name'
Header cell value: 'URL /Path of Img'
Header cell value: 'MinTimeInAdvanced'
Header cell value: 'MaxTimeInAdvanced'
Header cell value: 'MinGuestAllowed'
Header cell value: 'From'
Header cell value: 'To'
Header cell value: 'MaxGuestPerSlot'
Header cell value: 'GuestPerPackage'
Header cell value: 'Plan Name'
Header cell value: 'URL /Path of Img'
Header cell value: 'MinTimeInAdvanced'
Header cell value: 'MaxTimeInAdvanced'
Header cell value: 'MinGuestAllowed'
Header cell value: 'From'
Header cell value: 'To'
Header cell value: 'MaxGuestPerSlot'
Header cell value: 'GuestPerPackage'
Header cell value: 'MaxPackages/Event Allowed'
Header cell value: 'Plan Name'
Header cell value: 'URL /Path of Img'
Header cell value: 'MinTimeInAdvanced'
Header cell value: 'MaxTimeInAdvanced'
Header cell value: 'MinGuestAllowed'
Header cell value: 'From'
Header cell value: 'To'
Header cell value: 'MaxGuestPerSlot'
Header cell value: 'GuestPerPackage'
Header cell value: 'MaxPackages/Event Allowed'
Header cell value: 'MaxGuestsAllowed'
Header cell value: 'Plan Name'
Header cell value: 'URL /Path of Img'
Header cell value: 'MinTimeInAdvanced'
Header cell value: 'MaxTimeInAdvanced'
Header cell value: 'MinGuestAllowed'
Header cell value: 'From'
Header cell value: 'To'
Header cell value: 'MaxGuestPerSlot'
Header cell value: 'GuestPerPackage'
Header cell value: 'MaxPackages/Event Allowed'
Header cell value: 'MaxGuestsAllowed'
Header cell value: 'PurchaseItemsName'
Header cell value: 'Plan Name'
Header cell value: 'URL /Path of Img'
Header cell value: 'MinTimeInAdvanced'
Header cell value: 'MaxTimeInAdvanced'
Header cell value: 'MinGuestAllowed'
Header cell value: 'From'
Header cell value: 'To'
Header cell value: 'MaxGuestPerSlot'
Header cell value: 'GuestPerPackage'
Header cell value: 'MaxPackages/Event Allowed'
Header cell value: 'MaxGuestsAllowed'
Header cell value: 'PurchaseItemsName'
Header cell value: 'PurchaseItemsprice'
Header cell value: 'Plan Name'
Header cell value: 'URL /Path of Img'
Header cell value: 'MinTimeInAdvanced'
Header cell value: 'MaxTimeInAdvanced'
Header cell value: 'MinGuestAllowed'
Header cell value: 'From'
Header cell value: 'To'
Header cell value: 'MaxGuestPerSlot'
Header cell value: 'GuestPerPackage'
Header cell value: 'MaxPackages/Event Allowed'
Header cell value: 'MaxGuestsAllowed'
Header cell value: 'PurchaseItemsName'
Header cell value: 'PurchaseItemsprice'
Header cell value: 'PurchaseItemSaleTax'
Header cell value: 'Plan Name'
Header cell value: 'URL /Path of Img'
Header cell value: 'MinTimeInAdvanced'
Header cell value: 'MaxTimeInAdvanced'
Header cell value: 'MinGuestAllowed'
Header cell value: 'From'
Header cell value: 'To'
Header cell value: 'MaxGuestPerSlot'
Header cell value: 'GuestPerPackage'
Header cell value: 'MaxPackages/Event Allowed'
Header cell value: 'MaxGuestsAllowed'
Header cell value: 'PurchaseItemsName'
Header cell value: 'PurchaseItemsprice'
Header cell value: 'PurchaseItemSaleTax'
Header cell value: 'PurchaseItemTimeFrame'
Header cell value: 'Plan Name'
Header cell value: 'URL /Path of Img'
Header cell value: 'MinTimeInAdvanced'
Header cell value: 'MaxTimeInAdvanced'
Header cell value: 'MinGuestAllowed'
Header cell value: 'From'
Header cell value: 'To'
Header cell value: 'MaxGuestPerSlot'
Header cell value: 'GuestPerPackage'
Header cell value: 'MaxPackages/Event Allowed'
Header cell value: 'MaxGuestsAllowed'
Header cell value: 'PurchaseItemsName'
Header cell value: 'PurchaseItemsprice'
Header cell value: 'PurchaseItemSaleTax'
Header cell value: 'PurchaseItemTimeFrame'
Header cell value: 'SlotNo1'
Header cell value: 'SlotNo2'
Header cell value: 'Slot1StartTimehour'
Header cell value: 'Plan Name'
Header cell value: 'URL /Path of Img'
Header cell value: 'MinTimeInAdvanced'
Header cell value: 'MaxTimeInAdvanced'
Header cell value: 'MinGuestAllowed'
Header cell value: 'From'
Header cell value: 'To'
Header cell value: 'MaxGuestPerSlot'
Header cell value: 'GuestPerPackage'
Header cell value: 'MaxPackages/Event Allowed'
Header cell value: 'MaxGuestsAllowed'
Header cell value: 'PurchaseItemsName'
Header cell value: 'PurchaseItemsprice'
Header cell value: 'PurchaseItemSaleTax'
Header cell value: 'PurchaseItemTimeFrame'
Header cell value: 'SlotNo1'
Header cell value: 'SlotNo2'
Header cell value: 'Slot1StartTimehour'
Header cell value: 'StartMinute'
Header cell value: 'Plan Name'
Header cell value: 'URL /Path of Img'
Header cell value: 'MinTimeInAdvanced'
Header cell value: 'MaxTimeInAdvanced'
Header cell value: 'MinGuestAllowed'
Header cell value: 'From'
Header cell value: 'To'
Header cell value: 'MaxGuestPerSlot'
Header cell value: 'GuestPerPackage'
Header cell value: 'MaxPackages/Event Allowed'
Header cell value: 'MaxGuestsAllowed'
Header cell value: 'PurchaseItemsName'
Header cell value: 'PurchaseItemsprice'
Header cell value: 'PurchaseItemSaleTax'
Header cell value: 'PurchaseItemTimeFrame'
Header cell value: 'SlotNo1'
Header cell value: 'SlotNo2'
Header cell value: 'Slot1StartTimehour'
Header cell value: 'StartMinute'
Header cell value: 'EndMinute'
Header cell value: 'StartTimeAMPM'
Header cell value: 'Plan Name'
Header cell value: 'URL /Path of Img'
Header cell value: 'MinTimeInAdvanced'
Header cell value: 'MaxTimeInAdvanced'
Header cell value: 'MinGuestAllowed'
Header cell value: 'From'
Header cell value: 'To'
Header cell value: 'MaxGuestPerSlot'
Header cell value: 'GuestPerPackage'
Header cell value: 'MaxPackages/Event Allowed'
Header cell value: 'MaxGuestsAllowed'
Header cell value: 'PurchaseItemsName'
Header cell value: 'PurchaseItemsprice'
Header cell value: 'PurchaseItemSaleTax'
Header cell value: 'PurchaseItemTimeFrame'
Header cell value: 'SlotNo1'
Header cell value: 'SlotNo2'
Header cell value: 'Slot1StartTimehour'
Header cell value: 'StartMinute'
Header cell value: 'EndMinute'
Header cell value: 'StartTimeAMPM'
Header cell value: 'EndTimeAMPM'
Header cell value: 'Slot1EndTimehour'
Header cell value: 'Plan Name'
Header cell value: 'URL /Path of Img'
Header cell value: 'MinTimeInAdvanced'
Header cell value: 'MaxTimeInAdvanced'
Header cell value: 'MinGuestAllowed'
Header cell value: 'From'
Header cell value: 'To'
Header cell value: 'MaxGuestPerSlot'
Header cell value: 'GuestPerPackage'
Header cell value: 'MaxPackages/Event Allowed'
Header cell value: 'MaxGuestsAllowed'
Header cell value: 'PurchaseItemsName'
Header cell value: 'PurchaseItemsprice'
Header cell value: 'PurchaseItemSaleTax'
Header cell value: 'PurchaseItemTimeFrame'
Header cell value: 'SlotNo1'
Header cell value: 'SlotNo2'
Header cell value: 'Slot1StartTimehour'
Header cell value: 'StartMinute'
Header cell value: 'EndMinute'
Header cell value: 'Plan Name'
Header cell value: 'URL /Path of Img'
Header cell value: 'MinTimeInAdvanced'
Header cell value: 'MaxTimeInAdvanced'
Header cell value: 'MinGuestAllowed'
Header cell value: 'From'
Header cell value: 'To'
Header cell value: 'MaxGuestPerSlot'
Header cell value: 'GuestPerPackage'
Header cell value: 'MaxPackages/Event Allowed'
Header cell value: 'MaxGuestsAllowed'
Header cell value: 'PurchaseItemsName'
Header cell value: 'PurchaseItemsprice'
Header cell value: 'PurchaseItemSaleTax'
Header cell value: 'PurchaseItemTimeFrame'
Header cell value: 'SlotNo1'
Header cell value: 'SlotNo2'
Header cell value: 'Slot1StartTimehour'
Header cell value: 'StartMinute'
Header cell value: 'EndMinute'
Header cell value: 'StartTimeAMPM'
Header cell value: 'EndTimeAMPM'
Header cell value: 'Plan Name'
Header cell value: 'URL /Path of Img'
Header cell value: 'MinTimeInAdvanced'
Header cell value: 'MaxTimeInAdvanced'
Header cell value: 'MinGuestAllowed'
Header cell value: 'From'
Header cell value: 'To'
Header cell value: 'MaxGuestPerSlot'
Header cell value: 'GuestPerPackage'
Header cell value: 'MaxPackages/Event Allowed'
Header cell value: 'MaxGuestsAllowed'
Header cell value: 'PurchaseItemsName'
Header cell value: 'PurchaseItemsprice'
Header cell value: 'PurchaseItemSaleTax'
Header cell value: 'PurchaseItemTimeFrame'
Header cell value: 'SlotNo1'
Header cell value: 'SlotNo2'
Header cell value: 'Slot1StartTimehour'
Header cell value: 'StartMinute'
Header cell value: 'EndMinute'
Header cell value: 'StartTimeAMPM'
Header cell value: 'EndTimeAMPM'
Header cell value: 'Slot1EndTimehour'
Header cell value: 'PackageSlot1/Person/guest/slot/Event  price'
Header cell value: 'packageSlot1/Person/guest/slot SaleTax'
Header cell value: 'AdditionalGuestSlot1Price'
Header cell value: 'AdditonalGuestSlot1SaleTax'
Header cell value: 'Slot2StartTimehour'
Header cell value: 'Plan Name'
Header cell value: 'URL /Path of Img'
Header cell value: 'MinTimeInAdvanced'
Header cell value: 'MaxTimeInAdvanced'
Header cell value: 'MinGuestAllowed'
Header cell value: 'From'
Header cell value: 'To'
Header cell value: 'MaxGuestPerSlot'
Header cell value: 'GuestPerPackage'
Header cell value: 'MaxPackages/Event Allowed'
Header cell value: 'MaxGuestsAllowed'
Header cell value: 'PurchaseItemsName'
Header cell value: 'PurchaseItemsprice'
Header cell value: 'PurchaseItemSaleTax'
Header cell value: 'PurchaseItemTimeFrame'
Header cell value: 'SlotNo1'
Header cell value: 'SlotNo2'
Header cell value: 'Slot1StartTimehour'
Header cell value: 'StartMinute'
Header cell value: 'Plan Name'
Header cell value: 'URL /Path of Img'
Header cell value: 'MinTimeInAdvanced'
Header cell value: 'MaxTimeInAdvanced'
Header cell value: 'MinGuestAllowed'
Header cell value: 'From'
Header cell value: 'To'
Header cell value: 'MaxGuestPerSlot'
Header cell value: 'GuestPerPackage'
Header cell value: 'MaxPackages/Event Allowed'
Header cell value: 'MaxGuestsAllowed'
Header cell value: 'PurchaseItemsName'
Header cell value: 'PurchaseItemsprice'
Header cell value: 'PurchaseItemSaleTax'
Header cell value: 'PurchaseItemTimeFrame'
Header cell value: 'SlotNo1'
Header cell value: 'SlotNo2'
Header cell value: 'Slot1StartTimehour'
Header cell value: 'StartMinute'
Header cell value: 'EndMinute'
Header cell value: 'StartTimeAMPM'
Header cell value: 'Plan Name'
Header cell value: 'URL /Path of Img'
Header cell value: 'MinTimeInAdvanced'
Header cell value: 'MaxTimeInAdvanced'
Header cell value: 'MinGuestAllowed'
Header cell value: 'From'
Header cell value: 'To'
Header cell value: 'MaxGuestPerSlot'
Header cell value: 'GuestPerPackage'
Header cell value: 'MaxPackages/Event Allowed'
Header cell value: 'MaxGuestsAllowed'
Header cell value: 'PurchaseItemsName'
Header cell value: 'PurchaseItemsprice'
Header cell value: 'PurchaseItemSaleTax'
Header cell value: 'PurchaseItemTimeFrame'
Header cell value: 'SlotNo1'
Header cell value: 'SlotNo2'
Header cell value: 'Slot1StartTimehour'
Header cell value: 'StartMinute'
Header cell value: 'EndMinute'
Header cell value: 'StartTimeAMPM'
Header cell value: 'EndTimeAMPM'
Header cell value: 'Slot1EndTimehour'
Header cell value: 'PackageSlot1/Person/guest/slot/Event  price'
Header cell value: 'packageSlot1/Person/guest/slot SaleTax'
Header cell value: 'AdditionalGuestSlot1Price'
Header cell value: 'AdditonalGuestSlot1SaleTax'
Header cell value: 'Slot2StartTimehour'
Header cell value: 'Slot2EndTimehour'
Header cell value: 'Plan Name'
Header cell value: 'URL /Path of Img'
Header cell value: 'MinTimeInAdvanced'
Header cell value: 'MaxTimeInAdvanced'
Header cell value: 'MinGuestAllowed'
Header cell value: 'From'
Header cell value: 'To'
Header cell value: 'MaxGuestPerSlot'
Header cell value: 'GuestPerPackage'
Header cell value: 'MaxPackages/Event Allowed'
Header cell value: 'MaxGuestsAllowed'
Header cell value: 'PurchaseItemsName'
Header cell value: 'PurchaseItemsprice'
Header cell value: 'PurchaseItemSaleTax'
Header cell value: 'PurchaseItemTimeFrame'
Header cell value: 'SlotNo1'
Header cell value: 'SlotNo2'
Header cell value: 'Slot1StartTimehour'
Header cell value: 'StartMinute'
Header cell value: 'EndMinute'
Header cell value: 'Plan Name'
Header cell value: 'URL /Path of Img'
Header cell value: 'MinTimeInAdvanced'
Header cell value: 'MaxTimeInAdvanced'
Header cell value: 'MinGuestAllowed'
Header cell value: 'From'
Header cell value: 'To'
Header cell value: 'MaxGuestPerSlot'
Header cell value: 'GuestPerPackage'
Header cell value: 'MaxPackages/Event Allowed'
Header cell value: 'MaxGuestsAllowed'
Header cell value: 'PurchaseItemsName'
Header cell value: 'PurchaseItemsprice'
Header cell value: 'PurchaseItemSaleTax'
Header cell value: 'PurchaseItemTimeFrame'
Header cell value: 'SlotNo1'
Header cell value: 'SlotNo2'
Header cell value: 'Slot1StartTimehour'
Header cell value: 'StartMinute'
Header cell value: 'EndMinute'
Header cell value: 'StartTimeAMPM'
Header cell value: 'EndTimeAMPM'
Header cell value: 'Plan Name'
Header cell value: 'URL /Path of Img'
Header cell value: 'MinTimeInAdvanced'
Header cell value: 'MaxTimeInAdvanced'
Header cell value: 'MinGuestAllowed'
Header cell value: 'From'
Header cell value: 'To'
Header cell value: 'MaxGuestPerSlot'
Header cell value: 'GuestPerPackage'
Header cell value: 'MaxPackages/Event Allowed'
Header cell value: 'MaxGuestsAllowed'
Header cell value: 'PurchaseItemsName'
Header cell value: 'PurchaseItemsprice'
Header cell value: 'PurchaseItemSaleTax'
Header cell value: 'PurchaseItemTimeFrame'
Header cell value: 'SlotNo1'
Header cell value: 'SlotNo2'
Header cell value: 'Slot1StartTimehour'
Header cell value: 'StartMinute'
Header cell value: 'EndMinute'
Header cell value: 'StartTimeAMPM'
Header cell value: 'EndTimeAMPM'
Header cell value: 'Slot1EndTimehour'
Header cell value: 'PackageSlot1/Person/guest/slot/Event  price'
Header cell value: 'Plan Name'
Header cell value: 'URL /Path of Img'
Header cell value: 'MinTimeInAdvanced'
Header cell value: 'MaxTimeInAdvanced'
Header cell value: 'MinGuestAllowed'
Header cell value: 'From'
Header cell value: 'To'
Header cell value: 'MaxGuestPerSlot'
Header cell value: 'GuestPerPackage'
Header cell value: 'MaxPackages/Event Allowed'
Header cell value: 'MaxGuestsAllowed'
Header cell value: 'PurchaseItemsName'
Header cell value: 'PurchaseItemsprice'
Header cell value: 'PurchaseItemSaleTax'
Header cell value: 'PurchaseItemTimeFrame'
Header cell value: 'SlotNo1'
Header cell value: 'SlotNo2'
Header cell value: 'Slot1StartTimehour'
Header cell value: 'StartMinute'
Header cell value: 'EndMinute'
Header cell value: 'StartTimeAMPM'
Header cell value: 'EndTimeAMPM'
Header cell value: 'Slot1EndTimehour'
Header cell value: 'PackageSlot1/Person/guest/slot/Event  price'
Header cell value: 'packageSlot1/Person/guest/slot SaleTax'
Header cell value: 'AdditionalGuestSlot1Price'
Header cell value: 'Plan Name'
Header cell value: 'URL /Path of Img'
Header cell value: 'MinTimeInAdvanced'
Header cell value: 'MaxTimeInAdvanced'
Header cell value: 'MinGuestAllowed'
Header cell value: 'From'
Header cell value: 'To'
Header cell value: 'MaxGuestPerSlot'
Header cell value: 'GuestPerPackage'
Header cell value: 'MaxPackages/Event Allowed'
Header cell value: 'MaxGuestsAllowed'
Header cell value: 'PurchaseItemsName'
Header cell value: 'PurchaseItemsprice'
Header cell value: 'PurchaseItemSaleTax'
Header cell value: 'PurchaseItemTimeFrame'
Header cell value: 'SlotNo1'
Header cell value: 'SlotNo2'
Header cell value: 'Slot1StartTimehour'
Header cell value: 'StartMinute'
Header cell value: 'EndMinute'
Header cell value: 'StartTimeAMPM'
Header cell value: 'EndTimeAMPM'
Header cell value: 'Slot1EndTimehour'
Header cell value: 'PackageSlot1/Person/guest/slot/Event  price'
Header cell value: 'packageSlot1/Person/guest/slot SaleTax'
Header cell value: 'Plan Name'
Header cell value: 'URL /Path of Img'
Header cell value: 'MinTimeInAdvanced'
Header cell value: 'MaxTimeInAdvanced'
Header cell value: 'MinGuestAllowed'
Header cell value: 'From'
Header cell value: 'To'
Header cell value: 'MaxGuestPerSlot'
Header cell value: 'GuestPerPackage'
Header cell value: 'MaxPackages/Event Allowed'
Header cell value: 'MaxGuestsAllowed'
Header cell value: 'PurchaseItemsName'
Header cell value: 'PurchaseItemsprice'
Header cell value: 'PurchaseItemSaleTax'
Header cell value: 'PurchaseItemTimeFrame'
Header cell value: 'SlotNo1'
Header cell value: 'SlotNo2'
Header cell value: 'Slot1StartTimehour'
Header cell value: 'StartMinute'
Header cell value: 'EndMinute'
Header cell value: 'StartTimeAMPM'
Header cell value: 'EndTimeAMPM'
Header cell value: 'Slot1EndTimehour'
Header cell value: 'PackageSlot1/Person/guest/slot/Event  price'
Header cell value: 'packageSlot1/Person/guest/slot SaleTax'
Header cell value: 'AdditionalGuestSlot1Price'
Header cell value: 'AdditonalGuestSlot1SaleTax'
Header cell value: 'Plan Name'
Header cell value: 'URL /Path of Img'
Header cell value: 'MinTimeInAdvanced'
Header cell value: 'MaxTimeInAdvanced'
Header cell value: 'MinGuestAllowed'
Header cell value: 'From'
Header cell value: 'To'
Header cell value: 'MaxGuestPerSlot'
Header cell value: 'GuestPerPackage'
Header cell value: 'MaxPackages/Event Allowed'
Header cell value: 'MaxGuestsAllowed'
Header cell value: 'PurchaseItemsName'
Header cell value: 'PurchaseItemsprice'
Header cell value: 'PurchaseItemSaleTax'
Header cell value: 'PurchaseItemTimeFrame'
Header cell value: 'SlotNo1'
Header cell value: 'SlotNo2'
Header cell value: 'Slot1StartTimehour'
Header cell value: 'StartMinute'
Header cell value: 'EndMinute'
Header cell value: 'StartTimeAMPM'
Header cell value: 'EndTimeAMPM'
Header cell value: 'Slot1EndTimehour'
Header cell value: 'PackageSlot1/Person/guest/slot/Event  price'
Header cell value: 'packageSlot1/Person/guest/slot SaleTax'
Header cell value: 'AdditionalGuestSlot1Price'
Header cell value: 'AdditonalGuestSlot1SaleTax'
Header cell value: 'Slot2StartTimehour'
Header cell value: 'Slot2EndTimehour'
Header cell value: 'PackageSlot2/Person/guest/slotPrice'
Header cell value: 'Plan Name'
Header cell value: 'URL /Path of Img'
Header cell value: 'MinTimeInAdvanced'
Header cell value: 'MaxTimeInAdvanced'
Header cell value: 'MinGuestAllowed'
Header cell value: 'From'
Header cell value: 'To'
Header cell value: 'MaxGuestPerSlot'
Header cell value: 'GuestPerPackage'
Header cell value: 'MaxPackages/Event Allowed'
Header cell value: 'MaxGuestsAllowed'
Header cell value: 'PurchaseItemsName'
Header cell value: 'PurchaseItemsprice'
Header cell value: 'PurchaseItemSaleTax'
Header cell value: 'PurchaseItemTimeFrame'
Header cell value: 'SlotNo1'
Header cell value: 'SlotNo2'
Header cell value: 'Slot1StartTimehour'
Header cell value: 'StartMinute'
Header cell value: 'EndMinute'
Header cell value: 'StartTimeAMPM'
Header cell value: 'EndTimeAMPM'
Header cell value: 'Slot1EndTimehour'
Header cell value: 'PackageSlot1/Person/guest/slot/Event  price'
Header cell value: 'packageSlot1/Person/guest/slot SaleTax'
Header cell value: 'AdditionalGuestSlot1Price'
Header cell value: 'AdditonalGuestSlot1SaleTax'
Header cell value: 'Slot2StartTimehour'
Header cell value: 'Slot2EndTimehour'
Header cell value: 'PackageSlot2/Person/guest/slotPrice'
Header cell value: 'packageSlot2/Person/guest/slot SaleTax'
Header cell value: 'AdditionalGuestSlot2Price'
Header cell value: 'Plan Name'
Header cell value: 'URL /Path of Img'
Header cell value: 'MinTimeInAdvanced'
Header cell value: 'MaxTimeInAdvanced'
Header cell value: 'MinGuestAllowed'
Header cell value: 'From'
Header cell value: 'To'
Header cell value: 'MaxGuestPerSlot'
Header cell value: 'GuestPerPackage'
Header cell value: 'MaxPackages/Event Allowed'
Header cell value: 'MaxGuestsAllowed'
Header cell value: 'PurchaseItemsName'
Header cell value: 'PurchaseItemsprice'
Header cell value: 'PurchaseItemSaleTax'
Header cell value: 'PurchaseItemTimeFrame'
Header cell value: 'SlotNo1'
Header cell value: 'SlotNo2'
Header cell value: 'Slot1StartTimehour'
Header cell value: 'StartMinute'
Header cell value: 'EndMinute'
Header cell value: 'StartTimeAMPM'
Header cell value: 'EndTimeAMPM'
Header cell value: 'Slot1EndTimehour'
Header cell value: 'PackageSlot1/Person/guest/slot/Event  price'
Header cell value: 'packageSlot1/Person/guest/slot SaleTax'
Header cell value: 'AdditionalGuestSlot1Price'
Header cell value: 'AdditonalGuestSlot1SaleTax'
Header cell value: 'Slot2StartTimehour'
Header cell value: 'Slot2EndTimehour'
Header cell value: 'PackageSlot2/Person/guest/slotPrice'
Header cell value: 'packageSlot2/Person/guest/slot SaleTax'
Header cell value: 'Plan Name'
Header cell value: 'URL /Path of Img'
Header cell value: 'MinTimeInAdvanced'
Header cell value: 'MaxTimeInAdvanced'
Header cell value: 'MinGuestAllowed'
Header cell value: 'From'
Header cell value: 'To'
Header cell value: 'MaxGuestPerSlot'
Header cell value: 'GuestPerPackage'
Header cell value: 'MaxPackages/Event Allowed'
Header cell value: 'MaxGuestsAllowed'
Header cell value: 'PurchaseItemsName'
Header cell value: 'PurchaseItemsprice'
Header cell value: 'PurchaseItemSaleTax'
Header cell value: 'PurchaseItemTimeFrame'
Header cell value: 'SlotNo1'
Header cell value: 'SlotNo2'
Header cell value: 'Slot1StartTimehour'
Header cell value: 'StartMinute'
Header cell value: 'EndMinute'
Header cell value: 'StartTimeAMPM'
Header cell value: 'EndTimeAMPM'
Header cell value: 'Slot1EndTimehour'
Header cell value: 'PackageSlot1/Person/guest/slot/Event  price'
Header cell value: 'packageSlot1/Person/guest/slot SaleTax'
Header cell value: 'AdditionalGuestSlot1Price'
Header cell value: 'AdditonalGuestSlot1SaleTax'
Header cell value: 'Slot2StartTimehour'
Header cell value: 'Slot2EndTimehour'
Header cell value: 'PackageSlot2/Person/guest/slotPrice'
Header cell value: 'packageSlot2/Person/guest/slot SaleTax'
Header cell value: 'AdditionalGuestSlot2Price'
Header cell value: 'AdditonalGuestSlot2SaleTax'
Header cell value: 'Plan Name'
Header cell value: 'URL /Path of Img'
Header cell value: 'MinTimeInAdvanced'
Header cell value: 'MaxTimeInAdvanced'
Header cell value: 'MinGuestAllowed'
Header cell value: 'From'
Header cell value: 'To'
Header cell value: 'MaxGuestPerSlot'
Header cell value: 'GuestPerPackage'
Header cell value: 'MaxPackages/Event Allowed'
Header cell value: 'MaxGuestsAllowed'
Header cell value: 'PurchaseItemsName'
Header cell value: 'PurchaseItemsprice'
Header cell value: 'PurchaseItemSaleTax'
Header cell value: 'PurchaseItemTimeFrame'
Header cell value: 'SlotNo1'
Header cell value: 'SlotNo2'
Header cell value: 'Slot1StartTimehour'
Header cell value: 'StartMinute'
Header cell value: 'EndMinute'
Header cell value: 'StartTimeAMPM'
Header cell value: 'EndTimeAMPM'
Header cell value: 'Slot1EndTimehour'
Header cell value: 'PackageSlot1/Person/guest/slot/Event  price'
Header cell value: 'packageSlot1/Person/guest/slot SaleTax'
Header cell value: 'AdditionalGuestSlot1Price'
Header cell value: 'AdditonalGuestSlot1SaleTax'
Header cell value: 'Slot2StartTimehour'
Header cell value: 'Slot2EndTimehour'
Header cell value: 'PackageSlot2/Person/guest/slotPrice'
Header cell value: 'packageSlot2/Person/guest/slot SaleTax'
Header cell value: 'AdditionalGuestSlot2Price'
Header cell value: 'AdditonalGuestSlot2SaleTax'
Header cell value: 'ProcessingFeeName'
Header cell value: 'ProcessingFeeAmount'
Header cell value: 'Refund Type'
Header cell value: 'Plan Name'
Header cell value: 'URL /Path of Img'
Header cell value: 'MinTimeInAdvanced'
Header cell value: 'MaxTimeInAdvanced'
Header cell value: 'MinGuestAllowed'
Header cell value: 'From'
Header cell value: 'To'
Header cell value: 'MaxGuestPerSlot'
Header cell value: 'GuestPerPackage'
Header cell value: 'MaxPackages/Event Allowed'
Header cell value: 'MaxGuestsAllowed'
Header cell value: 'PurchaseItemsName'
Header cell value: 'PurchaseItemsprice'
Header cell value: 'PurchaseItemSaleTax'
Header cell value: 'PurchaseItemTimeFrame'
Header cell value: 'SlotNo1'
Header cell value: 'SlotNo2'
Header cell value: 'Slot1StartTimehour'
Header cell value: 'StartMinute'
Header cell value: 'EndMinute'
Header cell value: 'StartTimeAMPM'
Header cell value: 'EndTimeAMPM'
Header cell value: 'Slot1EndTimehour'
Header cell value: 'PackageSlot1/Person/guest/slot/Event  price'
Header cell value: 'packageSlot1/Person/guest/slot SaleTax'
Header cell value: 'AdditionalGuestSlot1Price'
Header cell value: 'AdditonalGuestSlot1SaleTax'
Header cell value: 'Slot2StartTimehour'
Header cell value: 'Slot2EndTimehour'
Header cell value: 'PackageSlot2/Person/guest/slotPrice'
Header cell value: 'packageSlot2/Person/guest/slot SaleTax'
Header cell value: 'AdditionalGuestSlot2Price'
Header cell value: 'AdditonalGuestSlot2SaleTax'
Header cell value: 'ProcessingFeeName'
Header cell value: 'ProcessingFeeAmount'
Header cell value: 'Refund Type'
Header cell value: 'Refund Amount'
Header cell value: 'Plan Name'
Header cell value: 'URL /Path of Img'
Header cell value: 'MinTimeInAdvanced'
Header cell value: 'MaxTimeInAdvanced'
Header cell value: 'MinGuestAllowed'
Header cell value: 'From'
Header cell value: 'To'
Header cell value: 'MaxGuestPerSlot'
Header cell value: 'GuestPerPackage'
Header cell value: 'MaxPackages/Event Allowed'
Header cell value: 'MaxGuestsAllowed'
Header cell value: 'PurchaseItemsName'
Header cell value: 'PurchaseItemsprice'
Header cell value: 'PurchaseItemSaleTax'
Header cell value: 'PurchaseItemTimeFrame'
Header cell value: 'SlotNo1'
Header cell value: 'SlotNo2'
Header cell value: 'Slot1StartTimehour'
Header cell value: 'StartMinute'
Header cell value: 'EndMinute'
Header cell value: 'StartTimeAMPM'
Header cell value: 'EndTimeAMPM'
Header cell value: 'Slot1EndTimehour'
Header cell value: 'PackageSlot1/Person/guest/slot/Event  price'
Header cell value: 'packageSlot1/Person/guest/slot SaleTax'
Header cell value: 'AdditionalGuestSlot1Price'
Header cell value: 'AdditonalGuestSlot1SaleTax'
Header cell value: 'Slot2StartTimehour'
Header cell value: 'Slot2EndTimehour'
Header cell value: 'PackageSlot2/Person/guest/slotPrice'
Header cell value: 'packageSlot2/Person/guest/slot SaleTax'
Header cell value: 'AdditionalGuestSlot2Price'
Header cell value: 'AdditonalGuestSlot2SaleTax'
Header cell value: 'ProcessingFeeName'
Header cell value: 'Plan Name'
Header cell value: 'URL /Path of Img'
Header cell value: 'MinTimeInAdvanced'
Header cell value: 'MaxTimeInAdvanced'
Header cell value: 'MinGuestAllowed'
Header cell value: 'From'
Header cell value: 'To'
Header cell value: 'MaxGuestPerSlot'
Header cell value: 'GuestPerPackage'
Header cell value: 'MaxPackages/Event Allowed'
Header cell value: 'MaxGuestsAllowed'
Header cell value: 'PurchaseItemsName'
Header cell value: 'PurchaseItemsprice'
Header cell value: 'PurchaseItemSaleTax'
Header cell value: 'PurchaseItemTimeFrame'
Header cell value: 'SlotNo1'
Header cell value: 'SlotNo2'
Header cell value: 'Slot1StartTimehour'
Header cell value: 'StartMinute'
Header cell value: 'EndMinute'
Header cell value: 'StartTimeAMPM'
Header cell value: 'EndTimeAMPM'
Header cell value: 'Slot1EndTimehour'
Header cell value: 'PackageSlot1/Person/guest/slot/Event  price'
Header cell value: 'packageSlot1/Person/guest/slot SaleTax'
Header cell value: 'AdditionalGuestSlot1Price'
Header cell value: 'AdditonalGuestSlot1SaleTax'
Header cell value: 'Slot2StartTimehour'
Header cell value: 'Slot2EndTimehour'
Header cell value: 'PackageSlot2/Person/guest/slotPrice'
Header cell value: 'packageSlot2/Person/guest/slot SaleTax'
Header cell value: 'AdditionalGuestSlot2Price'
Header cell value: 'AdditonalGuestSlot2SaleTax'
Header cell value: 'ProcessingFeeName'
Header cell value: 'ProcessingFeeAmount'
Header cell value: 'Plan Name'
Header cell value: 'URL /Path of Img'
Header cell value: 'MinTimeInAdvanced'
Header cell value: 'MaxTimeInAdvanced'
Header cell value: 'MinGuestAllowed'
Header cell value: 'From'
Header cell value: 'To'
Header cell value: 'MaxGuestPerSlot'
Header cell value: 'GuestPerPackage'
Header cell value: 'MaxPackages/Event Allowed'
Header cell value: 'MaxGuestsAllowed'
Header cell value: 'PurchaseItemsName'
Header cell value: 'PurchaseItemsprice'
Header cell value: 'PurchaseItemSaleTax'
Header cell value: 'PurchaseItemTimeFrame'
Header cell value: 'SlotNo1'
Header cell value: 'Plan Name'
Header cell value: 'URL /Path of Img'
Header cell value: 'MinTimeInAdvanced'
Header cell value: 'MaxTimeInAdvanced'
Header cell value: 'MinGuestAllowed'
Header cell value: 'From'
Header cell value: 'To'
Header cell value: 'MaxGuestPerSlot'
Header cell value: 'GuestPerPackage'
Header cell value: 'MaxPackages/Event Allowed'
Header cell value: 'MaxGuestsAllowed'
Header cell value: 'PurchaseItemsName'
Header cell value: 'PurchaseItemsprice'
Header cell value: 'PurchaseItemSaleTax'
Header cell value: 'PurchaseItemTimeFrame'
Header cell value: 'SlotNo1'
Header cell value: 'SlotNo2'
Venue Details not added pop-up is not present.
issue cause is :Expected condition failed: waiting for element to be clickable: Proxy element for: DefaultElementLocator 'By.xpath: //select[@name='schedules.0.venueDetail.0.serviceCategory']' (tried for 30 second(s) with 500 milliseconds interval)
]]></system-out>
    <system-err><![CDATA[Apr 13, 2025 9:05:53 AM org.openqa.selenium.devtools.CdpVersionFinder findNearestMatch
WARNING: Unable to find CDP implementation matching 135
Apr 13, 2025 9:05:53 AM org.openqa.selenium.chromium.ChromiumDriver lambda$new$5
WARNING: Unable to find version of CDP to use for 135.0.7049.85. You may need to include a dependency on a specific version of the CDP using something similar to `org.seleniumhq.selenium:selenium-devtools-v86:4.18.1` where the version ("v86") matches the version of the chromium-based browser you're using and the version number of the artifact is the same as Selenium's.
org.openqa.selenium.TimeoutException: Expected condition failed: waiting for element to be clickable: Proxy element for: DefaultElementLocator 'By.xpath: //select[@name='schedules.0.venueDetail.0.serviceCategory']' (tried for 30 second(s) with 500 milliseconds interval)
	at org.openqa.selenium.support.ui.WebDriverWait.timeoutException(WebDriverWait.java:84)
	at org.openqa.selenium.support.ui.FluentWait.until(FluentWait.java:228)
	at com.bookingzoneadmin.pages.CreateBUY_NOWServicePlanPage.selectServiceCategory(CreateBUY_NOWServicePlanPage.java:254)
	at com.bookingzoneadmin.utils.CreatePlansCommonAction.configurePlanDetails(CreatePlansCommonAction.java:68)
	at com.bookingzoneadmin.createplans.tests.TC001_CreatePackageSessionPlan.testCreatePackageSessionPlan(TC001_CreatePackageSessionPlan.java:149)
	at java.base/jdk.internal.reflect.NativeMethodAccessorImpl.invoke0(Native Method)
	at java.base/jdk.internal.reflect.NativeMethodAccessorImpl.invoke(NativeMethodAccessorImpl.java:77)
	at java.base/jdk.internal.reflect.DelegatingMethodAccessorImpl.invoke(DelegatingMethodAccessorImpl.java:43)
	at java.base/java.lang.reflect.Method.invoke(Method.java:568)
	at org.testng.internal.invokers.MethodInvocationHelper.invokeMethod(MethodInvocationHelper.java:139)
	at org.testng.internal.invokers.TestInvoker.invokeMethod(TestInvoker.java:664)
	at org.testng.internal.invokers.TestInvoker.invokeTestMethod(TestInvoker.java:227)
	at org.testng.internal.invokers.MethodRunner.runInSequence(MethodRunner.java:50)
	at org.testng.internal.invokers.TestInvoker$MethodInvocationAgent.invoke(TestInvoker.java:957)
	at org.testng.internal.invokers.TestInvoker.invokeTestMethods(TestInvoker.java:200)
	at org.testng.internal.invokers.TestMethodWorker.invokeTestMethods(TestMethodWorker.java:148)
	at org.testng.internal.invokers.TestMethodWorker.run(TestMethodWorker.java:128)
	at java.base/java.util.ArrayList.forEach(ArrayList.java:1511)
	at org.testng.TestRunner.privateRun(TestRunner.java:848)
	at org.testng.TestRunner.run(TestRunner.java:621)
	at org.testng.SuiteRunner.runTest(SuiteRunner.java:443)
	at org.testng.SuiteRunner.runSequentially(SuiteRunner.java:437)
	at org.testng.SuiteRunner.privateRun(SuiteRunner.java:397)
	at org.testng.SuiteRunner.run(SuiteRunner.java:336)
	at org.testng.SuiteRunnerWorker.runSuite(SuiteRunnerWorker.java:52)
	at org.testng.SuiteRunnerWorker.run(SuiteRunnerWorker.java:95)
	at org.testng.TestNG.runSuitesSequentially(TestNG.java:1280)
	at org.testng.TestNG.runSuitesLocally(TestNG.java:1200)
	at org.testng.TestNG.runSuites(TestNG.java:1114)
	at org.testng.TestNG.run(TestNG.java:1082)
	at org.apache.maven.surefire.testng.TestNGExecutor.run(TestNGExecutor.java:324)
	at org.apache.maven.surefire.testng.TestNGXmlTestSuite.execute(TestNGXmlTestSuite.java:74)
	at org.apache.maven.surefire.testng.TestNGProvider.invoke(TestNGProvider.java:123)
	at org.apache.maven.surefire.booter.ForkedBooter.runSuitesInProcess(ForkedBooter.java:456)
	at org.apache.maven.surefire.booter.ForkedBooter.execute(ForkedBooter.java:169)
	at org.apache.maven.surefire.booter.ForkedBooter.run(ForkedBooter.java:595)
	at org.apache.maven.surefire.booter.ForkedBooter.main(ForkedBooter.java:581)
Caused by: org.openqa.selenium.NoSuchElementException: no such element: Unable to locate element: {"method":"xpath","selector":"//select[@name='schedules.0.venueDetail.0.serviceCategory']"}
  (Session info: chrome=135.0.7049.85)
For documentation on this error, please visit: https://www.selenium.dev/documentation/webdriver/troubleshooting/errors#no-such-element-exception
Build info: version: '4.18.1', revision: 'b1d3319b48'
System info: os.name: 'Windows 11', os.arch: 'amd64', os.version: '10.0', java.version: '17.0.6'
Driver info: org.openqa.selenium.chrome.ChromeDriver
Command: [7b0f7bbe1dbb392aecf0ae1f0f261a63, findElement {value=//select[@name='schedules.0.venueDetail.0.serviceCategory'], using=xpath}]
Capabilities {acceptInsecureCerts: false, browserName: chrome, browserVersion: 135.0.7049.85, chrome: {chromedriverVersion: 135.0.7049.84 (6c019e560019..., userDataDir: C:\Users\dipal\AppData\Loca...}, fedcm:accounts: true, goog:chromeOptions: {debuggerAddress: localhost:50026}, networkConnectionEnabled: false, pageLoadStrategy: normal, platformName: windows, proxy: Proxy(), se:cdp: ws://localhost:50026/devtoo..., se:cdpVersion: 135.0.7049.85, setWindowRect: true, strictFileInteractability: false, timeouts: {implicit: 0, pageLoad: 300000, script: 30000}, unhandledPromptBehavior: dismiss and notify, webauthn:extension:credBlob: true, webauthn:extension:largeBlob: true, webauthn:extension:minPinLength: true, webauthn:extension:prf: true, webauthn:virtualAuthenticators: true}
Session ID: 7b0f7bbe1dbb392aecf0ae1f0f261a63
	at jdk.internal.reflect.GeneratedConstructorAccessor57.newInstance(Unknown Source)
	at java.base/jdk.internal.reflect.DelegatingConstructorAccessorImpl.newInstance(DelegatingConstructorAccessorImpl.java:45)
	at java.base/java.lang.reflect.Constructor.newInstanceWithCaller(Constructor.java:499)
	at java.base/java.lang.reflect.Constructor.newInstance(Constructor.java:480)
	at org.openqa.selenium.remote.ErrorCodec.decode(ErrorCodec.java:167)
	at org.openqa.selenium.remote.codec.w3c.W3CHttpResponseCodec.decode(W3CHttpResponseCodec.java:138)
	at org.openqa.selenium.remote.codec.w3c.W3CHttpResponseCodec.decode(W3CHttpResponseCodec.java:50)
	at org.openqa.selenium.remote.HttpCommandExecutor.execute(HttpCommandExecutor.java:190)
	at org.openqa.selenium.remote.service.DriverCommandExecutor.invokeExecute(DriverCommandExecutor.java:216)
	at org.openqa.selenium.remote.service.DriverCommandExecutor.execute(DriverCommandExecutor.java:174)
	at org.openqa.selenium.remote.RemoteWebDriver.execute(RemoteWebDriver.java:519)
	at org.openqa.selenium.remote.ElementLocation$ElementFinder$2.findElement(ElementLocation.java:165)
	at org.openqa.selenium.remote.ElementLocation.findElement(ElementLocation.java:59)
	at org.openqa.selenium.remote.RemoteWebDriver.findElement(RemoteWebDriver.java:356)
	at org.openqa.selenium.remote.RemoteWebDriver.findElement(RemoteWebDriver.java:350)
	at org.openqa.selenium.support.pagefactory.DefaultElementLocator.findElement(DefaultElementLocator.java:68)
	at org.openqa.selenium.support.pagefactory.internal.LocatingElementHandler.invoke(LocatingElementHandler.java:38)
	at jdk.proxy2/jdk.proxy2.$Proxy28.isDisplayed(Unknown Source)
	at org.openqa.selenium.support.ui.ExpectedConditions.elementIfVisible(ExpectedConditions.java:304)
	at org.openqa.selenium.support.ui.ExpectedConditions$10.apply(ExpectedConditions.java:290)
	at org.openqa.selenium.support.ui.ExpectedConditions$10.apply(ExpectedConditions.java:287)
	at org.openqa.selenium.support.ui.ExpectedConditions$23.apply(ExpectedConditions.java:656)
	at org.openqa.selenium.support.ui.ExpectedConditions$23.apply(ExpectedConditions.java:652)
	at org.openqa.selenium.support.ui.FluentWait.until(FluentWait.java:203)
	... 35 more
]]></system-err>
  </testcase>
  <testcase name="testCreatePackageTimePlan" classname="com.bookingzoneadmin.createplans.tests.TC002_CreatePackageTimePlan" time="58.082">
    <failure message="Test case failed due to exception: Expected condition failed: waiting for element to be clickable: Proxy element for: DefaultElementLocator &apos;By.xpath: //select[@name=&apos;schedules.0.venueDetail.0.serviceCategory&apos;]&apos; (tried for 30 second(s) with 500 milliseconds interval)" type="java.lang.AssertionError"><![CDATA[java.lang.AssertionError: Test case failed due to exception: Expected condition failed: waiting for element to be clickable: Proxy element for: DefaultElementLocator 'By.xpath: //select[@name='schedules.0.venueDetail.0.serviceCategory']' (tried for 30 second(s) with 500 milliseconds interval)
	at org.testng.Assert.fail(Assert.java:111)
	at com.bookingzoneadmin.createplans.tests.TC002_CreatePackageTimePlan.handleException(TC002_CreatePackageTimePlan.java:247)
	at com.bookingzoneadmin.createplans.tests.TC002_CreatePackageTimePlan.testCreatePackageTimePlan(TC002_CreatePackageTimePlan.java:174)
	at java.base/jdk.internal.reflect.NativeMethodAccessorImpl.invoke0(Native Method)
	at java.base/jdk.internal.reflect.NativeMethodAccessorImpl.invoke(NativeMethodAccessorImpl.java:77)
	at java.base/jdk.internal.reflect.DelegatingMethodAccessorImpl.invoke(DelegatingMethodAccessorImpl.java:43)
	at java.base/java.lang.reflect.Method.invoke(Method.java:568)
	at org.testng.internal.invokers.MethodInvocationHelper.invokeMethod(MethodInvocationHelper.java:139)
	at org.testng.internal.invokers.TestInvoker.invokeMethod(TestInvoker.java:664)
	at org.testng.internal.invokers.TestInvoker.invokeTestMethod(TestInvoker.java:227)
	at org.testng.internal.invokers.MethodRunner.runInSequence(MethodRunner.java:50)
	at org.testng.internal.invokers.TestInvoker$MethodInvocationAgent.invoke(TestInvoker.java:957)
	at org.testng.internal.invokers.TestInvoker.invokeTestMethods(TestInvoker.java:200)
	at org.testng.internal.invokers.TestMethodWorker.invokeTestMethods(TestMethodWorker.java:148)
	at org.testng.internal.invokers.TestMethodWorker.run(TestMethodWorker.java:128)
	at java.base/java.util.ArrayList.forEach(ArrayList.java:1511)
	at org.testng.TestRunner.privateRun(TestRunner.java:848)
	at org.testng.TestRunner.run(TestRunner.java:621)
	at org.testng.SuiteRunner.runTest(SuiteRunner.java:443)
	at org.testng.SuiteRunner.runSequentially(SuiteRunner.java:437)
	at org.testng.SuiteRunner.privateRun(SuiteRunner.java:397)
	at org.testng.SuiteRunner.run(SuiteRunner.java:336)
	at org.testng.SuiteRunnerWorker.runSuite(SuiteRunnerWorker.java:52)
	at org.testng.SuiteRunnerWorker.run(SuiteRunnerWorker.java:95)
	at org.testng.TestNG.runSuitesSequentially(TestNG.java:1280)
	at org.testng.TestNG.runSuitesLocally(TestNG.java:1200)
	at org.testng.TestNG.runSuites(TestNG.java:1114)
	at org.testng.TestNG.run(TestNG.java:1082)
	at org.apache.maven.surefire.testng.TestNGExecutor.run(TestNGExecutor.java:324)
	at org.apache.maven.surefire.testng.TestNGXmlTestSuite.execute(TestNGXmlTestSuite.java:74)
	at org.apache.maven.surefire.testng.TestNGProvider.invoke(TestNGProvider.java:123)
	at org.apache.maven.surefire.booter.ForkedBooter.runSuitesInProcess(ForkedBooter.java:456)
	at org.apache.maven.surefire.booter.ForkedBooter.execute(ForkedBooter.java:169)
	at org.apache.maven.surefire.booter.ForkedBooter.run(ForkedBooter.java:595)
	at org.apache.maven.surefire.booter.ForkedBooter.main(ForkedBooter.java:581)
]]></failure>
    <system-out><![CDATA[Header cell value: 'Plan Name'
Header cell value: 'Plan Name'
Header cell value: 'URL /Path of Img'
Header cell value: 'Plan Name'
Header cell value: 'URL /Path of Img'
Header cell value: 'MinTimeInAdvanced'
Header cell value: 'Plan Name'
Header cell value: 'URL /Path of Img'
Header cell value: 'MinTimeInAdvanced'
Header cell value: 'MaxTimeInAdvanced'
Header cell value: 'Plan Name'
Header cell value: 'URL /Path of Img'
Header cell value: 'MinTimeInAdvanced'
Header cell value: 'MaxTimeInAdvanced'
Header cell value: 'MinGuestAllowed'
Header cell value: 'From'
Header cell value: 'Plan Name'
Header cell value: 'URL /Path of Img'
Header cell value: 'MinTimeInAdvanced'
Header cell value: 'MaxTimeInAdvanced'
Header cell value: 'MinGuestAllowed'
Header cell value: 'From'
Header cell value: 'To'
Header cell value: 'Plan Name'
Header cell value: 'URL /Path of Img'
Header cell value: 'MinTimeInAdvanced'
Header cell value: 'MaxTimeInAdvanced'
Header cell value: 'MinGuestAllowed'
Header cell value: 'From'
Header cell value: 'To'
Header cell value: 'MaxGuestPerSlot'
Header cell value: 'Plan Name'
Header cell value: 'URL /Path of Img'
Header cell value: 'MinTimeInAdvanced'
Header cell value: 'MaxTimeInAdvanced'
Header cell value: 'MinGuestAllowed'
Header cell value: 'From'
Header cell value: 'To'
Header cell value: 'MaxGuestPerSlot'
Header cell value: 'GuestPerPackage'
Header cell value: 'Plan Name'
Header cell value: 'URL /Path of Img'
Header cell value: 'MinTimeInAdvanced'
Header cell value: 'MaxTimeInAdvanced'
Header cell value: 'MinGuestAllowed'
Header cell value: 'From'
Header cell value: 'To'
Header cell value: 'MaxGuestPerSlot'
Header cell value: 'GuestPerPackage'
Header cell value: 'MaxPackages/Event Allowed'
Header cell value: 'Plan Name'
Header cell value: 'URL /Path of Img'
Header cell value: 'MinTimeInAdvanced'
Header cell value: 'MaxTimeInAdvanced'
Header cell value: 'MinGuestAllowed'
Header cell value: 'From'
Header cell value: 'To'
Header cell value: 'MaxGuestPerSlot'
Header cell value: 'GuestPerPackage'
Header cell value: 'MaxPackages/Event Allowed'
Header cell value: 'MaxGuestsAllowed'
Header cell value: 'Plan Name'
Header cell value: 'URL /Path of Img'
Header cell value: 'MinTimeInAdvanced'
Header cell value: 'MaxTimeInAdvanced'
Header cell value: 'MinGuestAllowed'
Header cell value: 'From'
Header cell value: 'To'
Header cell value: 'MaxGuestPerSlot'
Header cell value: 'GuestPerPackage'
Header cell value: 'MaxPackages/Event Allowed'
Header cell value: 'MaxGuestsAllowed'
Header cell value: 'PurchaseItemsName'
Header cell value: 'Plan Name'
Header cell value: 'URL /Path of Img'
Header cell value: 'MinTimeInAdvanced'
Header cell value: 'MaxTimeInAdvanced'
Header cell value: 'MinGuestAllowed'
Header cell value: 'From'
Header cell value: 'To'
Header cell value: 'MaxGuestPerSlot'
Header cell value: 'GuestPerPackage'
Header cell value: 'MaxPackages/Event Allowed'
Header cell value: 'MaxGuestsAllowed'
Header cell value: 'PurchaseItemsName'
Header cell value: 'PurchaseItemsprice'
Header cell value: 'Plan Name'
Header cell value: 'URL /Path of Img'
Header cell value: 'MinTimeInAdvanced'
Header cell value: 'MaxTimeInAdvanced'
Header cell value: 'MinGuestAllowed'
Header cell value: 'From'
Header cell value: 'To'
Header cell value: 'MaxGuestPerSlot'
Header cell value: 'GuestPerPackage'
Header cell value: 'MaxPackages/Event Allowed'
Header cell value: 'MaxGuestsAllowed'
Header cell value: 'PurchaseItemsName'
Header cell value: 'PurchaseItemsprice'
Header cell value: 'PurchaseItemSaleTax'
Header cell value: 'Plan Name'
Header cell value: 'URL /Path of Img'
Header cell value: 'MinTimeInAdvanced'
Header cell value: 'MaxTimeInAdvanced'
Header cell value: 'MinGuestAllowed'
Header cell value: 'From'
Header cell value: 'To'
Header cell value: 'MaxGuestPerSlot'
Header cell value: 'GuestPerPackage'
Header cell value: 'MaxPackages/Event Allowed'
Header cell value: 'MaxGuestsAllowed'
Header cell value: 'PurchaseItemsName'
Header cell value: 'PurchaseItemsprice'
Header cell value: 'PurchaseItemSaleTax'
Header cell value: 'PurchaseItemTimeFrame'
Header cell value: 'Plan Name'
Header cell value: 'URL /Path of Img'
Header cell value: 'MinTimeInAdvanced'
Header cell value: 'MaxTimeInAdvanced'
Header cell value: 'MinGuestAllowed'
Header cell value: 'From'
Header cell value: 'To'
Header cell value: 'MaxGuestPerSlot'
Header cell value: 'GuestPerPackage'
Header cell value: 'MaxPackages/Event Allowed'
Header cell value: 'MaxGuestsAllowed'
Header cell value: 'PurchaseItemsName'
Header cell value: 'PurchaseItemsprice'
Header cell value: 'PurchaseItemSaleTax'
Header cell value: 'PurchaseItemTimeFrame'
Header cell value: 'SlotNo1'
Header cell value: 'SlotNo2'
Header cell value: 'Slot1StartTimehour'
Header cell value: 'Plan Name'
Header cell value: 'URL /Path of Img'
Header cell value: 'MinTimeInAdvanced'
Header cell value: 'MaxTimeInAdvanced'
Header cell value: 'MinGuestAllowed'
Header cell value: 'From'
Header cell value: 'To'
Header cell value: 'MaxGuestPerSlot'
Header cell value: 'GuestPerPackage'
Header cell value: 'MaxPackages/Event Allowed'
Header cell value: 'MaxGuestsAllowed'
Header cell value: 'PurchaseItemsName'
Header cell value: 'PurchaseItemsprice'
Header cell value: 'PurchaseItemSaleTax'
Header cell value: 'PurchaseItemTimeFrame'
Header cell value: 'SlotNo1'
Header cell value: 'SlotNo2'
Header cell value: 'Slot1StartTimehour'
Header cell value: 'StartMinute'
Header cell value: 'Plan Name'
Header cell value: 'URL /Path of Img'
Header cell value: 'MinTimeInAdvanced'
Header cell value: 'MaxTimeInAdvanced'
Header cell value: 'MinGuestAllowed'
Header cell value: 'From'
Header cell value: 'To'
Header cell value: 'MaxGuestPerSlot'
Header cell value: 'GuestPerPackage'
Header cell value: 'MaxPackages/Event Allowed'
Header cell value: 'MaxGuestsAllowed'
Header cell value: 'PurchaseItemsName'
Header cell value: 'PurchaseItemsprice'
Header cell value: 'PurchaseItemSaleTax'
Header cell value: 'PurchaseItemTimeFrame'
Header cell value: 'SlotNo1'
Header cell value: 'SlotNo2'
Header cell value: 'Slot1StartTimehour'
Header cell value: 'StartMinute'
Header cell value: 'EndMinute'
Header cell value: 'StartTimeAMPM'
Header cell value: 'Plan Name'
Header cell value: 'URL /Path of Img'
Header cell value: 'MinTimeInAdvanced'
Header cell value: 'MaxTimeInAdvanced'
Header cell value: 'MinGuestAllowed'
Header cell value: 'From'
Header cell value: 'To'
Header cell value: 'MaxGuestPerSlot'
Header cell value: 'GuestPerPackage'
Header cell value: 'MaxPackages/Event Allowed'
Header cell value: 'MaxGuestsAllowed'
Header cell value: 'PurchaseItemsName'
Header cell value: 'PurchaseItemsprice'
Header cell value: 'PurchaseItemSaleTax'
Header cell value: 'PurchaseItemTimeFrame'
Header cell value: 'SlotNo1'
Header cell value: 'SlotNo2'
Header cell value: 'Slot1StartTimehour'
Header cell value: 'StartMinute'
Header cell value: 'EndMinute'
Header cell value: 'StartTimeAMPM'
Header cell value: 'EndTimeAMPM'
Header cell value: 'Slot1EndTimehour'
Header cell value: 'Plan Name'
Header cell value: 'URL /Path of Img'
Header cell value: 'MinTimeInAdvanced'
Header cell value: 'MaxTimeInAdvanced'
Header cell value: 'MinGuestAllowed'
Header cell value: 'From'
Header cell value: 'To'
Header cell value: 'MaxGuestPerSlot'
Header cell value: 'GuestPerPackage'
Header cell value: 'MaxPackages/Event Allowed'
Header cell value: 'MaxGuestsAllowed'
Header cell value: 'PurchaseItemsName'
Header cell value: 'PurchaseItemsprice'
Header cell value: 'PurchaseItemSaleTax'
Header cell value: 'PurchaseItemTimeFrame'
Header cell value: 'SlotNo1'
Header cell value: 'SlotNo2'
Header cell value: 'Slot1StartTimehour'
Header cell value: 'StartMinute'
Header cell value: 'EndMinute'
Header cell value: 'Plan Name'
Header cell value: 'URL /Path of Img'
Header cell value: 'MinTimeInAdvanced'
Header cell value: 'MaxTimeInAdvanced'
Header cell value: 'MinGuestAllowed'
Header cell value: 'From'
Header cell value: 'To'
Header cell value: 'MaxGuestPerSlot'
Header cell value: 'GuestPerPackage'
Header cell value: 'MaxPackages/Event Allowed'
Header cell value: 'MaxGuestsAllowed'
Header cell value: 'PurchaseItemsName'
Header cell value: 'PurchaseItemsprice'
Header cell value: 'PurchaseItemSaleTax'
Header cell value: 'PurchaseItemTimeFrame'
Header cell value: 'SlotNo1'
Header cell value: 'SlotNo2'
Header cell value: 'Slot1StartTimehour'
Header cell value: 'StartMinute'
Header cell value: 'EndMinute'
Header cell value: 'StartTimeAMPM'
Header cell value: 'EndTimeAMPM'
Header cell value: 'Plan Name'
Header cell value: 'URL /Path of Img'
Header cell value: 'MinTimeInAdvanced'
Header cell value: 'MaxTimeInAdvanced'
Header cell value: 'MinGuestAllowed'
Header cell value: 'From'
Header cell value: 'To'
Header cell value: 'MaxGuestPerSlot'
Header cell value: 'GuestPerPackage'
Header cell value: 'MaxPackages/Event Allowed'
Header cell value: 'MaxGuestsAllowed'
Header cell value: 'PurchaseItemsName'
Header cell value: 'PurchaseItemsprice'
Header cell value: 'PurchaseItemSaleTax'
Header cell value: 'PurchaseItemTimeFrame'
Header cell value: 'SlotNo1'
Header cell value: 'SlotNo2'
Header cell value: 'Slot1StartTimehour'
Header cell value: 'StartMinute'
Header cell value: 'EndMinute'
Header cell value: 'StartTimeAMPM'
Header cell value: 'EndTimeAMPM'
Header cell value: 'Slot1EndTimehour'
Header cell value: 'PackageSlot1/Person/guest/slot/Event  price'
Header cell value: 'packageSlot1/Person/guest/slot SaleTax'
Header cell value: 'AdditionalGuestSlot1Price'
Header cell value: 'AdditonalGuestSlot1SaleTax'
Header cell value: 'Slot2StartTimehour'
Header cell value: 'Plan Name'
Header cell value: 'URL /Path of Img'
Header cell value: 'MinTimeInAdvanced'
Header cell value: 'MaxTimeInAdvanced'
Header cell value: 'MinGuestAllowed'
Header cell value: 'From'
Header cell value: 'To'
Header cell value: 'MaxGuestPerSlot'
Header cell value: 'GuestPerPackage'
Header cell value: 'MaxPackages/Event Allowed'
Header cell value: 'MaxGuestsAllowed'
Header cell value: 'PurchaseItemsName'
Header cell value: 'PurchaseItemsprice'
Header cell value: 'PurchaseItemSaleTax'
Header cell value: 'PurchaseItemTimeFrame'
Header cell value: 'SlotNo1'
Header cell value: 'SlotNo2'
Header cell value: 'Slot1StartTimehour'
Header cell value: 'StartMinute'
Header cell value: 'Plan Name'
Header cell value: 'URL /Path of Img'
Header cell value: 'MinTimeInAdvanced'
Header cell value: 'MaxTimeInAdvanced'
Header cell value: 'MinGuestAllowed'
Header cell value: 'From'
Header cell value: 'To'
Header cell value: 'MaxGuestPerSlot'
Header cell value: 'GuestPerPackage'
Header cell value: 'MaxPackages/Event Allowed'
Header cell value: 'MaxGuestsAllowed'
Header cell value: 'PurchaseItemsName'
Header cell value: 'PurchaseItemsprice'
Header cell value: 'PurchaseItemSaleTax'
Header cell value: 'PurchaseItemTimeFrame'
Header cell value: 'SlotNo1'
Header cell value: 'SlotNo2'
Header cell value: 'Slot1StartTimehour'
Header cell value: 'StartMinute'
Header cell value: 'EndMinute'
Header cell value: 'StartTimeAMPM'
Header cell value: 'Plan Name'
Header cell value: 'URL /Path of Img'
Header cell value: 'MinTimeInAdvanced'
Header cell value: 'MaxTimeInAdvanced'
Header cell value: 'MinGuestAllowed'
Header cell value: 'From'
Header cell value: 'To'
Header cell value: 'MaxGuestPerSlot'
Header cell value: 'GuestPerPackage'
Header cell value: 'MaxPackages/Event Allowed'
Header cell value: 'MaxGuestsAllowed'
Header cell value: 'PurchaseItemsName'
Header cell value: 'PurchaseItemsprice'
Header cell value: 'PurchaseItemSaleTax'
Header cell value: 'PurchaseItemTimeFrame'
Header cell value: 'SlotNo1'
Header cell value: 'SlotNo2'
Header cell value: 'Slot1StartTimehour'
Header cell value: 'StartMinute'
Header cell value: 'EndMinute'
Header cell value: 'StartTimeAMPM'
Header cell value: 'EndTimeAMPM'
Header cell value: 'Slot1EndTimehour'
Header cell value: 'PackageSlot1/Person/guest/slot/Event  price'
Header cell value: 'packageSlot1/Person/guest/slot SaleTax'
Header cell value: 'AdditionalGuestSlot1Price'
Header cell value: 'AdditonalGuestSlot1SaleTax'
Header cell value: 'Slot2StartTimehour'
Header cell value: 'Slot2EndTimehour'
Header cell value: 'Plan Name'
Header cell value: 'URL /Path of Img'
Header cell value: 'MinTimeInAdvanced'
Header cell value: 'MaxTimeInAdvanced'
Header cell value: 'MinGuestAllowed'
Header cell value: 'From'
Header cell value: 'To'
Header cell value: 'MaxGuestPerSlot'
Header cell value: 'GuestPerPackage'
Header cell value: 'MaxPackages/Event Allowed'
Header cell value: 'MaxGuestsAllowed'
Header cell value: 'PurchaseItemsName'
Header cell value: 'PurchaseItemsprice'
Header cell value: 'PurchaseItemSaleTax'
Header cell value: 'PurchaseItemTimeFrame'
Header cell value: 'SlotNo1'
Header cell value: 'SlotNo2'
Header cell value: 'Slot1StartTimehour'
Header cell value: 'StartMinute'
Header cell value: 'EndMinute'
Header cell value: 'Plan Name'
Header cell value: 'URL /Path of Img'
Header cell value: 'MinTimeInAdvanced'
Header cell value: 'MaxTimeInAdvanced'
Header cell value: 'MinGuestAllowed'
Header cell value: 'From'
Header cell value: 'To'
Header cell value: 'MaxGuestPerSlot'
Header cell value: 'GuestPerPackage'
Header cell value: 'MaxPackages/Event Allowed'
Header cell value: 'MaxGuestsAllowed'
Header cell value: 'PurchaseItemsName'
Header cell value: 'PurchaseItemsprice'
Header cell value: 'PurchaseItemSaleTax'
Header cell value: 'PurchaseItemTimeFrame'
Header cell value: 'SlotNo1'
Header cell value: 'SlotNo2'
Header cell value: 'Slot1StartTimehour'
Header cell value: 'StartMinute'
Header cell value: 'EndMinute'
Header cell value: 'StartTimeAMPM'
Header cell value: 'EndTimeAMPM'
Header cell value: 'Plan Name'
Header cell value: 'URL /Path of Img'
Header cell value: 'MinTimeInAdvanced'
Header cell value: 'MaxTimeInAdvanced'
Header cell value: 'MinGuestAllowed'
Header cell value: 'From'
Header cell value: 'To'
Header cell value: 'MaxGuestPerSlot'
Header cell value: 'GuestPerPackage'
Header cell value: 'MaxPackages/Event Allowed'
Header cell value: 'MaxGuestsAllowed'
Header cell value: 'PurchaseItemsName'
Header cell value: 'PurchaseItemsprice'
Header cell value: 'PurchaseItemSaleTax'
Header cell value: 'PurchaseItemTimeFrame'
Header cell value: 'SlotNo1'
Header cell value: 'SlotNo2'
Header cell value: 'Slot1StartTimehour'
Header cell value: 'StartMinute'
Header cell value: 'EndMinute'
Header cell value: 'StartTimeAMPM'
Header cell value: 'EndTimeAMPM'
Header cell value: 'Slot1EndTimehour'
Header cell value: 'PackageSlot1/Person/guest/slot/Event  price'
Header cell value: 'Plan Name'
Header cell value: 'URL /Path of Img'
Header cell value: 'MinTimeInAdvanced'
Header cell value: 'MaxTimeInAdvanced'
Header cell value: 'MinGuestAllowed'
Header cell value: 'From'
Header cell value: 'To'
Header cell value: 'MaxGuestPerSlot'
Header cell value: 'GuestPerPackage'
Header cell value: 'MaxPackages/Event Allowed'
Header cell value: 'MaxGuestsAllowed'
Header cell value: 'PurchaseItemsName'
Header cell value: 'PurchaseItemsprice'
Header cell value: 'PurchaseItemSaleTax'
Header cell value: 'PurchaseItemTimeFrame'
Header cell value: 'SlotNo1'
Header cell value: 'SlotNo2'
Header cell value: 'Slot1StartTimehour'
Header cell value: 'StartMinute'
Header cell value: 'EndMinute'
Header cell value: 'StartTimeAMPM'
Header cell value: 'EndTimeAMPM'
Header cell value: 'Slot1EndTimehour'
Header cell value: 'PackageSlot1/Person/guest/slot/Event  price'
Header cell value: 'packageSlot1/Person/guest/slot SaleTax'
Header cell value: 'AdditionalGuestSlot1Price'
Header cell value: 'Plan Name'
Header cell value: 'URL /Path of Img'
Header cell value: 'MinTimeInAdvanced'
Header cell value: 'MaxTimeInAdvanced'
Header cell value: 'MinGuestAllowed'
Header cell value: 'From'
Header cell value: 'To'
Header cell value: 'MaxGuestPerSlot'
Header cell value: 'GuestPerPackage'
Header cell value: 'MaxPackages/Event Allowed'
Header cell value: 'MaxGuestsAllowed'
Header cell value: 'PurchaseItemsName'
Header cell value: 'PurchaseItemsprice'
Header cell value: 'PurchaseItemSaleTax'
Header cell value: 'PurchaseItemTimeFrame'
Header cell value: 'SlotNo1'
Header cell value: 'SlotNo2'
Header cell value: 'Slot1StartTimehour'
Header cell value: 'StartMinute'
Header cell value: 'EndMinute'
Header cell value: 'StartTimeAMPM'
Header cell value: 'EndTimeAMPM'
Header cell value: 'Slot1EndTimehour'
Header cell value: 'PackageSlot1/Person/guest/slot/Event  price'
Header cell value: 'packageSlot1/Person/guest/slot SaleTax'
Header cell value: 'Plan Name'
Header cell value: 'URL /Path of Img'
Header cell value: 'MinTimeInAdvanced'
Header cell value: 'MaxTimeInAdvanced'
Header cell value: 'MinGuestAllowed'
Header cell value: 'From'
Header cell value: 'To'
Header cell value: 'MaxGuestPerSlot'
Header cell value: 'GuestPerPackage'
Header cell value: 'MaxPackages/Event Allowed'
Header cell value: 'MaxGuestsAllowed'
Header cell value: 'PurchaseItemsName'
Header cell value: 'PurchaseItemsprice'
Header cell value: 'PurchaseItemSaleTax'
Header cell value: 'PurchaseItemTimeFrame'
Header cell value: 'SlotNo1'
Header cell value: 'SlotNo2'
Header cell value: 'Slot1StartTimehour'
Header cell value: 'StartMinute'
Header cell value: 'EndMinute'
Header cell value: 'StartTimeAMPM'
Header cell value: 'EndTimeAMPM'
Header cell value: 'Slot1EndTimehour'
Header cell value: 'PackageSlot1/Person/guest/slot/Event  price'
Header cell value: 'packageSlot1/Person/guest/slot SaleTax'
Header cell value: 'AdditionalGuestSlot1Price'
Header cell value: 'AdditonalGuestSlot1SaleTax'
Header cell value: 'Plan Name'
Header cell value: 'URL /Path of Img'
Header cell value: 'MinTimeInAdvanced'
Header cell value: 'MaxTimeInAdvanced'
Header cell value: 'MinGuestAllowed'
Header cell value: 'From'
Header cell value: 'To'
Header cell value: 'MaxGuestPerSlot'
Header cell value: 'GuestPerPackage'
Header cell value: 'MaxPackages/Event Allowed'
Header cell value: 'MaxGuestsAllowed'
Header cell value: 'PurchaseItemsName'
Header cell value: 'PurchaseItemsprice'
Header cell value: 'PurchaseItemSaleTax'
Header cell value: 'PurchaseItemTimeFrame'
Header cell value: 'SlotNo1'
Header cell value: 'SlotNo2'
Header cell value: 'Slot1StartTimehour'
Header cell value: 'StartMinute'
Header cell value: 'EndMinute'
Header cell value: 'StartTimeAMPM'
Header cell value: 'EndTimeAMPM'
Header cell value: 'Slot1EndTimehour'
Header cell value: 'PackageSlot1/Person/guest/slot/Event  price'
Header cell value: 'packageSlot1/Person/guest/slot SaleTax'
Header cell value: 'AdditionalGuestSlot1Price'
Header cell value: 'AdditonalGuestSlot1SaleTax'
Header cell value: 'Slot2StartTimehour'
Header cell value: 'Slot2EndTimehour'
Header cell value: 'PackageSlot2/Person/guest/slotPrice'
Header cell value: 'Plan Name'
Header cell value: 'URL /Path of Img'
Header cell value: 'MinTimeInAdvanced'
Header cell value: 'MaxTimeInAdvanced'
Header cell value: 'MinGuestAllowed'
Header cell value: 'From'
Header cell value: 'To'
Header cell value: 'MaxGuestPerSlot'
Header cell value: 'GuestPerPackage'
Header cell value: 'MaxPackages/Event Allowed'
Header cell value: 'MaxGuestsAllowed'
Header cell value: 'PurchaseItemsName'
Header cell value: 'PurchaseItemsprice'
Header cell value: 'PurchaseItemSaleTax'
Header cell value: 'PurchaseItemTimeFrame'
Header cell value: 'SlotNo1'
Header cell value: 'SlotNo2'
Header cell value: 'Slot1StartTimehour'
Header cell value: 'StartMinute'
Header cell value: 'EndMinute'
Header cell value: 'StartTimeAMPM'
Header cell value: 'EndTimeAMPM'
Header cell value: 'Slot1EndTimehour'
Header cell value: 'PackageSlot1/Person/guest/slot/Event  price'
Header cell value: 'packageSlot1/Person/guest/slot SaleTax'
Header cell value: 'AdditionalGuestSlot1Price'
Header cell value: 'AdditonalGuestSlot1SaleTax'
Header cell value: 'Slot2StartTimehour'
Header cell value: 'Slot2EndTimehour'
Header cell value: 'PackageSlot2/Person/guest/slotPrice'
Header cell value: 'packageSlot2/Person/guest/slot SaleTax'
Header cell value: 'AdditionalGuestSlot2Price'
Header cell value: 'Plan Name'
Header cell value: 'URL /Path of Img'
Header cell value: 'MinTimeInAdvanced'
Header cell value: 'MaxTimeInAdvanced'
Header cell value: 'MinGuestAllowed'
Header cell value: 'From'
Header cell value: 'To'
Header cell value: 'MaxGuestPerSlot'
Header cell value: 'GuestPerPackage'
Header cell value: 'MaxPackages/Event Allowed'
Header cell value: 'MaxGuestsAllowed'
Header cell value: 'PurchaseItemsName'
Header cell value: 'PurchaseItemsprice'
Header cell value: 'PurchaseItemSaleTax'
Header cell value: 'PurchaseItemTimeFrame'
Header cell value: 'SlotNo1'
Header cell value: 'SlotNo2'
Header cell value: 'Slot1StartTimehour'
Header cell value: 'StartMinute'
Header cell value: 'EndMinute'
Header cell value: 'StartTimeAMPM'
Header cell value: 'EndTimeAMPM'
Header cell value: 'Slot1EndTimehour'
Header cell value: 'PackageSlot1/Person/guest/slot/Event  price'
Header cell value: 'packageSlot1/Person/guest/slot SaleTax'
Header cell value: 'AdditionalGuestSlot1Price'
Header cell value: 'AdditonalGuestSlot1SaleTax'
Header cell value: 'Slot2StartTimehour'
Header cell value: 'Slot2EndTimehour'
Header cell value: 'PackageSlot2/Person/guest/slotPrice'
Header cell value: 'packageSlot2/Person/guest/slot SaleTax'
Header cell value: 'Plan Name'
Header cell value: 'URL /Path of Img'
Header cell value: 'MinTimeInAdvanced'
Header cell value: 'MaxTimeInAdvanced'
Header cell value: 'MinGuestAllowed'
Header cell value: 'From'
Header cell value: 'To'
Header cell value: 'MaxGuestPerSlot'
Header cell value: 'GuestPerPackage'
Header cell value: 'MaxPackages/Event Allowed'
Header cell value: 'MaxGuestsAllowed'
Header cell value: 'PurchaseItemsName'
Header cell value: 'PurchaseItemsprice'
Header cell value: 'PurchaseItemSaleTax'
Header cell value: 'PurchaseItemTimeFrame'
Header cell value: 'SlotNo1'
Header cell value: 'SlotNo2'
Header cell value: 'Slot1StartTimehour'
Header cell value: 'StartMinute'
Header cell value: 'EndMinute'
Header cell value: 'StartTimeAMPM'
Header cell value: 'EndTimeAMPM'
Header cell value: 'Slot1EndTimehour'
Header cell value: 'PackageSlot1/Person/guest/slot/Event  price'
Header cell value: 'packageSlot1/Person/guest/slot SaleTax'
Header cell value: 'AdditionalGuestSlot1Price'
Header cell value: 'AdditonalGuestSlot1SaleTax'
Header cell value: 'Slot2StartTimehour'
Header cell value: 'Slot2EndTimehour'
Header cell value: 'PackageSlot2/Person/guest/slotPrice'
Header cell value: 'packageSlot2/Person/guest/slot SaleTax'
Header cell value: 'AdditionalGuestSlot2Price'
Header cell value: 'AdditonalGuestSlot2SaleTax'
Header cell value: 'Plan Name'
Header cell value: 'URL /Path of Img'
Header cell value: 'MinTimeInAdvanced'
Header cell value: 'MaxTimeInAdvanced'
Header cell value: 'MinGuestAllowed'
Header cell value: 'From'
Header cell value: 'To'
Header cell value: 'MaxGuestPerSlot'
Header cell value: 'GuestPerPackage'
Header cell value: 'MaxPackages/Event Allowed'
Header cell value: 'MaxGuestsAllowed'
Header cell value: 'PurchaseItemsName'
Header cell value: 'PurchaseItemsprice'
Header cell value: 'PurchaseItemSaleTax'
Header cell value: 'PurchaseItemTimeFrame'
Header cell value: 'SlotNo1'
Header cell value: 'SlotNo2'
Header cell value: 'Slot1StartTimehour'
Header cell value: 'StartMinute'
Header cell value: 'EndMinute'
Header cell value: 'StartTimeAMPM'
Header cell value: 'EndTimeAMPM'
Header cell value: 'Slot1EndTimehour'
Header cell value: 'PackageSlot1/Person/guest/slot/Event  price'
Header cell value: 'packageSlot1/Person/guest/slot SaleTax'
Header cell value: 'AdditionalGuestSlot1Price'
Header cell value: 'AdditonalGuestSlot1SaleTax'
Header cell value: 'Slot2StartTimehour'
Header cell value: 'Slot2EndTimehour'
Header cell value: 'PackageSlot2/Person/guest/slotPrice'
Header cell value: 'packageSlot2/Person/guest/slot SaleTax'
Header cell value: 'AdditionalGuestSlot2Price'
Header cell value: 'AdditonalGuestSlot2SaleTax'
Header cell value: 'ProcessingFeeName'
Header cell value: 'ProcessingFeeAmount'
Header cell value: 'Refund Type'
Header cell value: 'Plan Name'
Header cell value: 'URL /Path of Img'
Header cell value: 'MinTimeInAdvanced'
Header cell value: 'MaxTimeInAdvanced'
Header cell value: 'MinGuestAllowed'
Header cell value: 'From'
Header cell value: 'To'
Header cell value: 'MaxGuestPerSlot'
Header cell value: 'GuestPerPackage'
Header cell value: 'MaxPackages/Event Allowed'
Header cell value: 'MaxGuestsAllowed'
Header cell value: 'PurchaseItemsName'
Header cell value: 'PurchaseItemsprice'
Header cell value: 'PurchaseItemSaleTax'
Header cell value: 'PurchaseItemTimeFrame'
Header cell value: 'SlotNo1'
Header cell value: 'SlotNo2'
Header cell value: 'Slot1StartTimehour'
Header cell value: 'StartMinute'
Header cell value: 'EndMinute'
Header cell value: 'StartTimeAMPM'
Header cell value: 'EndTimeAMPM'
Header cell value: 'Slot1EndTimehour'
Header cell value: 'PackageSlot1/Person/guest/slot/Event  price'
Header cell value: 'packageSlot1/Person/guest/slot SaleTax'
Header cell value: 'AdditionalGuestSlot1Price'
Header cell value: 'AdditonalGuestSlot1SaleTax'
Header cell value: 'Slot2StartTimehour'
Header cell value: 'Slot2EndTimehour'
Header cell value: 'PackageSlot2/Person/guest/slotPrice'
Header cell value: 'packageSlot2/Person/guest/slot SaleTax'
Header cell value: 'AdditionalGuestSlot2Price'
Header cell value: 'AdditonalGuestSlot2SaleTax'
Header cell value: 'ProcessingFeeName'
Header cell value: 'ProcessingFeeAmount'
Header cell value: 'Refund Type'
Header cell value: 'Refund Amount'
Header cell value: 'Plan Name'
Header cell value: 'URL /Path of Img'
Header cell value: 'MinTimeInAdvanced'
Header cell value: 'MaxTimeInAdvanced'
Header cell value: 'MinGuestAllowed'
Header cell value: 'From'
Header cell value: 'To'
Header cell value: 'MaxGuestPerSlot'
Header cell value: 'GuestPerPackage'
Header cell value: 'MaxPackages/Event Allowed'
Header cell value: 'MaxGuestsAllowed'
Header cell value: 'PurchaseItemsName'
Header cell value: 'PurchaseItemsprice'
Header cell value: 'PurchaseItemSaleTax'
Header cell value: 'PurchaseItemTimeFrame'
Header cell value: 'SlotNo1'
Header cell value: 'SlotNo2'
Header cell value: 'Slot1StartTimehour'
Header cell value: 'StartMinute'
Header cell value: 'EndMinute'
Header cell value: 'StartTimeAMPM'
Header cell value: 'EndTimeAMPM'
Header cell value: 'Slot1EndTimehour'
Header cell value: 'PackageSlot1/Person/guest/slot/Event  price'
Header cell value: 'packageSlot1/Person/guest/slot SaleTax'
Header cell value: 'AdditionalGuestSlot1Price'
Header cell value: 'AdditonalGuestSlot1SaleTax'
Header cell value: 'Slot2StartTimehour'
Header cell value: 'Slot2EndTimehour'
Header cell value: 'PackageSlot2/Person/guest/slotPrice'
Header cell value: 'packageSlot2/Person/guest/slot SaleTax'
Header cell value: 'AdditionalGuestSlot2Price'
Header cell value: 'AdditonalGuestSlot2SaleTax'
Header cell value: 'ProcessingFeeName'
Header cell value: 'Plan Name'
Header cell value: 'URL /Path of Img'
Header cell value: 'MinTimeInAdvanced'
Header cell value: 'MaxTimeInAdvanced'
Header cell value: 'MinGuestAllowed'
Header cell value: 'From'
Header cell value: 'To'
Header cell value: 'MaxGuestPerSlot'
Header cell value: 'GuestPerPackage'
Header cell value: 'MaxPackages/Event Allowed'
Header cell value: 'MaxGuestsAllowed'
Header cell value: 'PurchaseItemsName'
Header cell value: 'PurchaseItemsprice'
Header cell value: 'PurchaseItemSaleTax'
Header cell value: 'PurchaseItemTimeFrame'
Header cell value: 'SlotNo1'
Header cell value: 'SlotNo2'
Header cell value: 'Slot1StartTimehour'
Header cell value: 'StartMinute'
Header cell value: 'EndMinute'
Header cell value: 'StartTimeAMPM'
Header cell value: 'EndTimeAMPM'
Header cell value: 'Slot1EndTimehour'
Header cell value: 'PackageSlot1/Person/guest/slot/Event  price'
Header cell value: 'packageSlot1/Person/guest/slot SaleTax'
Header cell value: 'AdditionalGuestSlot1Price'
Header cell value: 'AdditonalGuestSlot1SaleTax'
Header cell value: 'Slot2StartTimehour'
Header cell value: 'Slot2EndTimehour'
Header cell value: 'PackageSlot2/Person/guest/slotPrice'
Header cell value: 'packageSlot2/Person/guest/slot SaleTax'
Header cell value: 'AdditionalGuestSlot2Price'
Header cell value: 'AdditonalGuestSlot2SaleTax'
Header cell value: 'ProcessingFeeName'
Header cell value: 'ProcessingFeeAmount'
Header cell value: 'Plan Name'
Header cell value: 'URL /Path of Img'
Header cell value: 'MinTimeInAdvanced'
Header cell value: 'MaxTimeInAdvanced'
Header cell value: 'MinGuestAllowed'
Header cell value: 'From'
Header cell value: 'To'
Header cell value: 'MaxGuestPerSlot'
Header cell value: 'GuestPerPackage'
Header cell value: 'MaxPackages/Event Allowed'
Header cell value: 'MaxGuestsAllowed'
Header cell value: 'PurchaseItemsName'
Header cell value: 'PurchaseItemsprice'
Header cell value: 'PurchaseItemSaleTax'
Header cell value: 'PurchaseItemTimeFrame'
Header cell value: 'SlotNo1'
Header cell value: 'Plan Name'
Header cell value: 'URL /Path of Img'
Header cell value: 'MinTimeInAdvanced'
Header cell value: 'MaxTimeInAdvanced'
Header cell value: 'MinGuestAllowed'
Header cell value: 'From'
Header cell value: 'To'
Header cell value: 'MaxGuestPerSlot'
Header cell value: 'GuestPerPackage'
Header cell value: 'MaxPackages/Event Allowed'
Header cell value: 'MaxGuestsAllowed'
Header cell value: 'PurchaseItemsName'
Header cell value: 'PurchaseItemsprice'
Header cell value: 'PurchaseItemSaleTax'
Header cell value: 'PurchaseItemTimeFrame'
Header cell value: 'SlotNo1'
Header cell value: 'SlotNo2'
issue cause is :Expected condition failed: waiting for element to be clickable: Proxy element for: DefaultElementLocator 'By.xpath: //select[@name='schedules.0.venueDetail.0.serviceCategory']' (tried for 30 second(s) with 500 milliseconds interval)
]]></system-out>
    <system-err><![CDATA[org.openqa.selenium.TimeoutException: Expected condition failed: waiting for element to be clickable: Proxy element for: DefaultElementLocator 'By.xpath: //select[@name='schedules.0.venueDetail.0.serviceCategory']' (tried for 30 second(s) with 500 milliseconds interval)
	at org.openqa.selenium.support.ui.WebDriverWait.timeoutException(WebDriverWait.java:84)
	at org.openqa.selenium.support.ui.FluentWait.until(FluentWait.java:228)
	at com.bookingzoneadmin.pages.CreateBUY_NOWServicePlanPage.selectServiceCategory(CreateBUY_NOWServicePlanPage.java:254)
	at com.bookingzoneadmin.utils.CreatePlansCommonAction.configurePlanDetails(CreatePlansCommonAction.java:68)
	at com.bookingzoneadmin.createplans.tests.TC002_CreatePackageTimePlan.testCreatePackageTimePlan(TC002_CreatePackageTimePlan.java:147)
	at java.base/jdk.internal.reflect.NativeMethodAccessorImpl.invoke0(Native Method)
	at java.base/jdk.internal.reflect.NativeMethodAccessorImpl.invoke(NativeMethodAccessorImpl.java:77)
	at java.base/jdk.internal.reflect.DelegatingMethodAccessorImpl.invoke(DelegatingMethodAccessorImpl.java:43)
	at java.base/java.lang.reflect.Method.invoke(Method.java:568)
	at org.testng.internal.invokers.MethodInvocationHelper.invokeMethod(MethodInvocationHelper.java:139)
	at org.testng.internal.invokers.TestInvoker.invokeMethod(TestInvoker.java:664)
	at org.testng.internal.invokers.TestInvoker.invokeTestMethod(TestInvoker.java:227)
	at org.testng.internal.invokers.MethodRunner.runInSequence(MethodRunner.java:50)
	at org.testng.internal.invokers.TestInvoker$MethodInvocationAgent.invoke(TestInvoker.java:957)
	at org.testng.internal.invokers.TestInvoker.invokeTestMethods(TestInvoker.java:200)
	at org.testng.internal.invokers.TestMethodWorker.invokeTestMethods(TestMethodWorker.java:148)
	at org.testng.internal.invokers.TestMethodWorker.run(TestMethodWorker.java:128)
	at java.base/java.util.ArrayList.forEach(ArrayList.java:1511)
	at org.testng.TestRunner.privateRun(TestRunner.java:848)
	at org.testng.TestRunner.run(TestRunner.java:621)
	at org.testng.SuiteRunner.runTest(SuiteRunner.java:443)
	at org.testng.SuiteRunner.runSequentially(SuiteRunner.java:437)
	at org.testng.SuiteRunner.privateRun(SuiteRunner.java:397)
	at org.testng.SuiteRunner.run(SuiteRunner.java:336)
	at org.testng.SuiteRunnerWorker.runSuite(SuiteRunnerWorker.java:52)
	at org.testng.SuiteRunnerWorker.run(SuiteRunnerWorker.java:95)
	at org.testng.TestNG.runSuitesSequentially(TestNG.java:1280)
	at org.testng.TestNG.runSuitesLocally(TestNG.java:1200)
	at org.testng.TestNG.runSuites(TestNG.java:1114)
	at org.testng.TestNG.run(TestNG.java:1082)
	at org.apache.maven.surefire.testng.TestNGExecutor.run(TestNGExecutor.java:324)
	at org.apache.maven.surefire.testng.TestNGXmlTestSuite.execute(TestNGXmlTestSuite.java:74)
	at org.apache.maven.surefire.testng.TestNGProvider.invoke(TestNGProvider.java:123)
	at org.apache.maven.surefire.booter.ForkedBooter.runSuitesInProcess(ForkedBooter.java:456)
	at org.apache.maven.surefire.booter.ForkedBooter.execute(ForkedBooter.java:169)
	at org.apache.maven.surefire.booter.ForkedBooter.run(ForkedBooter.java:595)
	at org.apache.maven.surefire.booter.ForkedBooter.main(ForkedBooter.java:581)
Caused by: org.openqa.selenium.NoSuchElementException: no such element: Unable to locate element: {"method":"xpath","selector":"//select[@name='schedules.0.venueDetail.0.serviceCategory']"}
  (Session info: chrome=135.0.7049.85)
For documentation on this error, please visit: https://www.selenium.dev/documentation/webdriver/troubleshooting/errors#no-such-element-exception
Build info: version: '4.18.1', revision: 'b1d3319b48'
System info: os.name: 'Windows 11', os.arch: 'amd64', os.version: '10.0', java.version: '17.0.6'
Driver info: org.openqa.selenium.chrome.ChromeDriver
Command: [7b0f7bbe1dbb392aecf0ae1f0f261a63, findElement {value=//select[@name='schedules.0.venueDetail.0.serviceCategory'], using=xpath}]
Capabilities {acceptInsecureCerts: false, browserName: chrome, browserVersion: 135.0.7049.85, chrome: {chromedriverVersion: 135.0.7049.84 (6c019e560019..., userDataDir: C:\Users\dipal\AppData\Loca...}, fedcm:accounts: true, goog:chromeOptions: {debuggerAddress: localhost:50026}, networkConnectionEnabled: false, pageLoadStrategy: normal, platformName: windows, proxy: Proxy(), se:cdp: ws://localhost:50026/devtoo..., se:cdpVersion: 135.0.7049.85, setWindowRect: true, strictFileInteractability: false, timeouts: {implicit: 0, pageLoad: 300000, script: 30000}, unhandledPromptBehavior: dismiss and notify, webauthn:extension:credBlob: true, webauthn:extension:largeBlob: true, webauthn:extension:minPinLength: true, webauthn:extension:prf: true, webauthn:virtualAuthenticators: true}
Session ID: 7b0f7bbe1dbb392aecf0ae1f0f261a63
	at jdk.internal.reflect.GeneratedConstructorAccessor57.newInstance(Unknown Source)
	at java.base/jdk.internal.reflect.DelegatingConstructorAccessorImpl.newInstance(DelegatingConstructorAccessorImpl.java:45)
	at java.base/java.lang.reflect.Constructor.newInstanceWithCaller(Constructor.java:499)
	at java.base/java.lang.reflect.Constructor.newInstance(Constructor.java:480)
	at org.openqa.selenium.remote.ErrorCodec.decode(ErrorCodec.java:167)
	at org.openqa.selenium.remote.codec.w3c.W3CHttpResponseCodec.decode(W3CHttpResponseCodec.java:138)
	at org.openqa.selenium.remote.codec.w3c.W3CHttpResponseCodec.decode(W3CHttpResponseCodec.java:50)
	at org.openqa.selenium.remote.HttpCommandExecutor.execute(HttpCommandExecutor.java:190)
	at org.openqa.selenium.remote.service.DriverCommandExecutor.invokeExecute(DriverCommandExecutor.java:216)
	at org.openqa.selenium.remote.service.DriverCommandExecutor.execute(DriverCommandExecutor.java:174)
	at org.openqa.selenium.remote.RemoteWebDriver.execute(RemoteWebDriver.java:519)
	at org.openqa.selenium.remote.ElementLocation$ElementFinder$2.findElement(ElementLocation.java:165)
	at org.openqa.selenium.remote.ElementLocation.findElement(ElementLocation.java:59)
	at org.openqa.selenium.remote.RemoteWebDriver.findElement(RemoteWebDriver.java:356)
	at org.openqa.selenium.remote.RemoteWebDriver.findElement(RemoteWebDriver.java:350)
	at org.openqa.selenium.support.pagefactory.DefaultElementLocator.findElement(DefaultElementLocator.java:68)
	at org.openqa.selenium.support.pagefactory.internal.LocatingElementHandler.invoke(LocatingElementHandler.java:38)
	at jdk.proxy2/jdk.proxy2.$Proxy28.isDisplayed(Unknown Source)
	at org.openqa.selenium.support.ui.ExpectedConditions.elementIfVisible(ExpectedConditions.java:304)
	at org.openqa.selenium.support.ui.ExpectedConditions$10.apply(ExpectedConditions.java:290)
	at org.openqa.selenium.support.ui.ExpectedConditions$10.apply(ExpectedConditions.java:287)
	at org.openqa.selenium.support.ui.ExpectedConditions$23.apply(ExpectedConditions.java:656)
	at org.openqa.selenium.support.ui.ExpectedConditions$23.apply(ExpectedConditions.java:652)
	at org.openqa.selenium.support.ui.FluentWait.until(FluentWait.java:203)
	... 35 more
]]></system-err>
  </testcase>
  <testcase name="testCreateEnableSessionPlan" classname="com.bookingzoneadmin.createplans.tests.TC003_CreateEnableSessionPlan" time="55.531">
    <failure message="Test case failed due to exception: Expected condition failed: waiting for element to be clickable: Proxy element for: DefaultElementLocator &apos;By.xpath: //select[@name=&apos;schedules.0.venueDetail.0.serviceCategory&apos;]&apos; (tried for 30 second(s) with 500 milliseconds interval)" type="java.lang.AssertionError"><![CDATA[java.lang.AssertionError: Test case failed due to exception: Expected condition failed: waiting for element to be clickable: Proxy element for: DefaultElementLocator 'By.xpath: //select[@name='schedules.0.venueDetail.0.serviceCategory']' (tried for 30 second(s) with 500 milliseconds interval)
	at org.testng.Assert.fail(Assert.java:111)
	at com.bookingzoneadmin.createplans.tests.TC003_CreateEnableSessionPlan.handleException(TC003_CreateEnableSessionPlan.java:218)
	at com.bookingzoneadmin.createplans.tests.TC003_CreateEnableSessionPlan.testCreateEnableSessionPlan(TC003_CreateEnableSessionPlan.java:155)
	at java.base/jdk.internal.reflect.NativeMethodAccessorImpl.invoke0(Native Method)
	at java.base/jdk.internal.reflect.NativeMethodAccessorImpl.invoke(NativeMethodAccessorImpl.java:77)
	at java.base/jdk.internal.reflect.DelegatingMethodAccessorImpl.invoke(DelegatingMethodAccessorImpl.java:43)
	at java.base/java.lang.reflect.Method.invoke(Method.java:568)
	at org.testng.internal.invokers.MethodInvocationHelper.invokeMethod(MethodInvocationHelper.java:139)
	at org.testng.internal.invokers.TestInvoker.invokeMethod(TestInvoker.java:664)
	at org.testng.internal.invokers.TestInvoker.invokeTestMethod(TestInvoker.java:227)
	at org.testng.internal.invokers.MethodRunner.runInSequence(MethodRunner.java:50)
	at org.testng.internal.invokers.TestInvoker$MethodInvocationAgent.invoke(TestInvoker.java:957)
	at org.testng.internal.invokers.TestInvoker.invokeTestMethods(TestInvoker.java:200)
	at org.testng.internal.invokers.TestMethodWorker.invokeTestMethods(TestMethodWorker.java:148)
	at org.testng.internal.invokers.TestMethodWorker.run(TestMethodWorker.java:128)
	at java.base/java.util.ArrayList.forEach(ArrayList.java:1511)
	at org.testng.TestRunner.privateRun(TestRunner.java:848)
	at org.testng.TestRunner.run(TestRunner.java:621)
	at org.testng.SuiteRunner.runTest(SuiteRunner.java:443)
	at org.testng.SuiteRunner.runSequentially(SuiteRunner.java:437)
	at org.testng.SuiteRunner.privateRun(SuiteRunner.java:397)
	at org.testng.SuiteRunner.run(SuiteRunner.java:336)
	at org.testng.SuiteRunnerWorker.runSuite(SuiteRunnerWorker.java:52)
	at org.testng.SuiteRunnerWorker.run(SuiteRunnerWorker.java:95)
	at org.testng.TestNG.runSuitesSequentially(TestNG.java:1280)
	at org.testng.TestNG.runSuitesLocally(TestNG.java:1200)
	at org.testng.TestNG.runSuites(TestNG.java:1114)
	at org.testng.TestNG.run(TestNG.java:1082)
	at org.apache.maven.surefire.testng.TestNGExecutor.run(TestNGExecutor.java:324)
	at org.apache.maven.surefire.testng.TestNGXmlTestSuite.execute(TestNGXmlTestSuite.java:74)
	at org.apache.maven.surefire.testng.TestNGProvider.invoke(TestNGProvider.java:123)
	at org.apache.maven.surefire.booter.ForkedBooter.runSuitesInProcess(ForkedBooter.java:456)
	at org.apache.maven.surefire.booter.ForkedBooter.execute(ForkedBooter.java:169)
	at org.apache.maven.surefire.booter.ForkedBooter.run(ForkedBooter.java:595)
	at org.apache.maven.surefire.booter.ForkedBooter.main(ForkedBooter.java:581)
]]></failure>
    <system-out><![CDATA[Header cell value: 'Plan Name'
Header cell value: 'Plan Name'
Header cell value: 'URL /Path of Img'
Header cell value: 'Plan Name'
Header cell value: 'URL /Path of Img'
Header cell value: 'MinTimeInAdvanced'
Header cell value: 'Plan Name'
Header cell value: 'URL /Path of Img'
Header cell value: 'MinTimeInAdvanced'
Header cell value: 'MaxTimeInAdvanced'
Header cell value: 'Plan Name'
Header cell value: 'URL /Path of Img'
Header cell value: 'MinTimeInAdvanced'
Header cell value: 'MaxTimeInAdvanced'
Header cell value: 'MinGuestAllowed'
Header cell value: 'From'
Header cell value: 'Plan Name'
Header cell value: 'URL /Path of Img'
Header cell value: 'MinTimeInAdvanced'
Header cell value: 'MaxTimeInAdvanced'
Header cell value: 'MinGuestAllowed'
Header cell value: 'From'
Header cell value: 'To'
Header cell value: 'Plan Name'
Header cell value: 'URL /Path of Img'
Header cell value: 'MinTimeInAdvanced'
Header cell value: 'MaxTimeInAdvanced'
Header cell value: 'MinGuestAllowed'
Header cell value: 'From'
Header cell value: 'To'
Header cell value: 'MaxGuestPerSlot'
Header cell value: 'GuestPerPackage'
Header cell value: 'MaxPackages/Event Allowed'
Header cell value: 'MaxGuestsAllowed'
Header cell value: 'Plan Name'
Header cell value: 'URL /Path of Img'
Header cell value: 'MinTimeInAdvanced'
Header cell value: 'MaxTimeInAdvanced'
Header cell value: 'MinGuestAllowed'
Header cell value: 'From'
Header cell value: 'To'
Header cell value: 'MaxGuestPerSlot'
Header cell value: 'GuestPerPackage'
Header cell value: 'MaxPackages/Event Allowed'
Header cell value: 'MaxGuestsAllowed'
Header cell value: 'PurchaseItemsName'
Header cell value: 'Plan Name'
Header cell value: 'URL /Path of Img'
Header cell value: 'MinTimeInAdvanced'
Header cell value: 'MaxTimeInAdvanced'
Header cell value: 'MinGuestAllowed'
Header cell value: 'From'
Header cell value: 'To'
Header cell value: 'MaxGuestPerSlot'
Header cell value: 'GuestPerPackage'
Header cell value: 'MaxPackages/Event Allowed'
Header cell value: 'MaxGuestsAllowed'
Header cell value: 'PurchaseItemsName'
Header cell value: 'PurchaseItemsprice'
Header cell value: 'Plan Name'
Header cell value: 'URL /Path of Img'
Header cell value: 'MinTimeInAdvanced'
Header cell value: 'MaxTimeInAdvanced'
Header cell value: 'MinGuestAllowed'
Header cell value: 'From'
Header cell value: 'To'
Header cell value: 'MaxGuestPerSlot'
Header cell value: 'GuestPerPackage'
Header cell value: 'MaxPackages/Event Allowed'
Header cell value: 'MaxGuestsAllowed'
Header cell value: 'PurchaseItemsName'
Header cell value: 'PurchaseItemsprice'
Header cell value: 'PurchaseItemSaleTax'
Header cell value: 'Plan Name'
Header cell value: 'URL /Path of Img'
Header cell value: 'MinTimeInAdvanced'
Header cell value: 'MaxTimeInAdvanced'
Header cell value: 'MinGuestAllowed'
Header cell value: 'From'
Header cell value: 'To'
Header cell value: 'MaxGuestPerSlot'
Header cell value: 'GuestPerPackage'
Header cell value: 'MaxPackages/Event Allowed'
Header cell value: 'MaxGuestsAllowed'
Header cell value: 'PurchaseItemsName'
Header cell value: 'PurchaseItemsprice'
Header cell value: 'PurchaseItemSaleTax'
Header cell value: 'PurchaseItemTimeFrame'
Header cell value: 'Plan Name'
Header cell value: 'URL /Path of Img'
Header cell value: 'MinTimeInAdvanced'
Header cell value: 'MaxTimeInAdvanced'
Header cell value: 'MinGuestAllowed'
Header cell value: 'From'
Header cell value: 'To'
Header cell value: 'MaxGuestPerSlot'
Header cell value: 'GuestPerPackage'
Header cell value: 'MaxPackages/Event Allowed'
Header cell value: 'MaxGuestsAllowed'
Header cell value: 'PurchaseItemsName'
Header cell value: 'PurchaseItemsprice'
Header cell value: 'PurchaseItemSaleTax'
Header cell value: 'PurchaseItemTimeFrame'
Header cell value: 'SlotNo1'
Header cell value: 'SlotNo2'
Header cell value: 'Slot1StartTimehour'
Header cell value: 'Plan Name'
Header cell value: 'URL /Path of Img'
Header cell value: 'MinTimeInAdvanced'
Header cell value: 'MaxTimeInAdvanced'
Header cell value: 'MinGuestAllowed'
Header cell value: 'From'
Header cell value: 'To'
Header cell value: 'MaxGuestPerSlot'
Header cell value: 'GuestPerPackage'
Header cell value: 'MaxPackages/Event Allowed'
Header cell value: 'MaxGuestsAllowed'
Header cell value: 'PurchaseItemsName'
Header cell value: 'PurchaseItemsprice'
Header cell value: 'PurchaseItemSaleTax'
Header cell value: 'PurchaseItemTimeFrame'
Header cell value: 'SlotNo1'
Header cell value: 'SlotNo2'
Header cell value: 'Slot1StartTimehour'
Header cell value: 'StartMinute'
Header cell value: 'Plan Name'
Header cell value: 'URL /Path of Img'
Header cell value: 'MinTimeInAdvanced'
Header cell value: 'MaxTimeInAdvanced'
Header cell value: 'MinGuestAllowed'
Header cell value: 'From'
Header cell value: 'To'
Header cell value: 'MaxGuestPerSlot'
Header cell value: 'GuestPerPackage'
Header cell value: 'MaxPackages/Event Allowed'
Header cell value: 'MaxGuestsAllowed'
Header cell value: 'PurchaseItemsName'
Header cell value: 'PurchaseItemsprice'
Header cell value: 'PurchaseItemSaleTax'
Header cell value: 'PurchaseItemTimeFrame'
Header cell value: 'SlotNo1'
Header cell value: 'SlotNo2'
Header cell value: 'Slot1StartTimehour'
Header cell value: 'StartMinute'
Header cell value: 'EndMinute'
Header cell value: 'StartTimeAMPM'
Header cell value: 'Plan Name'
Header cell value: 'URL /Path of Img'
Header cell value: 'MinTimeInAdvanced'
Header cell value: 'MaxTimeInAdvanced'
Header cell value: 'MinGuestAllowed'
Header cell value: 'From'
Header cell value: 'To'
Header cell value: 'MaxGuestPerSlot'
Header cell value: 'GuestPerPackage'
Header cell value: 'MaxPackages/Event Allowed'
Header cell value: 'MaxGuestsAllowed'
Header cell value: 'PurchaseItemsName'
Header cell value: 'PurchaseItemsprice'
Header cell value: 'PurchaseItemSaleTax'
Header cell value: 'PurchaseItemTimeFrame'
Header cell value: 'SlotNo1'
Header cell value: 'SlotNo2'
Header cell value: 'Slot1StartTimehour'
Header cell value: 'StartMinute'
Header cell value: 'EndMinute'
Header cell value: 'StartTimeAMPM'
Header cell value: 'EndTimeAMPM'
Header cell value: 'Slot1EndTimehour'
Header cell value: 'Plan Name'
Header cell value: 'URL /Path of Img'
Header cell value: 'MinTimeInAdvanced'
Header cell value: 'MaxTimeInAdvanced'
Header cell value: 'MinGuestAllowed'
Header cell value: 'From'
Header cell value: 'To'
Header cell value: 'MaxGuestPerSlot'
Header cell value: 'GuestPerPackage'
Header cell value: 'MaxPackages/Event Allowed'
Header cell value: 'MaxGuestsAllowed'
Header cell value: 'PurchaseItemsName'
Header cell value: 'PurchaseItemsprice'
Header cell value: 'PurchaseItemSaleTax'
Header cell value: 'PurchaseItemTimeFrame'
Header cell value: 'SlotNo1'
Header cell value: 'SlotNo2'
Header cell value: 'Slot1StartTimehour'
Header cell value: 'StartMinute'
Header cell value: 'EndMinute'
Header cell value: 'Plan Name'
Header cell value: 'URL /Path of Img'
Header cell value: 'MinTimeInAdvanced'
Header cell value: 'MaxTimeInAdvanced'
Header cell value: 'MinGuestAllowed'
Header cell value: 'From'
Header cell value: 'To'
Header cell value: 'MaxGuestPerSlot'
Header cell value: 'GuestPerPackage'
Header cell value: 'MaxPackages/Event Allowed'
Header cell value: 'MaxGuestsAllowed'
Header cell value: 'PurchaseItemsName'
Header cell value: 'PurchaseItemsprice'
Header cell value: 'PurchaseItemSaleTax'
Header cell value: 'PurchaseItemTimeFrame'
Header cell value: 'SlotNo1'
Header cell value: 'SlotNo2'
Header cell value: 'Slot1StartTimehour'
Header cell value: 'StartMinute'
Header cell value: 'EndMinute'
Header cell value: 'StartTimeAMPM'
Header cell value: 'EndTimeAMPM'
Header cell value: 'Plan Name'
Header cell value: 'URL /Path of Img'
Header cell value: 'MinTimeInAdvanced'
Header cell value: 'MaxTimeInAdvanced'
Header cell value: 'MinGuestAllowed'
Header cell value: 'From'
Header cell value: 'To'
Header cell value: 'MaxGuestPerSlot'
Header cell value: 'GuestPerPackage'
Header cell value: 'MaxPackages/Event Allowed'
Header cell value: 'MaxGuestsAllowed'
Header cell value: 'PurchaseItemsName'
Header cell value: 'PurchaseItemsprice'
Header cell value: 'PurchaseItemSaleTax'
Header cell value: 'PurchaseItemTimeFrame'
Header cell value: 'SlotNo1'
Header cell value: 'SlotNo2'
Header cell value: 'Slot1StartTimehour'
Header cell value: 'StartMinute'
Header cell value: 'EndMinute'
Header cell value: 'StartTimeAMPM'
Header cell value: 'EndTimeAMPM'
Header cell value: 'Slot1EndTimehour'
Header cell value: 'PackageSlot1/Person/guest/slot/Event  price'
Header cell value: 'packageSlot1/Person/guest/slot SaleTax'
Header cell value: 'AdditionalGuestSlot1Price'
Header cell value: 'AdditonalGuestSlot1SaleTax'
Header cell value: 'Slot2StartTimehour'
Header cell value: 'Plan Name'
Header cell value: 'URL /Path of Img'
Header cell value: 'MinTimeInAdvanced'
Header cell value: 'MaxTimeInAdvanced'
Header cell value: 'MinGuestAllowed'
Header cell value: 'From'
Header cell value: 'To'
Header cell value: 'MaxGuestPerSlot'
Header cell value: 'GuestPerPackage'
Header cell value: 'MaxPackages/Event Allowed'
Header cell value: 'MaxGuestsAllowed'
Header cell value: 'PurchaseItemsName'
Header cell value: 'PurchaseItemsprice'
Header cell value: 'PurchaseItemSaleTax'
Header cell value: 'PurchaseItemTimeFrame'
Header cell value: 'SlotNo1'
Header cell value: 'SlotNo2'
Header cell value: 'Slot1StartTimehour'
Header cell value: 'StartMinute'
Header cell value: 'Plan Name'
Header cell value: 'URL /Path of Img'
Header cell value: 'MinTimeInAdvanced'
Header cell value: 'MaxTimeInAdvanced'
Header cell value: 'MinGuestAllowed'
Header cell value: 'From'
Header cell value: 'To'
Header cell value: 'MaxGuestPerSlot'
Header cell value: 'GuestPerPackage'
Header cell value: 'MaxPackages/Event Allowed'
Header cell value: 'MaxGuestsAllowed'
Header cell value: 'PurchaseItemsName'
Header cell value: 'PurchaseItemsprice'
Header cell value: 'PurchaseItemSaleTax'
Header cell value: 'PurchaseItemTimeFrame'
Header cell value: 'SlotNo1'
Header cell value: 'SlotNo2'
Header cell value: 'Slot1StartTimehour'
Header cell value: 'StartMinute'
Header cell value: 'EndMinute'
Header cell value: 'StartTimeAMPM'
Header cell value: 'Plan Name'
Header cell value: 'URL /Path of Img'
Header cell value: 'MinTimeInAdvanced'
Header cell value: 'MaxTimeInAdvanced'
Header cell value: 'MinGuestAllowed'
Header cell value: 'From'
Header cell value: 'To'
Header cell value: 'MaxGuestPerSlot'
Header cell value: 'GuestPerPackage'
Header cell value: 'MaxPackages/Event Allowed'
Header cell value: 'MaxGuestsAllowed'
Header cell value: 'PurchaseItemsName'
Header cell value: 'PurchaseItemsprice'
Header cell value: 'PurchaseItemSaleTax'
Header cell value: 'PurchaseItemTimeFrame'
Header cell value: 'SlotNo1'
Header cell value: 'SlotNo2'
Header cell value: 'Slot1StartTimehour'
Header cell value: 'StartMinute'
Header cell value: 'EndMinute'
Header cell value: 'StartTimeAMPM'
Header cell value: 'EndTimeAMPM'
Header cell value: 'Slot1EndTimehour'
Header cell value: 'PackageSlot1/Person/guest/slot/Event  price'
Header cell value: 'packageSlot1/Person/guest/slot SaleTax'
Header cell value: 'AdditionalGuestSlot1Price'
Header cell value: 'AdditonalGuestSlot1SaleTax'
Header cell value: 'Slot2StartTimehour'
Header cell value: 'Slot2EndTimehour'
Header cell value: 'Plan Name'
Header cell value: 'URL /Path of Img'
Header cell value: 'MinTimeInAdvanced'
Header cell value: 'MaxTimeInAdvanced'
Header cell value: 'MinGuestAllowed'
Header cell value: 'From'
Header cell value: 'To'
Header cell value: 'MaxGuestPerSlot'
Header cell value: 'GuestPerPackage'
Header cell value: 'MaxPackages/Event Allowed'
Header cell value: 'MaxGuestsAllowed'
Header cell value: 'PurchaseItemsName'
Header cell value: 'PurchaseItemsprice'
Header cell value: 'PurchaseItemSaleTax'
Header cell value: 'PurchaseItemTimeFrame'
Header cell value: 'SlotNo1'
Header cell value: 'SlotNo2'
Header cell value: 'Slot1StartTimehour'
Header cell value: 'StartMinute'
Header cell value: 'EndMinute'
Header cell value: 'Plan Name'
Header cell value: 'URL /Path of Img'
Header cell value: 'MinTimeInAdvanced'
Header cell value: 'MaxTimeInAdvanced'
Header cell value: 'MinGuestAllowed'
Header cell value: 'From'
Header cell value: 'To'
Header cell value: 'MaxGuestPerSlot'
Header cell value: 'GuestPerPackage'
Header cell value: 'MaxPackages/Event Allowed'
Header cell value: 'MaxGuestsAllowed'
Header cell value: 'PurchaseItemsName'
Header cell value: 'PurchaseItemsprice'
Header cell value: 'PurchaseItemSaleTax'
Header cell value: 'PurchaseItemTimeFrame'
Header cell value: 'SlotNo1'
Header cell value: 'SlotNo2'
Header cell value: 'Slot1StartTimehour'
Header cell value: 'StartMinute'
Header cell value: 'EndMinute'
Header cell value: 'StartTimeAMPM'
Header cell value: 'EndTimeAMPM'
Header cell value: 'Plan Name'
Header cell value: 'URL /Path of Img'
Header cell value: 'MinTimeInAdvanced'
Header cell value: 'MaxTimeInAdvanced'
Header cell value: 'MinGuestAllowed'
Header cell value: 'From'
Header cell value: 'To'
Header cell value: 'MaxGuestPerSlot'
Header cell value: 'GuestPerPackage'
Header cell value: 'MaxPackages/Event Allowed'
Header cell value: 'MaxGuestsAllowed'
Header cell value: 'PurchaseItemsName'
Header cell value: 'PurchaseItemsprice'
Header cell value: 'PurchaseItemSaleTax'
Header cell value: 'PurchaseItemTimeFrame'
Header cell value: 'SlotNo1'
Header cell value: 'SlotNo2'
Header cell value: 'Slot1StartTimehour'
Header cell value: 'StartMinute'
Header cell value: 'EndMinute'
Header cell value: 'StartTimeAMPM'
Header cell value: 'EndTimeAMPM'
Header cell value: 'Slot1EndTimehour'
Header cell value: 'PackageSlot1/Person/guest/slot/Event  price'
Header cell value: 'Plan Name'
Header cell value: 'URL /Path of Img'
Header cell value: 'MinTimeInAdvanced'
Header cell value: 'MaxTimeInAdvanced'
Header cell value: 'MinGuestAllowed'
Header cell value: 'From'
Header cell value: 'To'
Header cell value: 'MaxGuestPerSlot'
Header cell value: 'GuestPerPackage'
Header cell value: 'MaxPackages/Event Allowed'
Header cell value: 'MaxGuestsAllowed'
Header cell value: 'PurchaseItemsName'
Header cell value: 'PurchaseItemsprice'
Header cell value: 'PurchaseItemSaleTax'
Header cell value: 'PurchaseItemTimeFrame'
Header cell value: 'SlotNo1'
Header cell value: 'SlotNo2'
Header cell value: 'Slot1StartTimehour'
Header cell value: 'StartMinute'
Header cell value: 'EndMinute'
Header cell value: 'StartTimeAMPM'
Header cell value: 'EndTimeAMPM'
Header cell value: 'Slot1EndTimehour'
Header cell value: 'PackageSlot1/Person/guest/slot/Event  price'
Header cell value: 'packageSlot1/Person/guest/slot SaleTax'
Header cell value: 'AdditionalGuestSlot1Price'
Header cell value: 'AdditonalGuestSlot1SaleTax'
Header cell value: 'Slot2StartTimehour'
Header cell value: 'Slot2EndTimehour'
Header cell value: 'PackageSlot2/Person/guest/slotPrice'
Header cell value: 'Plan Name'
Header cell value: 'URL /Path of Img'
Header cell value: 'MinTimeInAdvanced'
Header cell value: 'MaxTimeInAdvanced'
Header cell value: 'MinGuestAllowed'
Header cell value: 'From'
Header cell value: 'To'
Header cell value: 'MaxGuestPerSlot'
Header cell value: 'GuestPerPackage'
Header cell value: 'MaxPackages/Event Allowed'
Header cell value: 'MaxGuestsAllowed'
Header cell value: 'PurchaseItemsName'
Header cell value: 'PurchaseItemsprice'
Header cell value: 'PurchaseItemSaleTax'
Header cell value: 'PurchaseItemTimeFrame'
Header cell value: 'SlotNo1'
Header cell value: 'SlotNo2'
Header cell value: 'Slot1StartTimehour'
Header cell value: 'StartMinute'
Header cell value: 'EndMinute'
Header cell value: 'StartTimeAMPM'
Header cell value: 'EndTimeAMPM'
Header cell value: 'Slot1EndTimehour'
Header cell value: 'PackageSlot1/Person/guest/slot/Event  price'
Header cell value: 'packageSlot1/Person/guest/slot SaleTax'
Header cell value: 'AdditionalGuestSlot1Price'
Header cell value: 'AdditonalGuestSlot1SaleTax'
Header cell value: 'Slot2StartTimehour'
Header cell value: 'Slot2EndTimehour'
Header cell value: 'PackageSlot2/Person/guest/slotPrice'
Header cell value: 'packageSlot2/Person/guest/slot SaleTax'
Header cell value: 'AdditionalGuestSlot2Price'
Header cell value: 'AdditonalGuestSlot2SaleTax'
Header cell value: 'ProcessingFeeName'
Header cell value: 'ProcessingFeeAmount'
Header cell value: 'Refund Type'
Header cell value: 'Plan Name'
Header cell value: 'URL /Path of Img'
Header cell value: 'MinTimeInAdvanced'
Header cell value: 'MaxTimeInAdvanced'
Header cell value: 'MinGuestAllowed'
Header cell value: 'From'
Header cell value: 'To'
Header cell value: 'MaxGuestPerSlot'
Header cell value: 'GuestPerPackage'
Header cell value: 'MaxPackages/Event Allowed'
Header cell value: 'MaxGuestsAllowed'
Header cell value: 'PurchaseItemsName'
Header cell value: 'PurchaseItemsprice'
Header cell value: 'PurchaseItemSaleTax'
Header cell value: 'PurchaseItemTimeFrame'
Header cell value: 'SlotNo1'
Header cell value: 'SlotNo2'
Header cell value: 'Slot1StartTimehour'
Header cell value: 'StartMinute'
Header cell value: 'EndMinute'
Header cell value: 'StartTimeAMPM'
Header cell value: 'EndTimeAMPM'
Header cell value: 'Slot1EndTimehour'
Header cell value: 'PackageSlot1/Person/guest/slot/Event  price'
Header cell value: 'packageSlot1/Person/guest/slot SaleTax'
Header cell value: 'AdditionalGuestSlot1Price'
Header cell value: 'AdditonalGuestSlot1SaleTax'
Header cell value: 'Slot2StartTimehour'
Header cell value: 'Slot2EndTimehour'
Header cell value: 'PackageSlot2/Person/guest/slotPrice'
Header cell value: 'packageSlot2/Person/guest/slot SaleTax'
Header cell value: 'AdditionalGuestSlot2Price'
Header cell value: 'AdditonalGuestSlot2SaleTax'
Header cell value: 'ProcessingFeeName'
Header cell value: 'ProcessingFeeAmount'
Header cell value: 'Refund Type'
Header cell value: 'Refund Amount'
Header cell value: 'Plan Name'
Header cell value: 'URL /Path of Img'
Header cell value: 'MinTimeInAdvanced'
Header cell value: 'MaxTimeInAdvanced'
Header cell value: 'MinGuestAllowed'
Header cell value: 'From'
Header cell value: 'To'
Header cell value: 'MaxGuestPerSlot'
Header cell value: 'GuestPerPackage'
Header cell value: 'MaxPackages/Event Allowed'
Header cell value: 'MaxGuestsAllowed'
Header cell value: 'PurchaseItemsName'
Header cell value: 'PurchaseItemsprice'
Header cell value: 'PurchaseItemSaleTax'
Header cell value: 'PurchaseItemTimeFrame'
Header cell value: 'SlotNo1'
Header cell value: 'SlotNo2'
Header cell value: 'Slot1StartTimehour'
Header cell value: 'StartMinute'
Header cell value: 'EndMinute'
Header cell value: 'StartTimeAMPM'
Header cell value: 'EndTimeAMPM'
Header cell value: 'Slot1EndTimehour'
Header cell value: 'PackageSlot1/Person/guest/slot/Event  price'
Header cell value: 'packageSlot1/Person/guest/slot SaleTax'
Header cell value: 'AdditionalGuestSlot1Price'
Header cell value: 'AdditonalGuestSlot1SaleTax'
Header cell value: 'Slot2StartTimehour'
Header cell value: 'Slot2EndTimehour'
Header cell value: 'PackageSlot2/Person/guest/slotPrice'
Header cell value: 'packageSlot2/Person/guest/slot SaleTax'
Header cell value: 'AdditionalGuestSlot2Price'
Header cell value: 'AdditonalGuestSlot2SaleTax'
Header cell value: 'ProcessingFeeName'
Header cell value: 'Plan Name'
Header cell value: 'URL /Path of Img'
Header cell value: 'MinTimeInAdvanced'
Header cell value: 'MaxTimeInAdvanced'
Header cell value: 'MinGuestAllowed'
Header cell value: 'From'
Header cell value: 'To'
Header cell value: 'MaxGuestPerSlot'
Header cell value: 'GuestPerPackage'
Header cell value: 'MaxPackages/Event Allowed'
Header cell value: 'MaxGuestsAllowed'
Header cell value: 'PurchaseItemsName'
Header cell value: 'PurchaseItemsprice'
Header cell value: 'PurchaseItemSaleTax'
Header cell value: 'PurchaseItemTimeFrame'
Header cell value: 'SlotNo1'
Header cell value: 'SlotNo2'
Header cell value: 'Slot1StartTimehour'
Header cell value: 'StartMinute'
Header cell value: 'EndMinute'
Header cell value: 'StartTimeAMPM'
Header cell value: 'EndTimeAMPM'
Header cell value: 'Slot1EndTimehour'
Header cell value: 'PackageSlot1/Person/guest/slot/Event  price'
Header cell value: 'packageSlot1/Person/guest/slot SaleTax'
Header cell value: 'AdditionalGuestSlot1Price'
Header cell value: 'AdditonalGuestSlot1SaleTax'
Header cell value: 'Slot2StartTimehour'
Header cell value: 'Slot2EndTimehour'
Header cell value: 'PackageSlot2/Person/guest/slotPrice'
Header cell value: 'packageSlot2/Person/guest/slot SaleTax'
Header cell value: 'AdditionalGuestSlot2Price'
Header cell value: 'AdditonalGuestSlot2SaleTax'
Header cell value: 'ProcessingFeeName'
Header cell value: 'ProcessingFeeAmount'
Header cell value: 'Plan Name'
Header cell value: 'URL /Path of Img'
Header cell value: 'MinTimeInAdvanced'
Header cell value: 'MaxTimeInAdvanced'
Header cell value: 'MinGuestAllowed'
Header cell value: 'From'
Header cell value: 'To'
Header cell value: 'MaxGuestPerSlot'
Header cell value: 'GuestPerPackage'
Header cell value: 'MaxPackages/Event Allowed'
Header cell value: 'MaxGuestsAllowed'
Header cell value: 'PurchaseItemsName'
Header cell value: 'PurchaseItemsprice'
Header cell value: 'PurchaseItemSaleTax'
Header cell value: 'PurchaseItemTimeFrame'
Header cell value: 'SlotNo1'
Header cell value: 'Plan Name'
Header cell value: 'URL /Path of Img'
Header cell value: 'MinTimeInAdvanced'
Header cell value: 'MaxTimeInAdvanced'
Header cell value: 'MinGuestAllowed'
Header cell value: 'From'
Header cell value: 'To'
Header cell value: 'MaxGuestPerSlot'
Header cell value: 'GuestPerPackage'
Header cell value: 'MaxPackages/Event Allowed'
Header cell value: 'MaxGuestsAllowed'
Header cell value: 'PurchaseItemsName'
Header cell value: 'PurchaseItemsprice'
Header cell value: 'PurchaseItemSaleTax'
Header cell value: 'PurchaseItemTimeFrame'
Header cell value: 'SlotNo1'
Header cell value: 'SlotNo2'
issue cause is :Expected condition failed: waiting for element to be clickable: Proxy element for: DefaultElementLocator 'By.xpath: //select[@name='schedules.0.venueDetail.0.serviceCategory']' (tried for 30 second(s) with 500 milliseconds interval)
]]></system-out>
    <system-err><![CDATA[org.openqa.selenium.TimeoutException: Expected condition failed: waiting for element to be clickable: Proxy element for: DefaultElementLocator 'By.xpath: //select[@name='schedules.0.venueDetail.0.serviceCategory']' (tried for 30 second(s) with 500 milliseconds interval)
	at org.openqa.selenium.support.ui.WebDriverWait.timeoutException(WebDriverWait.java:84)
	at org.openqa.selenium.support.ui.FluentWait.until(FluentWait.java:228)
	at com.bookingzoneadmin.pages.CreateBUY_NOWServicePlanPage.selectServiceCategory(CreateBUY_NOWServicePlanPage.java:254)
	at com.bookingzoneadmin.utils.CreatePlansCommonAction.configurePlanDetails(CreatePlansCommonAction.java:68)
	at com.bookingzoneadmin.createplans.tests.TC003_CreateEnableSessionPlan.testCreateEnableSessionPlan(TC003_CreateEnableSessionPlan.java:128)
	at java.base/jdk.internal.reflect.NativeMethodAccessorImpl.invoke0(Native Method)
	at java.base/jdk.internal.reflect.NativeMethodAccessorImpl.invoke(NativeMethodAccessorImpl.java:77)
	at java.base/jdk.internal.reflect.DelegatingMethodAccessorImpl.invoke(DelegatingMethodAccessorImpl.java:43)
	at java.base/java.lang.reflect.Method.invoke(Method.java:568)
	at org.testng.internal.invokers.MethodInvocationHelper.invokeMethod(MethodInvocationHelper.java:139)
	at org.testng.internal.invokers.TestInvoker.invokeMethod(TestInvoker.java:664)
	at org.testng.internal.invokers.TestInvoker.invokeTestMethod(TestInvoker.java:227)
	at org.testng.internal.invokers.MethodRunner.runInSequence(MethodRunner.java:50)
	at org.testng.internal.invokers.TestInvoker$MethodInvocationAgent.invoke(TestInvoker.java:957)
	at org.testng.internal.invokers.TestInvoker.invokeTestMethods(TestInvoker.java:200)
	at org.testng.internal.invokers.TestMethodWorker.invokeTestMethods(TestMethodWorker.java:148)
	at org.testng.internal.invokers.TestMethodWorker.run(TestMethodWorker.java:128)
	at java.base/java.util.ArrayList.forEach(ArrayList.java:1511)
	at org.testng.TestRunner.privateRun(TestRunner.java:848)
	at org.testng.TestRunner.run(TestRunner.java:621)
	at org.testng.SuiteRunner.runTest(SuiteRunner.java:443)
	at org.testng.SuiteRunner.runSequentially(SuiteRunner.java:437)
	at org.testng.SuiteRunner.privateRun(SuiteRunner.java:397)
	at org.testng.SuiteRunner.run(SuiteRunner.java:336)
	at org.testng.SuiteRunnerWorker.runSuite(SuiteRunnerWorker.java:52)
	at org.testng.SuiteRunnerWorker.run(SuiteRunnerWorker.java:95)
	at org.testng.TestNG.runSuitesSequentially(TestNG.java:1280)
	at org.testng.TestNG.runSuitesLocally(TestNG.java:1200)
	at org.testng.TestNG.runSuites(TestNG.java:1114)
	at org.testng.TestNG.run(TestNG.java:1082)
	at org.apache.maven.surefire.testng.TestNGExecutor.run(TestNGExecutor.java:324)
	at org.apache.maven.surefire.testng.TestNGXmlTestSuite.execute(TestNGXmlTestSuite.java:74)
	at org.apache.maven.surefire.testng.TestNGProvider.invoke(TestNGProvider.java:123)
	at org.apache.maven.surefire.booter.ForkedBooter.runSuitesInProcess(ForkedBooter.java:456)
	at org.apache.maven.surefire.booter.ForkedBooter.execute(ForkedBooter.java:169)
	at org.apache.maven.surefire.booter.ForkedBooter.run(ForkedBooter.java:595)
	at org.apache.maven.surefire.booter.ForkedBooter.main(ForkedBooter.java:581)
Caused by: org.openqa.selenium.NoSuchElementException: no such element: Unable to locate element: {"method":"xpath","selector":"//select[@name='schedules.0.venueDetail.0.serviceCategory']"}
  (Session info: chrome=135.0.7049.85)
For documentation on this error, please visit: https://www.selenium.dev/documentation/webdriver/troubleshooting/errors#no-such-element-exception
Build info: version: '4.18.1', revision: 'b1d3319b48'
System info: os.name: 'Windows 11', os.arch: 'amd64', os.version: '10.0', java.version: '17.0.6'
Driver info: org.openqa.selenium.chrome.ChromeDriver
Command: [7b0f7bbe1dbb392aecf0ae1f0f261a63, findElement {value=//select[@name='schedules.0.venueDetail.0.serviceCategory'], using=xpath}]
Capabilities {acceptInsecureCerts: false, browserName: chrome, browserVersion: 135.0.7049.85, chrome: {chromedriverVersion: 135.0.7049.84 (6c019e560019..., userDataDir: C:\Users\dipal\AppData\Loca...}, fedcm:accounts: true, goog:chromeOptions: {debuggerAddress: localhost:50026}, networkConnectionEnabled: false, pageLoadStrategy: normal, platformName: windows, proxy: Proxy(), se:cdp: ws://localhost:50026/devtoo..., se:cdpVersion: 135.0.7049.85, setWindowRect: true, strictFileInteractability: false, timeouts: {implicit: 0, pageLoad: 300000, script: 30000}, unhandledPromptBehavior: dismiss and notify, webauthn:extension:credBlob: true, webauthn:extension:largeBlob: true, webauthn:extension:minPinLength: true, webauthn:extension:prf: true, webauthn:virtualAuthenticators: true}
Session ID: 7b0f7bbe1dbb392aecf0ae1f0f261a63
	at jdk.internal.reflect.GeneratedConstructorAccessor57.newInstance(Unknown Source)
	at java.base/jdk.internal.reflect.DelegatingConstructorAccessorImpl.newInstance(DelegatingConstructorAccessorImpl.java:45)
	at java.base/java.lang.reflect.Constructor.newInstanceWithCaller(Constructor.java:499)
	at java.base/java.lang.reflect.Constructor.newInstance(Constructor.java:480)
	at org.openqa.selenium.remote.ErrorCodec.decode(ErrorCodec.java:167)
	at org.openqa.selenium.remote.codec.w3c.W3CHttpResponseCodec.decode(W3CHttpResponseCodec.java:138)
	at org.openqa.selenium.remote.codec.w3c.W3CHttpResponseCodec.decode(W3CHttpResponseCodec.java:50)
	at org.openqa.selenium.remote.HttpCommandExecutor.execute(HttpCommandExecutor.java:190)
	at org.openqa.selenium.remote.service.DriverCommandExecutor.invokeExecute(DriverCommandExecutor.java:216)
	at org.openqa.selenium.remote.service.DriverCommandExecutor.execute(DriverCommandExecutor.java:174)
	at org.openqa.selenium.remote.RemoteWebDriver.execute(RemoteWebDriver.java:519)
	at org.openqa.selenium.remote.ElementLocation$ElementFinder$2.findElement(ElementLocation.java:165)
	at org.openqa.selenium.remote.ElementLocation.findElement(ElementLocation.java:59)
	at org.openqa.selenium.remote.RemoteWebDriver.findElement(RemoteWebDriver.java:356)
	at org.openqa.selenium.remote.RemoteWebDriver.findElement(RemoteWebDriver.java:350)
	at org.openqa.selenium.support.pagefactory.DefaultElementLocator.findElement(DefaultElementLocator.java:68)
	at org.openqa.selenium.support.pagefactory.internal.LocatingElementHandler.invoke(LocatingElementHandler.java:38)
	at jdk.proxy2/jdk.proxy2.$Proxy28.isDisplayed(Unknown Source)
	at org.openqa.selenium.support.ui.ExpectedConditions.elementIfVisible(ExpectedConditions.java:304)
	at org.openqa.selenium.support.ui.ExpectedConditions$10.apply(ExpectedConditions.java:290)
	at org.openqa.selenium.support.ui.ExpectedConditions$10.apply(ExpectedConditions.java:287)
	at org.openqa.selenium.support.ui.ExpectedConditions$23.apply(ExpectedConditions.java:656)
	at org.openqa.selenium.support.ui.ExpectedConditions$23.apply(ExpectedConditions.java:652)
	at org.openqa.selenium.support.ui.FluentWait.until(FluentWait.java:203)
	... 35 more
]]></system-err>
  </testcase>
  <testcase name="testCreatePerEventPlan" classname="com.bookingzoneadmin.createplans.tests.TC004_CreatePerEventPlan" time="54.931">
    <failure message="Test case failed due to exception: Expected condition failed: waiting for element to be clickable: Proxy element for: DefaultElementLocator &apos;By.xpath: //select[@name=&apos;schedules.0.venueDetail.0.serviceCategory&apos;]&apos; (tried for 30 second(s) with 500 milliseconds interval)" type="java.lang.AssertionError"><![CDATA[java.lang.AssertionError: Test case failed due to exception: Expected condition failed: waiting for element to be clickable: Proxy element for: DefaultElementLocator 'By.xpath: //select[@name='schedules.0.venueDetail.0.serviceCategory']' (tried for 30 second(s) with 500 milliseconds interval)
	at org.testng.Assert.fail(Assert.java:111)
	at com.bookingzoneadmin.createplans.tests.TC004_CreatePerEventPlan.handleException(TC004_CreatePerEventPlan.java:224)
	at com.bookingzoneadmin.createplans.tests.TC004_CreatePerEventPlan.testCreatePerEventPlan(TC004_CreatePerEventPlan.java:144)
	at java.base/jdk.internal.reflect.NativeMethodAccessorImpl.invoke0(Native Method)
	at java.base/jdk.internal.reflect.NativeMethodAccessorImpl.invoke(NativeMethodAccessorImpl.java:77)
	at java.base/jdk.internal.reflect.DelegatingMethodAccessorImpl.invoke(DelegatingMethodAccessorImpl.java:43)
	at java.base/java.lang.reflect.Method.invoke(Method.java:568)
	at org.testng.internal.invokers.MethodInvocationHelper.invokeMethod(MethodInvocationHelper.java:139)
	at org.testng.internal.invokers.TestInvoker.invokeMethod(TestInvoker.java:664)
	at org.testng.internal.invokers.TestInvoker.invokeTestMethod(TestInvoker.java:227)
	at org.testng.internal.invokers.MethodRunner.runInSequence(MethodRunner.java:50)
	at org.testng.internal.invokers.TestInvoker$MethodInvocationAgent.invoke(TestInvoker.java:957)
	at org.testng.internal.invokers.TestInvoker.invokeTestMethods(TestInvoker.java:200)
	at org.testng.internal.invokers.TestMethodWorker.invokeTestMethods(TestMethodWorker.java:148)
	at org.testng.internal.invokers.TestMethodWorker.run(TestMethodWorker.java:128)
	at java.base/java.util.ArrayList.forEach(ArrayList.java:1511)
	at org.testng.TestRunner.privateRun(TestRunner.java:848)
	at org.testng.TestRunner.run(TestRunner.java:621)
	at org.testng.SuiteRunner.runTest(SuiteRunner.java:443)
	at org.testng.SuiteRunner.runSequentially(SuiteRunner.java:437)
	at org.testng.SuiteRunner.privateRun(SuiteRunner.java:397)
	at org.testng.SuiteRunner.run(SuiteRunner.java:336)
	at org.testng.SuiteRunnerWorker.runSuite(SuiteRunnerWorker.java:52)
	at org.testng.SuiteRunnerWorker.run(SuiteRunnerWorker.java:95)
	at org.testng.TestNG.runSuitesSequentially(TestNG.java:1280)
	at org.testng.TestNG.runSuitesLocally(TestNG.java:1200)
	at org.testng.TestNG.runSuites(TestNG.java:1114)
	at org.testng.TestNG.run(TestNG.java:1082)
	at org.apache.maven.surefire.testng.TestNGExecutor.run(TestNGExecutor.java:324)
	at org.apache.maven.surefire.testng.TestNGXmlTestSuite.execute(TestNGXmlTestSuite.java:74)
	at org.apache.maven.surefire.testng.TestNGProvider.invoke(TestNGProvider.java:123)
	at org.apache.maven.surefire.booter.ForkedBooter.runSuitesInProcess(ForkedBooter.java:456)
	at org.apache.maven.surefire.booter.ForkedBooter.execute(ForkedBooter.java:169)
	at org.apache.maven.surefire.booter.ForkedBooter.run(ForkedBooter.java:595)
	at org.apache.maven.surefire.booter.ForkedBooter.main(ForkedBooter.java:581)
]]></failure>
    <system-out><![CDATA[Header cell value: 'Plan Name'
Header cell value: 'Plan Name'
Header cell value: 'URL /Path of Img'
Header cell value: 'Plan Name'
Header cell value: 'URL /Path of Img'
Header cell value: 'MinTimeInAdvanced'
Header cell value: 'Plan Name'
Header cell value: 'URL /Path of Img'
Header cell value: 'MinTimeInAdvanced'
Header cell value: 'MaxTimeInAdvanced'
Header cell value: 'Plan Name'
Header cell value: 'URL /Path of Img'
Header cell value: 'MinTimeInAdvanced'
Header cell value: 'MaxTimeInAdvanced'
Header cell value: 'MinGuestAllowed'
Header cell value: 'From'
Header cell value: 'Plan Name'
Header cell value: 'URL /Path of Img'
Header cell value: 'MinTimeInAdvanced'
Header cell value: 'MaxTimeInAdvanced'
Header cell value: 'MinGuestAllowed'
Header cell value: 'From'
Header cell value: 'To'
Header cell value: 'Plan Name'
Header cell value: 'URL /Path of Img'
Header cell value: 'MinTimeInAdvanced'
Header cell value: 'MaxTimeInAdvanced'
Header cell value: 'MinGuestAllowed'
Header cell value: 'From'
Header cell value: 'To'
Header cell value: 'MaxGuestPerSlot'
Header cell value: 'GuestPerPackage'
Header cell value: 'MaxPackages/Event Allowed'
Header cell value: 'Plan Name'
Header cell value: 'URL /Path of Img'
Header cell value: 'MinTimeInAdvanced'
Header cell value: 'MaxTimeInAdvanced'
Header cell value: 'MinGuestAllowed'
Header cell value: 'Plan Name'
Header cell value: 'URL /Path of Img'
Header cell value: 'MinTimeInAdvanced'
Header cell value: 'MaxTimeInAdvanced'
Header cell value: 'MinGuestAllowed'
Header cell value: 'From'
Header cell value: 'To'
Header cell value: 'MaxGuestPerSlot'
Header cell value: 'Plan Name'
Header cell value: 'URL /Path of Img'
Header cell value: 'MinTimeInAdvanced'
Header cell value: 'MaxTimeInAdvanced'
Header cell value: 'MinGuestAllowed'
Header cell value: 'From'
Header cell value: 'To'
Header cell value: 'MaxGuestPerSlot'
Header cell value: 'GuestPerPackage'
Header cell value: 'MaxPackages/Event Allowed'
Header cell value: 'MaxGuestsAllowed'
Header cell value: 'Plan Name'
Header cell value: 'URL /Path of Img'
Header cell value: 'MinTimeInAdvanced'
Header cell value: 'MaxTimeInAdvanced'
Header cell value: 'MinGuestAllowed'
Header cell value: 'From'
Header cell value: 'To'
Header cell value: 'MaxGuestPerSlot'
Header cell value: 'GuestPerPackage'
Header cell value: 'MaxPackages/Event Allowed'
Header cell value: 'MaxGuestsAllowed'
Header cell value: 'PurchaseItemsName'
Header cell value: 'Plan Name'
Header cell value: 'URL /Path of Img'
Header cell value: 'MinTimeInAdvanced'
Header cell value: 'MaxTimeInAdvanced'
Header cell value: 'MinGuestAllowed'
Header cell value: 'From'
Header cell value: 'To'
Header cell value: 'MaxGuestPerSlot'
Header cell value: 'GuestPerPackage'
Header cell value: 'MaxPackages/Event Allowed'
Header cell value: 'MaxGuestsAllowed'
Header cell value: 'PurchaseItemsName'
Header cell value: 'PurchaseItemsprice'
Header cell value: 'Plan Name'
Header cell value: 'URL /Path of Img'
Header cell value: 'MinTimeInAdvanced'
Header cell value: 'MaxTimeInAdvanced'
Header cell value: 'MinGuestAllowed'
Header cell value: 'From'
Header cell value: 'To'
Header cell value: 'MaxGuestPerSlot'
Header cell value: 'GuestPerPackage'
Header cell value: 'MaxPackages/Event Allowed'
Header cell value: 'MaxGuestsAllowed'
Header cell value: 'PurchaseItemsName'
Header cell value: 'PurchaseItemsprice'
Header cell value: 'PurchaseItemSaleTax'
Header cell value: 'Plan Name'
Header cell value: 'URL /Path of Img'
Header cell value: 'MinTimeInAdvanced'
Header cell value: 'MaxTimeInAdvanced'
Header cell value: 'MinGuestAllowed'
Header cell value: 'From'
Header cell value: 'To'
Header cell value: 'MaxGuestPerSlot'
Header cell value: 'GuestPerPackage'
Header cell value: 'MaxPackages/Event Allowed'
Header cell value: 'MaxGuestsAllowed'
Header cell value: 'PurchaseItemsName'
Header cell value: 'PurchaseItemsprice'
Header cell value: 'PurchaseItemSaleTax'
Header cell value: 'PurchaseItemTimeFrame'
Header cell value: 'Plan Name'
Header cell value: 'URL /Path of Img'
Header cell value: 'MinTimeInAdvanced'
Header cell value: 'MaxTimeInAdvanced'
Header cell value: 'MinGuestAllowed'
Header cell value: 'From'
Header cell value: 'To'
Header cell value: 'MaxGuestPerSlot'
Header cell value: 'GuestPerPackage'
Header cell value: 'MaxPackages/Event Allowed'
Header cell value: 'MaxGuestsAllowed'
Header cell value: 'PurchaseItemsName'
Header cell value: 'PurchaseItemsprice'
Header cell value: 'PurchaseItemSaleTax'
Header cell value: 'PurchaseItemTimeFrame'
Header cell value: 'SlotNo1'
Header cell value: 'SlotNo2'
Header cell value: 'Slot1StartTimehour'
Header cell value: 'Plan Name'
Header cell value: 'URL /Path of Img'
Header cell value: 'MinTimeInAdvanced'
Header cell value: 'MaxTimeInAdvanced'
Header cell value: 'MinGuestAllowed'
Header cell value: 'From'
Header cell value: 'To'
Header cell value: 'MaxGuestPerSlot'
Header cell value: 'GuestPerPackage'
Header cell value: 'MaxPackages/Event Allowed'
Header cell value: 'MaxGuestsAllowed'
Header cell value: 'PurchaseItemsName'
Header cell value: 'PurchaseItemsprice'
Header cell value: 'PurchaseItemSaleTax'
Header cell value: 'PurchaseItemTimeFrame'
Header cell value: 'SlotNo1'
Header cell value: 'SlotNo2'
Header cell value: 'Slot1StartTimehour'
Header cell value: 'StartMinute'
Header cell value: 'Plan Name'
Header cell value: 'URL /Path of Img'
Header cell value: 'MinTimeInAdvanced'
Header cell value: 'MaxTimeInAdvanced'
Header cell value: 'MinGuestAllowed'
Header cell value: 'From'
Header cell value: 'To'
Header cell value: 'MaxGuestPerSlot'
Header cell value: 'GuestPerPackage'
Header cell value: 'MaxPackages/Event Allowed'
Header cell value: 'MaxGuestsAllowed'
Header cell value: 'PurchaseItemsName'
Header cell value: 'PurchaseItemsprice'
Header cell value: 'PurchaseItemSaleTax'
Header cell value: 'PurchaseItemTimeFrame'
Header cell value: 'SlotNo1'
Header cell value: 'SlotNo2'
Header cell value: 'Slot1StartTimehour'
Header cell value: 'StartMinute'
Header cell value: 'EndMinute'
Header cell value: 'StartTimeAMPM'
Header cell value: 'Plan Name'
Header cell value: 'URL /Path of Img'
Header cell value: 'MinTimeInAdvanced'
Header cell value: 'MaxTimeInAdvanced'
Header cell value: 'MinGuestAllowed'
Header cell value: 'From'
Header cell value: 'To'
Header cell value: 'MaxGuestPerSlot'
Header cell value: 'GuestPerPackage'
Header cell value: 'MaxPackages/Event Allowed'
Header cell value: 'MaxGuestsAllowed'
Header cell value: 'PurchaseItemsName'
Header cell value: 'PurchaseItemsprice'
Header cell value: 'PurchaseItemSaleTax'
Header cell value: 'PurchaseItemTimeFrame'
Header cell value: 'SlotNo1'
Header cell value: 'SlotNo2'
Header cell value: 'Slot1StartTimehour'
Header cell value: 'StartMinute'
Header cell value: 'EndMinute'
Header cell value: 'StartTimeAMPM'
Header cell value: 'EndTimeAMPM'
Header cell value: 'Slot1EndTimehour'
Header cell value: 'Plan Name'
Header cell value: 'URL /Path of Img'
Header cell value: 'MinTimeInAdvanced'
Header cell value: 'MaxTimeInAdvanced'
Header cell value: 'MinGuestAllowed'
Header cell value: 'From'
Header cell value: 'To'
Header cell value: 'MaxGuestPerSlot'
Header cell value: 'GuestPerPackage'
Header cell value: 'MaxPackages/Event Allowed'
Header cell value: 'MaxGuestsAllowed'
Header cell value: 'PurchaseItemsName'
Header cell value: 'PurchaseItemsprice'
Header cell value: 'PurchaseItemSaleTax'
Header cell value: 'PurchaseItemTimeFrame'
Header cell value: 'SlotNo1'
Header cell value: 'SlotNo2'
Header cell value: 'Slot1StartTimehour'
Header cell value: 'StartMinute'
Header cell value: 'EndMinute'
Header cell value: 'Plan Name'
Header cell value: 'URL /Path of Img'
Header cell value: 'MinTimeInAdvanced'
Header cell value: 'MaxTimeInAdvanced'
Header cell value: 'MinGuestAllowed'
Header cell value: 'From'
Header cell value: 'To'
Header cell value: 'MaxGuestPerSlot'
Header cell value: 'GuestPerPackage'
Header cell value: 'MaxPackages/Event Allowed'
Header cell value: 'MaxGuestsAllowed'
Header cell value: 'PurchaseItemsName'
Header cell value: 'PurchaseItemsprice'
Header cell value: 'PurchaseItemSaleTax'
Header cell value: 'PurchaseItemTimeFrame'
Header cell value: 'SlotNo1'
Header cell value: 'SlotNo2'
Header cell value: 'Slot1StartTimehour'
Header cell value: 'StartMinute'
Header cell value: 'EndMinute'
Header cell value: 'StartTimeAMPM'
Header cell value: 'EndTimeAMPM'
Header cell value: 'Plan Name'
Header cell value: 'URL /Path of Img'
Header cell value: 'MinTimeInAdvanced'
Header cell value: 'MaxTimeInAdvanced'
Header cell value: 'MinGuestAllowed'
Header cell value: 'From'
Header cell value: 'To'
Header cell value: 'MaxGuestPerSlot'
Header cell value: 'GuestPerPackage'
Header cell value: 'MaxPackages/Event Allowed'
Header cell value: 'MaxGuestsAllowed'
Header cell value: 'PurchaseItemsName'
Header cell value: 'PurchaseItemsprice'
Header cell value: 'PurchaseItemSaleTax'
Header cell value: 'PurchaseItemTimeFrame'
Header cell value: 'SlotNo1'
Header cell value: 'SlotNo2'
Header cell value: 'Slot1StartTimehour'
Header cell value: 'StartMinute'
Header cell value: 'EndMinute'
Header cell value: 'StartTimeAMPM'
Header cell value: 'EndTimeAMPM'
Header cell value: 'Slot1EndTimehour'
Header cell value: 'PackageSlot1/Person/guest/slot/Event  price'
Header cell value: 'Plan Name'
Header cell value: 'URL /Path of Img'
Header cell value: 'MinTimeInAdvanced'
Header cell value: 'MaxTimeInAdvanced'
Header cell value: 'MinGuestAllowed'
Header cell value: 'From'
Header cell value: 'To'
Header cell value: 'MaxGuestPerSlot'
Header cell value: 'GuestPerPackage'
Header cell value: 'MaxPackages/Event Allowed'
Header cell value: 'MaxGuestsAllowed'
Header cell value: 'PurchaseItemsName'
Header cell value: 'PurchaseItemsprice'
Header cell value: 'PurchaseItemSaleTax'
Header cell value: 'PurchaseItemTimeFrame'
Header cell value: 'SlotNo1'
Header cell value: 'SlotNo2'
Header cell value: 'Slot1StartTimehour'
Header cell value: 'StartMinute'
Header cell value: 'EndMinute'
Header cell value: 'StartTimeAMPM'
Header cell value: 'EndTimeAMPM'
Header cell value: 'Slot1EndTimehour'
Header cell value: 'PackageSlot1/Person/guest/slot/Event  price'
Header cell value: 'packageSlot1/Person/guest/slot SaleTax'
Header cell value: 'AdditionalGuestSlot1Price'
Header cell value: 'AdditonalGuestSlot1SaleTax'
Header cell value: 'Slot2StartTimehour'
Header cell value: 'Slot2EndTimehour'
Header cell value: 'PackageSlot2/Person/guest/slotPrice'
Header cell value: 'packageSlot2/Person/guest/slot SaleTax'
Header cell value: 'AdditionalGuestSlot2Price'
Header cell value: 'AdditonalGuestSlot2SaleTax'
Header cell value: 'ProcessingFeeName'
Header cell value: 'ProcessingFeeAmount'
Header cell value: 'Refund Type'
Header cell value: 'Plan Name'
Header cell value: 'URL /Path of Img'
Header cell value: 'MinTimeInAdvanced'
Header cell value: 'MaxTimeInAdvanced'
Header cell value: 'MinGuestAllowed'
Header cell value: 'From'
Header cell value: 'To'
Header cell value: 'MaxGuestPerSlot'
Header cell value: 'GuestPerPackage'
Header cell value: 'MaxPackages/Event Allowed'
Header cell value: 'MaxGuestsAllowed'
Header cell value: 'PurchaseItemsName'
Header cell value: 'PurchaseItemsprice'
Header cell value: 'PurchaseItemSaleTax'
Header cell value: 'PurchaseItemTimeFrame'
Header cell value: 'SlotNo1'
Header cell value: 'SlotNo2'
Header cell value: 'Slot1StartTimehour'
Header cell value: 'StartMinute'
Header cell value: 'EndMinute'
Header cell value: 'StartTimeAMPM'
Header cell value: 'EndTimeAMPM'
Header cell value: 'Slot1EndTimehour'
Header cell value: 'PackageSlot1/Person/guest/slot/Event  price'
Header cell value: 'packageSlot1/Person/guest/slot SaleTax'
Header cell value: 'AdditionalGuestSlot1Price'
Header cell value: 'AdditonalGuestSlot1SaleTax'
Header cell value: 'Slot2StartTimehour'
Header cell value: 'Slot2EndTimehour'
Header cell value: 'PackageSlot2/Person/guest/slotPrice'
Header cell value: 'packageSlot2/Person/guest/slot SaleTax'
Header cell value: 'AdditionalGuestSlot2Price'
Header cell value: 'AdditonalGuestSlot2SaleTax'
Header cell value: 'ProcessingFeeName'
Header cell value: 'ProcessingFeeAmount'
Header cell value: 'Refund Type'
Header cell value: 'Refund Amount'
Header cell value: 'Plan Name'
Header cell value: 'URL /Path of Img'
Header cell value: 'MinTimeInAdvanced'
Header cell value: 'MaxTimeInAdvanced'
Header cell value: 'MinGuestAllowed'
Header cell value: 'From'
Header cell value: 'To'
Header cell value: 'MaxGuestPerSlot'
Header cell value: 'GuestPerPackage'
Header cell value: 'MaxPackages/Event Allowed'
Header cell value: 'MaxGuestsAllowed'
Header cell value: 'PurchaseItemsName'
Header cell value: 'PurchaseItemsprice'
Header cell value: 'PurchaseItemSaleTax'
Header cell value: 'PurchaseItemTimeFrame'
Header cell value: 'SlotNo1'
Header cell value: 'SlotNo2'
Header cell value: 'Slot1StartTimehour'
Header cell value: 'StartMinute'
Header cell value: 'EndMinute'
Header cell value: 'StartTimeAMPM'
Header cell value: 'EndTimeAMPM'
Header cell value: 'Slot1EndTimehour'
Header cell value: 'PackageSlot1/Person/guest/slot/Event  price'
Header cell value: 'packageSlot1/Person/guest/slot SaleTax'
Header cell value: 'AdditionalGuestSlot1Price'
Header cell value: 'AdditonalGuestSlot1SaleTax'
Header cell value: 'Slot2StartTimehour'
Header cell value: 'Slot2EndTimehour'
Header cell value: 'PackageSlot2/Person/guest/slotPrice'
Header cell value: 'packageSlot2/Person/guest/slot SaleTax'
Header cell value: 'AdditionalGuestSlot2Price'
Header cell value: 'AdditonalGuestSlot2SaleTax'
Header cell value: 'ProcessingFeeName'
Header cell value: 'Plan Name'
Header cell value: 'URL /Path of Img'
Header cell value: 'MinTimeInAdvanced'
Header cell value: 'MaxTimeInAdvanced'
Header cell value: 'MinGuestAllowed'
Header cell value: 'From'
Header cell value: 'To'
Header cell value: 'MaxGuestPerSlot'
Header cell value: 'GuestPerPackage'
Header cell value: 'MaxPackages/Event Allowed'
Header cell value: 'MaxGuestsAllowed'
Header cell value: 'PurchaseItemsName'
Header cell value: 'PurchaseItemsprice'
Header cell value: 'PurchaseItemSaleTax'
Header cell value: 'PurchaseItemTimeFrame'
Header cell value: 'SlotNo1'
Header cell value: 'SlotNo2'
Header cell value: 'Slot1StartTimehour'
Header cell value: 'StartMinute'
Header cell value: 'EndMinute'
Header cell value: 'StartTimeAMPM'
Header cell value: 'EndTimeAMPM'
Header cell value: 'Slot1EndTimehour'
Header cell value: 'PackageSlot1/Person/guest/slot/Event  price'
Header cell value: 'packageSlot1/Person/guest/slot SaleTax'
Header cell value: 'AdditionalGuestSlot1Price'
Header cell value: 'AdditonalGuestSlot1SaleTax'
Header cell value: 'Slot2StartTimehour'
Header cell value: 'Slot2EndTimehour'
Header cell value: 'PackageSlot2/Person/guest/slotPrice'
Header cell value: 'packageSlot2/Person/guest/slot SaleTax'
Header cell value: 'AdditionalGuestSlot2Price'
Header cell value: 'AdditonalGuestSlot2SaleTax'
Header cell value: 'ProcessingFeeName'
Header cell value: 'ProcessingFeeAmount'
Header cell value: 'Plan Name'
Header cell value: 'URL /Path of Img'
Header cell value: 'MinTimeInAdvanced'
Header cell value: 'MaxTimeInAdvanced'
Header cell value: 'MinGuestAllowed'
Header cell value: 'From'
Header cell value: 'To'
Header cell value: 'MaxGuestPerSlot'
Header cell value: 'GuestPerPackage'
Header cell value: 'MaxPackages/Event Allowed'
Header cell value: 'MaxGuestsAllowed'
Header cell value: 'PurchaseItemsName'
Header cell value: 'PurchaseItemsprice'
Header cell value: 'PurchaseItemSaleTax'
Header cell value: 'PurchaseItemTimeFrame'
Header cell value: 'SlotNo1'
issue cause is :Expected condition failed: waiting for element to be clickable: Proxy element for: DefaultElementLocator 'By.xpath: //select[@name='schedules.0.venueDetail.0.serviceCategory']' (tried for 30 second(s) with 500 milliseconds interval)
]]></system-out>
    <system-err><![CDATA[org.openqa.selenium.TimeoutException: Expected condition failed: waiting for element to be clickable: Proxy element for: DefaultElementLocator 'By.xpath: //select[@name='schedules.0.venueDetail.0.serviceCategory']' (tried for 30 second(s) with 500 milliseconds interval)
	at org.openqa.selenium.support.ui.WebDriverWait.timeoutException(WebDriverWait.java:84)
	at org.openqa.selenium.support.ui.FluentWait.until(FluentWait.java:228)
	at com.bookingzoneadmin.pages.CreateBUY_NOWServicePlanPage.selectServiceCategory(CreateBUY_NOWServicePlanPage.java:254)
	at com.bookingzoneadmin.utils.CreatePlansCommonAction.configurePlanDetails(CreatePlansCommonAction.java:68)
	at com.bookingzoneadmin.createplans.tests.TC004_CreatePerEventPlan.testCreatePerEventPlan(TC004_CreatePerEventPlan.java:123)
	at java.base/jdk.internal.reflect.NativeMethodAccessorImpl.invoke0(Native Method)
	at java.base/jdk.internal.reflect.NativeMethodAccessorImpl.invoke(NativeMethodAccessorImpl.java:77)
	at java.base/jdk.internal.reflect.DelegatingMethodAccessorImpl.invoke(DelegatingMethodAccessorImpl.java:43)
	at java.base/java.lang.reflect.Method.invoke(Method.java:568)
	at org.testng.internal.invokers.MethodInvocationHelper.invokeMethod(MethodInvocationHelper.java:139)
	at org.testng.internal.invokers.TestInvoker.invokeMethod(TestInvoker.java:664)
	at org.testng.internal.invokers.TestInvoker.invokeTestMethod(TestInvoker.java:227)
	at org.testng.internal.invokers.MethodRunner.runInSequence(MethodRunner.java:50)
	at org.testng.internal.invokers.TestInvoker$MethodInvocationAgent.invoke(TestInvoker.java:957)
	at org.testng.internal.invokers.TestInvoker.invokeTestMethods(TestInvoker.java:200)
	at org.testng.internal.invokers.TestMethodWorker.invokeTestMethods(TestMethodWorker.java:148)
	at org.testng.internal.invokers.TestMethodWorker.run(TestMethodWorker.java:128)
	at java.base/java.util.ArrayList.forEach(ArrayList.java:1511)
	at org.testng.TestRunner.privateRun(TestRunner.java:848)
	at org.testng.TestRunner.run(TestRunner.java:621)
	at org.testng.SuiteRunner.runTest(SuiteRunner.java:443)
	at org.testng.SuiteRunner.runSequentially(SuiteRunner.java:437)
	at org.testng.SuiteRunner.privateRun(SuiteRunner.java:397)
	at org.testng.SuiteRunner.run(SuiteRunner.java:336)
	at org.testng.SuiteRunnerWorker.runSuite(SuiteRunnerWorker.java:52)
	at org.testng.SuiteRunnerWorker.run(SuiteRunnerWorker.java:95)
	at org.testng.TestNG.runSuitesSequentially(TestNG.java:1280)
	at org.testng.TestNG.runSuitesLocally(TestNG.java:1200)
	at org.testng.TestNG.runSuites(TestNG.java:1114)
	at org.testng.TestNG.run(TestNG.java:1082)
	at org.apache.maven.surefire.testng.TestNGExecutor.run(TestNGExecutor.java:324)
	at org.apache.maven.surefire.testng.TestNGXmlTestSuite.execute(TestNGXmlTestSuite.java:74)
	at org.apache.maven.surefire.testng.TestNGProvider.invoke(TestNGProvider.java:123)
	at org.apache.maven.surefire.booter.ForkedBooter.runSuitesInProcess(ForkedBooter.java:456)
	at org.apache.maven.surefire.booter.ForkedBooter.execute(ForkedBooter.java:169)
	at org.apache.maven.surefire.booter.ForkedBooter.run(ForkedBooter.java:595)
	at org.apache.maven.surefire.booter.ForkedBooter.main(ForkedBooter.java:581)
Caused by: org.openqa.selenium.NoSuchElementException: no such element: Unable to locate element: {"method":"xpath","selector":"//select[@name='schedules.0.venueDetail.0.serviceCategory']"}
  (Session info: chrome=135.0.7049.85)
For documentation on this error, please visit: https://www.selenium.dev/documentation/webdriver/troubleshooting/errors#no-such-element-exception
Build info: version: '4.18.1', revision: 'b1d3319b48'
System info: os.name: 'Windows 11', os.arch: 'amd64', os.version: '10.0', java.version: '17.0.6'
Driver info: org.openqa.selenium.chrome.ChromeDriver
Command: [7b0f7bbe1dbb392aecf0ae1f0f261a63, findElement {value=//select[@name='schedules.0.venueDetail.0.serviceCategory'], using=xpath}]
Capabilities {acceptInsecureCerts: false, browserName: chrome, browserVersion: 135.0.7049.85, chrome: {chromedriverVersion: 135.0.7049.84 (6c019e560019..., userDataDir: C:\Users\dipal\AppData\Loca...}, fedcm:accounts: true, goog:chromeOptions: {debuggerAddress: localhost:50026}, networkConnectionEnabled: false, pageLoadStrategy: normal, platformName: windows, proxy: Proxy(), se:cdp: ws://localhost:50026/devtoo..., se:cdpVersion: 135.0.7049.85, setWindowRect: true, strictFileInteractability: false, timeouts: {implicit: 0, pageLoad: 300000, script: 30000}, unhandledPromptBehavior: dismiss and notify, webauthn:extension:credBlob: true, webauthn:extension:largeBlob: true, webauthn:extension:minPinLength: true, webauthn:extension:prf: true, webauthn:virtualAuthenticators: true}
Session ID: 7b0f7bbe1dbb392aecf0ae1f0f261a63
	at jdk.internal.reflect.GeneratedConstructorAccessor57.newInstance(Unknown Source)
	at java.base/jdk.internal.reflect.DelegatingConstructorAccessorImpl.newInstance(DelegatingConstructorAccessorImpl.java:45)
	at java.base/java.lang.reflect.Constructor.newInstanceWithCaller(Constructor.java:499)
	at java.base/java.lang.reflect.Constructor.newInstance(Constructor.java:480)
	at org.openqa.selenium.remote.ErrorCodec.decode(ErrorCodec.java:167)
	at org.openqa.selenium.remote.codec.w3c.W3CHttpResponseCodec.decode(W3CHttpResponseCodec.java:138)
	at org.openqa.selenium.remote.codec.w3c.W3CHttpResponseCodec.decode(W3CHttpResponseCodec.java:50)
	at org.openqa.selenium.remote.HttpCommandExecutor.execute(HttpCommandExecutor.java:190)
	at org.openqa.selenium.remote.service.DriverCommandExecutor.invokeExecute(DriverCommandExecutor.java:216)
	at org.openqa.selenium.remote.service.DriverCommandExecutor.execute(DriverCommandExecutor.java:174)
	at org.openqa.selenium.remote.RemoteWebDriver.execute(RemoteWebDriver.java:519)
	at org.openqa.selenium.remote.ElementLocation$ElementFinder$2.findElement(ElementLocation.java:165)
	at org.openqa.selenium.remote.ElementLocation.findElement(ElementLocation.java:59)
	at org.openqa.selenium.remote.RemoteWebDriver.findElement(RemoteWebDriver.java:356)
	at org.openqa.selenium.remote.RemoteWebDriver.findElement(RemoteWebDriver.java:350)
	at org.openqa.selenium.support.pagefactory.DefaultElementLocator.findElement(DefaultElementLocator.java:68)
	at org.openqa.selenium.support.pagefactory.internal.LocatingElementHandler.invoke(LocatingElementHandler.java:38)
	at jdk.proxy2/jdk.proxy2.$Proxy28.isDisplayed(Unknown Source)
	at org.openqa.selenium.support.ui.ExpectedConditions.elementIfVisible(ExpectedConditions.java:304)
	at org.openqa.selenium.support.ui.ExpectedConditions$10.apply(ExpectedConditions.java:290)
	at org.openqa.selenium.support.ui.ExpectedConditions$10.apply(ExpectedConditions.java:287)
	at org.openqa.selenium.support.ui.ExpectedConditions$23.apply(ExpectedConditions.java:656)
	at org.openqa.selenium.support.ui.ExpectedConditions$23.apply(ExpectedConditions.java:652)
	at org.openqa.selenium.support.ui.FluentWait.until(FluentWait.java:203)
	... 35 more
]]></system-err>
  </testcase>
  <testcase name="testCreatePerHourPlan" classname="com.bookingzoneadmin.createplans.tests.TC005_CreatePerHourPlan" time="54.71">
    <failure message="Test case failed due to exception: Expected condition failed: waiting for element to be clickable: Proxy element for: DefaultElementLocator &apos;By.xpath: //select[@name=&apos;schedules.0.venueDetail.0.serviceCategory&apos;]&apos; (tried for 30 second(s) with 500 milliseconds interval)" type="java.lang.AssertionError"><![CDATA[java.lang.AssertionError: Test case failed due to exception: Expected condition failed: waiting for element to be clickable: Proxy element for: DefaultElementLocator 'By.xpath: //select[@name='schedules.0.venueDetail.0.serviceCategory']' (tried for 30 second(s) with 500 milliseconds interval)
	at org.testng.Assert.fail(Assert.java:111)
	at com.bookingzoneadmin.createplans.tests.TC005_CreatePerHourPlan.handleException(TC005_CreatePerHourPlan.java:224)
	at com.bookingzoneadmin.createplans.tests.TC005_CreatePerHourPlan.testCreatePerHourPlan(TC005_CreatePerHourPlan.java:148)
	at java.base/jdk.internal.reflect.NativeMethodAccessorImpl.invoke0(Native Method)
	at java.base/jdk.internal.reflect.NativeMethodAccessorImpl.invoke(NativeMethodAccessorImpl.java:77)
	at java.base/jdk.internal.reflect.DelegatingMethodAccessorImpl.invoke(DelegatingMethodAccessorImpl.java:43)
	at java.base/java.lang.reflect.Method.invoke(Method.java:568)
	at org.testng.internal.invokers.MethodInvocationHelper.invokeMethod(MethodInvocationHelper.java:139)
	at org.testng.internal.invokers.TestInvoker.invokeMethod(TestInvoker.java:664)
	at org.testng.internal.invokers.TestInvoker.invokeTestMethod(TestInvoker.java:227)
	at org.testng.internal.invokers.MethodRunner.runInSequence(MethodRunner.java:50)
	at org.testng.internal.invokers.TestInvoker$MethodInvocationAgent.invoke(TestInvoker.java:957)
	at org.testng.internal.invokers.TestInvoker.invokeTestMethods(TestInvoker.java:200)
	at org.testng.internal.invokers.TestMethodWorker.invokeTestMethods(TestMethodWorker.java:148)
	at org.testng.internal.invokers.TestMethodWorker.run(TestMethodWorker.java:128)
	at java.base/java.util.ArrayList.forEach(ArrayList.java:1511)
	at org.testng.TestRunner.privateRun(TestRunner.java:848)
	at org.testng.TestRunner.run(TestRunner.java:621)
	at org.testng.SuiteRunner.runTest(SuiteRunner.java:443)
	at org.testng.SuiteRunner.runSequentially(SuiteRunner.java:437)
	at org.testng.SuiteRunner.privateRun(SuiteRunner.java:397)
	at org.testng.SuiteRunner.run(SuiteRunner.java:336)
	at org.testng.SuiteRunnerWorker.runSuite(SuiteRunnerWorker.java:52)
	at org.testng.SuiteRunnerWorker.run(SuiteRunnerWorker.java:95)
	at org.testng.TestNG.runSuitesSequentially(TestNG.java:1280)
	at org.testng.TestNG.runSuitesLocally(TestNG.java:1200)
	at org.testng.TestNG.runSuites(TestNG.java:1114)
	at org.testng.TestNG.run(TestNG.java:1082)
	at org.apache.maven.surefire.testng.TestNGExecutor.run(TestNGExecutor.java:324)
	at org.apache.maven.surefire.testng.TestNGXmlTestSuite.execute(TestNGXmlTestSuite.java:74)
	at org.apache.maven.surefire.testng.TestNGProvider.invoke(TestNGProvider.java:123)
	at org.apache.maven.surefire.booter.ForkedBooter.runSuitesInProcess(ForkedBooter.java:456)
	at org.apache.maven.surefire.booter.ForkedBooter.execute(ForkedBooter.java:169)
	at org.apache.maven.surefire.booter.ForkedBooter.run(ForkedBooter.java:595)
	at org.apache.maven.surefire.booter.ForkedBooter.main(ForkedBooter.java:581)
]]></failure>
    <system-out><![CDATA[Header cell value: 'Plan Name'
Header cell value: 'Plan Name'
Header cell value: 'URL /Path of Img'
Header cell value: 'Plan Name'
Header cell value: 'URL /Path of Img'
Header cell value: 'MinTimeInAdvanced'
Header cell value: 'Plan Name'
Header cell value: 'URL /Path of Img'
Header cell value: 'MinTimeInAdvanced'
Header cell value: 'MaxTimeInAdvanced'
Header cell value: 'Plan Name'
Header cell value: 'URL /Path of Img'
Header cell value: 'MinTimeInAdvanced'
Header cell value: 'MaxTimeInAdvanced'
Header cell value: 'MinGuestAllowed'
Header cell value: 'From'
Header cell value: 'Plan Name'
Header cell value: 'URL /Path of Img'
Header cell value: 'MinTimeInAdvanced'
Header cell value: 'MaxTimeInAdvanced'
Header cell value: 'MinGuestAllowed'
Header cell value: 'From'
Header cell value: 'To'
Header cell value: 'Plan Name'
Header cell value: 'URL /Path of Img'
Header cell value: 'MinTimeInAdvanced'
Header cell value: 'MaxTimeInAdvanced'
Header cell value: 'MinGuestAllowed'
Header cell value: 'From'
Header cell value: 'To'
Header cell value: 'MaxGuestPerSlot'
Header cell value: 'GuestPerPackage'
Header cell value: 'MaxPackages/Event Allowed'
Header cell value: 'Plan Name'
Header cell value: 'URL /Path of Img'
Header cell value: 'MinTimeInAdvanced'
Header cell value: 'MaxTimeInAdvanced'
Header cell value: 'MinGuestAllowed'
Header cell value: 'Plan Name'
Header cell value: 'URL /Path of Img'
Header cell value: 'MinTimeInAdvanced'
Header cell value: 'MaxTimeInAdvanced'
Header cell value: 'MinGuestAllowed'
Header cell value: 'From'
Header cell value: 'To'
Header cell value: 'MaxGuestPerSlot'
Header cell value: 'Plan Name'
Header cell value: 'URL /Path of Img'
Header cell value: 'MinTimeInAdvanced'
Header cell value: 'MaxTimeInAdvanced'
Header cell value: 'MinGuestAllowed'
Header cell value: 'From'
Header cell value: 'To'
Header cell value: 'MaxGuestPerSlot'
Header cell value: 'GuestPerPackage'
Header cell value: 'MaxPackages/Event Allowed'
Header cell value: 'MaxGuestsAllowed'
Header cell value: 'Plan Name'
Header cell value: 'URL /Path of Img'
Header cell value: 'MinTimeInAdvanced'
Header cell value: 'MaxTimeInAdvanced'
Header cell value: 'MinGuestAllowed'
Header cell value: 'From'
Header cell value: 'To'
Header cell value: 'MaxGuestPerSlot'
Header cell value: 'GuestPerPackage'
Header cell value: 'MaxPackages/Event Allowed'
Header cell value: 'MaxGuestsAllowed'
Header cell value: 'PurchaseItemsName'
Header cell value: 'Plan Name'
Header cell value: 'URL /Path of Img'
Header cell value: 'MinTimeInAdvanced'
Header cell value: 'MaxTimeInAdvanced'
Header cell value: 'MinGuestAllowed'
Header cell value: 'From'
Header cell value: 'To'
Header cell value: 'MaxGuestPerSlot'
Header cell value: 'GuestPerPackage'
Header cell value: 'MaxPackages/Event Allowed'
Header cell value: 'MaxGuestsAllowed'
Header cell value: 'PurchaseItemsName'
Header cell value: 'PurchaseItemsprice'
Header cell value: 'Plan Name'
Header cell value: 'URL /Path of Img'
Header cell value: 'MinTimeInAdvanced'
Header cell value: 'MaxTimeInAdvanced'
Header cell value: 'MinGuestAllowed'
Header cell value: 'From'
Header cell value: 'To'
Header cell value: 'MaxGuestPerSlot'
Header cell value: 'GuestPerPackage'
Header cell value: 'MaxPackages/Event Allowed'
Header cell value: 'MaxGuestsAllowed'
Header cell value: 'PurchaseItemsName'
Header cell value: 'PurchaseItemsprice'
Header cell value: 'PurchaseItemSaleTax'
Header cell value: 'Plan Name'
Header cell value: 'URL /Path of Img'
Header cell value: 'MinTimeInAdvanced'
Header cell value: 'MaxTimeInAdvanced'
Header cell value: 'MinGuestAllowed'
Header cell value: 'From'
Header cell value: 'To'
Header cell value: 'MaxGuestPerSlot'
Header cell value: 'GuestPerPackage'
Header cell value: 'MaxPackages/Event Allowed'
Header cell value: 'MaxGuestsAllowed'
Header cell value: 'PurchaseItemsName'
Header cell value: 'PurchaseItemsprice'
Header cell value: 'PurchaseItemSaleTax'
Header cell value: 'PurchaseItemTimeFrame'
Header cell value: 'Plan Name'
Header cell value: 'URL /Path of Img'
Header cell value: 'MinTimeInAdvanced'
Header cell value: 'MaxTimeInAdvanced'
Header cell value: 'MinGuestAllowed'
Header cell value: 'From'
Header cell value: 'To'
Header cell value: 'MaxGuestPerSlot'
Header cell value: 'GuestPerPackage'
Header cell value: 'MaxPackages/Event Allowed'
Header cell value: 'MaxGuestsAllowed'
Header cell value: 'PurchaseItemsName'
Header cell value: 'PurchaseItemsprice'
Header cell value: 'PurchaseItemSaleTax'
Header cell value: 'PurchaseItemTimeFrame'
Header cell value: 'SlotNo1'
Header cell value: 'SlotNo2'
Header cell value: 'Slot1StartTimehour'
Header cell value: 'Plan Name'
Header cell value: 'URL /Path of Img'
Header cell value: 'MinTimeInAdvanced'
Header cell value: 'MaxTimeInAdvanced'
Header cell value: 'MinGuestAllowed'
Header cell value: 'From'
Header cell value: 'To'
Header cell value: 'MaxGuestPerSlot'
Header cell value: 'GuestPerPackage'
Header cell value: 'MaxPackages/Event Allowed'
Header cell value: 'MaxGuestsAllowed'
Header cell value: 'PurchaseItemsName'
Header cell value: 'PurchaseItemsprice'
Header cell value: 'PurchaseItemSaleTax'
Header cell value: 'PurchaseItemTimeFrame'
Header cell value: 'SlotNo1'
Header cell value: 'SlotNo2'
Header cell value: 'Slot1StartTimehour'
Header cell value: 'StartMinute'
Header cell value: 'Plan Name'
Header cell value: 'URL /Path of Img'
Header cell value: 'MinTimeInAdvanced'
Header cell value: 'MaxTimeInAdvanced'
Header cell value: 'MinGuestAllowed'
Header cell value: 'From'
Header cell value: 'To'
Header cell value: 'MaxGuestPerSlot'
Header cell value: 'GuestPerPackage'
Header cell value: 'MaxPackages/Event Allowed'
Header cell value: 'MaxGuestsAllowed'
Header cell value: 'PurchaseItemsName'
Header cell value: 'PurchaseItemsprice'
Header cell value: 'PurchaseItemSaleTax'
Header cell value: 'PurchaseItemTimeFrame'
Header cell value: 'SlotNo1'
Header cell value: 'SlotNo2'
Header cell value: 'Slot1StartTimehour'
Header cell value: 'StartMinute'
Header cell value: 'EndMinute'
Header cell value: 'StartTimeAMPM'
Header cell value: 'Plan Name'
Header cell value: 'URL /Path of Img'
Header cell value: 'MinTimeInAdvanced'
Header cell value: 'MaxTimeInAdvanced'
Header cell value: 'MinGuestAllowed'
Header cell value: 'From'
Header cell value: 'To'
Header cell value: 'MaxGuestPerSlot'
Header cell value: 'GuestPerPackage'
Header cell value: 'MaxPackages/Event Allowed'
Header cell value: 'MaxGuestsAllowed'
Header cell value: 'PurchaseItemsName'
Header cell value: 'PurchaseItemsprice'
Header cell value: 'PurchaseItemSaleTax'
Header cell value: 'PurchaseItemTimeFrame'
Header cell value: 'SlotNo1'
Header cell value: 'SlotNo2'
Header cell value: 'Slot1StartTimehour'
Header cell value: 'StartMinute'
Header cell value: 'EndMinute'
Header cell value: 'StartTimeAMPM'
Header cell value: 'EndTimeAMPM'
Header cell value: 'Slot1EndTimehour'
Header cell value: 'Plan Name'
Header cell value: 'URL /Path of Img'
Header cell value: 'MinTimeInAdvanced'
Header cell value: 'MaxTimeInAdvanced'
Header cell value: 'MinGuestAllowed'
Header cell value: 'From'
Header cell value: 'To'
Header cell value: 'MaxGuestPerSlot'
Header cell value: 'GuestPerPackage'
Header cell value: 'MaxPackages/Event Allowed'
Header cell value: 'MaxGuestsAllowed'
Header cell value: 'PurchaseItemsName'
Header cell value: 'PurchaseItemsprice'
Header cell value: 'PurchaseItemSaleTax'
Header cell value: 'PurchaseItemTimeFrame'
Header cell value: 'SlotNo1'
Header cell value: 'SlotNo2'
Header cell value: 'Slot1StartTimehour'
Header cell value: 'StartMinute'
Header cell value: 'EndMinute'
Header cell value: 'Plan Name'
Header cell value: 'URL /Path of Img'
Header cell value: 'MinTimeInAdvanced'
Header cell value: 'MaxTimeInAdvanced'
Header cell value: 'MinGuestAllowed'
Header cell value: 'From'
Header cell value: 'To'
Header cell value: 'MaxGuestPerSlot'
Header cell value: 'GuestPerPackage'
Header cell value: 'MaxPackages/Event Allowed'
Header cell value: 'MaxGuestsAllowed'
Header cell value: 'PurchaseItemsName'
Header cell value: 'PurchaseItemsprice'
Header cell value: 'PurchaseItemSaleTax'
Header cell value: 'PurchaseItemTimeFrame'
Header cell value: 'SlotNo1'
Header cell value: 'SlotNo2'
Header cell value: 'Slot1StartTimehour'
Header cell value: 'StartMinute'
Header cell value: 'EndMinute'
Header cell value: 'StartTimeAMPM'
Header cell value: 'EndTimeAMPM'
Header cell value: 'Plan Name'
Header cell value: 'URL /Path of Img'
Header cell value: 'MinTimeInAdvanced'
Header cell value: 'MaxTimeInAdvanced'
Header cell value: 'MinGuestAllowed'
Header cell value: 'From'
Header cell value: 'To'
Header cell value: 'MaxGuestPerSlot'
Header cell value: 'GuestPerPackage'
Header cell value: 'MaxPackages/Event Allowed'
Header cell value: 'MaxGuestsAllowed'
Header cell value: 'PurchaseItemsName'
Header cell value: 'PurchaseItemsprice'
Header cell value: 'PurchaseItemSaleTax'
Header cell value: 'PurchaseItemTimeFrame'
Header cell value: 'SlotNo1'
Header cell value: 'SlotNo2'
Header cell value: 'Slot1StartTimehour'
Header cell value: 'StartMinute'
Header cell value: 'EndMinute'
Header cell value: 'StartTimeAMPM'
Header cell value: 'EndTimeAMPM'
Header cell value: 'Slot1EndTimehour'
Header cell value: 'PackageSlot1/Person/guest/slot/Event  price'
Header cell value: 'Plan Name'
Header cell value: 'URL /Path of Img'
Header cell value: 'MinTimeInAdvanced'
Header cell value: 'MaxTimeInAdvanced'
Header cell value: 'MinGuestAllowed'
Header cell value: 'From'
Header cell value: 'To'
Header cell value: 'MaxGuestPerSlot'
Header cell value: 'GuestPerPackage'
Header cell value: 'MaxPackages/Event Allowed'
Header cell value: 'MaxGuestsAllowed'
Header cell value: 'PurchaseItemsName'
Header cell value: 'PurchaseItemsprice'
Header cell value: 'PurchaseItemSaleTax'
Header cell value: 'PurchaseItemTimeFrame'
Header cell value: 'SlotNo1'
Header cell value: 'SlotNo2'
Header cell value: 'Slot1StartTimehour'
Header cell value: 'StartMinute'
Header cell value: 'EndMinute'
Header cell value: 'StartTimeAMPM'
Header cell value: 'EndTimeAMPM'
Header cell value: 'Slot1EndTimehour'
Header cell value: 'PackageSlot1/Person/guest/slot/Event  price'
Header cell value: 'packageSlot1/Person/guest/slot SaleTax'
Header cell value: 'AdditionalGuestSlot1Price'
Header cell value: 'AdditonalGuestSlot1SaleTax'
Header cell value: 'Slot2StartTimehour'
Header cell value: 'Slot2EndTimehour'
Header cell value: 'PackageSlot2/Person/guest/slotPrice'
Header cell value: 'packageSlot2/Person/guest/slot SaleTax'
Header cell value: 'AdditionalGuestSlot2Price'
Header cell value: 'AdditonalGuestSlot2SaleTax'
Header cell value: 'ProcessingFeeName'
Header cell value: 'ProcessingFeeAmount'
Header cell value: 'Refund Type'
Header cell value: 'Plan Name'
Header cell value: 'URL /Path of Img'
Header cell value: 'MinTimeInAdvanced'
Header cell value: 'MaxTimeInAdvanced'
Header cell value: 'MinGuestAllowed'
Header cell value: 'From'
Header cell value: 'To'
Header cell value: 'MaxGuestPerSlot'
Header cell value: 'GuestPerPackage'
Header cell value: 'MaxPackages/Event Allowed'
Header cell value: 'MaxGuestsAllowed'
Header cell value: 'PurchaseItemsName'
Header cell value: 'PurchaseItemsprice'
Header cell value: 'PurchaseItemSaleTax'
Header cell value: 'PurchaseItemTimeFrame'
Header cell value: 'SlotNo1'
Header cell value: 'SlotNo2'
Header cell value: 'Slot1StartTimehour'
Header cell value: 'StartMinute'
Header cell value: 'EndMinute'
Header cell value: 'StartTimeAMPM'
Header cell value: 'EndTimeAMPM'
Header cell value: 'Slot1EndTimehour'
Header cell value: 'PackageSlot1/Person/guest/slot/Event  price'
Header cell value: 'packageSlot1/Person/guest/slot SaleTax'
Header cell value: 'AdditionalGuestSlot1Price'
Header cell value: 'AdditonalGuestSlot1SaleTax'
Header cell value: 'Slot2StartTimehour'
Header cell value: 'Slot2EndTimehour'
Header cell value: 'PackageSlot2/Person/guest/slotPrice'
Header cell value: 'packageSlot2/Person/guest/slot SaleTax'
Header cell value: 'AdditionalGuestSlot2Price'
Header cell value: 'AdditonalGuestSlot2SaleTax'
Header cell value: 'ProcessingFeeName'
Header cell value: 'ProcessingFeeAmount'
Header cell value: 'Refund Type'
Header cell value: 'Refund Amount'
Header cell value: 'Plan Name'
Header cell value: 'URL /Path of Img'
Header cell value: 'MinTimeInAdvanced'
Header cell value: 'MaxTimeInAdvanced'
Header cell value: 'MinGuestAllowed'
Header cell value: 'From'
Header cell value: 'To'
Header cell value: 'MaxGuestPerSlot'
Header cell value: 'GuestPerPackage'
Header cell value: 'MaxPackages/Event Allowed'
Header cell value: 'MaxGuestsAllowed'
Header cell value: 'PurchaseItemsName'
Header cell value: 'PurchaseItemsprice'
Header cell value: 'PurchaseItemSaleTax'
Header cell value: 'PurchaseItemTimeFrame'
Header cell value: 'SlotNo1'
Header cell value: 'SlotNo2'
Header cell value: 'Slot1StartTimehour'
Header cell value: 'StartMinute'
Header cell value: 'EndMinute'
Header cell value: 'StartTimeAMPM'
Header cell value: 'EndTimeAMPM'
Header cell value: 'Slot1EndTimehour'
Header cell value: 'PackageSlot1/Person/guest/slot/Event  price'
Header cell value: 'packageSlot1/Person/guest/slot SaleTax'
Header cell value: 'AdditionalGuestSlot1Price'
Header cell value: 'AdditonalGuestSlot1SaleTax'
Header cell value: 'Slot2StartTimehour'
Header cell value: 'Slot2EndTimehour'
Header cell value: 'PackageSlot2/Person/guest/slotPrice'
Header cell value: 'packageSlot2/Person/guest/slot SaleTax'
Header cell value: 'AdditionalGuestSlot2Price'
Header cell value: 'AdditonalGuestSlot2SaleTax'
Header cell value: 'ProcessingFeeName'
Header cell value: 'Plan Name'
Header cell value: 'URL /Path of Img'
Header cell value: 'MinTimeInAdvanced'
Header cell value: 'MaxTimeInAdvanced'
Header cell value: 'MinGuestAllowed'
Header cell value: 'From'
Header cell value: 'To'
Header cell value: 'MaxGuestPerSlot'
Header cell value: 'GuestPerPackage'
Header cell value: 'MaxPackages/Event Allowed'
Header cell value: 'MaxGuestsAllowed'
Header cell value: 'PurchaseItemsName'
Header cell value: 'PurchaseItemsprice'
Header cell value: 'PurchaseItemSaleTax'
Header cell value: 'PurchaseItemTimeFrame'
Header cell value: 'SlotNo1'
Header cell value: 'SlotNo2'
Header cell value: 'Slot1StartTimehour'
Header cell value: 'StartMinute'
Header cell value: 'EndMinute'
Header cell value: 'StartTimeAMPM'
Header cell value: 'EndTimeAMPM'
Header cell value: 'Slot1EndTimehour'
Header cell value: 'PackageSlot1/Person/guest/slot/Event  price'
Header cell value: 'packageSlot1/Person/guest/slot SaleTax'
Header cell value: 'AdditionalGuestSlot1Price'
Header cell value: 'AdditonalGuestSlot1SaleTax'
Header cell value: 'Slot2StartTimehour'
Header cell value: 'Slot2EndTimehour'
Header cell value: 'PackageSlot2/Person/guest/slotPrice'
Header cell value: 'packageSlot2/Person/guest/slot SaleTax'
Header cell value: 'AdditionalGuestSlot2Price'
Header cell value: 'AdditonalGuestSlot2SaleTax'
Header cell value: 'ProcessingFeeName'
Header cell value: 'ProcessingFeeAmount'
Header cell value: 'Plan Name'
Header cell value: 'URL /Path of Img'
Header cell value: 'MinTimeInAdvanced'
Header cell value: 'MaxTimeInAdvanced'
Header cell value: 'MinGuestAllowed'
Header cell value: 'From'
Header cell value: 'To'
Header cell value: 'MaxGuestPerSlot'
Header cell value: 'GuestPerPackage'
Header cell value: 'MaxPackages/Event Allowed'
Header cell value: 'MaxGuestsAllowed'
Header cell value: 'PurchaseItemsName'
Header cell value: 'PurchaseItemsprice'
Header cell value: 'PurchaseItemSaleTax'
Header cell value: 'PurchaseItemTimeFrame'
Header cell value: 'SlotNo1'
issue cause is :Expected condition failed: waiting for element to be clickable: Proxy element for: DefaultElementLocator 'By.xpath: //select[@name='schedules.0.venueDetail.0.serviceCategory']' (tried for 30 second(s) with 500 milliseconds interval)
]]></system-out>
    <system-err><![CDATA[org.openqa.selenium.TimeoutException: Expected condition failed: waiting for element to be clickable: Proxy element for: DefaultElementLocator 'By.xpath: //select[@name='schedules.0.venueDetail.0.serviceCategory']' (tried for 30 second(s) with 500 milliseconds interval)
	at org.openqa.selenium.support.ui.WebDriverWait.timeoutException(WebDriverWait.java:84)
	at org.openqa.selenium.support.ui.FluentWait.until(FluentWait.java:228)
	at com.bookingzoneadmin.pages.CreateBUY_NOWServicePlanPage.selectServiceCategory(CreateBUY_NOWServicePlanPage.java:254)
	at com.bookingzoneadmin.utils.CreatePlansCommonAction.configurePlanDetails(CreatePlansCommonAction.java:68)
	at com.bookingzoneadmin.createplans.tests.TC005_CreatePerHourPlan.testCreatePerHourPlan(TC005_CreatePerHourPlan.java:123)
	at java.base/jdk.internal.reflect.NativeMethodAccessorImpl.invoke0(Native Method)
	at java.base/jdk.internal.reflect.NativeMethodAccessorImpl.invoke(NativeMethodAccessorImpl.java:77)
	at java.base/jdk.internal.reflect.DelegatingMethodAccessorImpl.invoke(DelegatingMethodAccessorImpl.java:43)
	at java.base/java.lang.reflect.Method.invoke(Method.java:568)
	at org.testng.internal.invokers.MethodInvocationHelper.invokeMethod(MethodInvocationHelper.java:139)
	at org.testng.internal.invokers.TestInvoker.invokeMethod(TestInvoker.java:664)
	at org.testng.internal.invokers.TestInvoker.invokeTestMethod(TestInvoker.java:227)
	at org.testng.internal.invokers.MethodRunner.runInSequence(MethodRunner.java:50)
	at org.testng.internal.invokers.TestInvoker$MethodInvocationAgent.invoke(TestInvoker.java:957)
	at org.testng.internal.invokers.TestInvoker.invokeTestMethods(TestInvoker.java:200)
	at org.testng.internal.invokers.TestMethodWorker.invokeTestMethods(TestMethodWorker.java:148)
	at org.testng.internal.invokers.TestMethodWorker.run(TestMethodWorker.java:128)
	at java.base/java.util.ArrayList.forEach(ArrayList.java:1511)
	at org.testng.TestRunner.privateRun(TestRunner.java:848)
	at org.testng.TestRunner.run(TestRunner.java:621)
	at org.testng.SuiteRunner.runTest(SuiteRunner.java:443)
	at org.testng.SuiteRunner.runSequentially(SuiteRunner.java:437)
	at org.testng.SuiteRunner.privateRun(SuiteRunner.java:397)
	at org.testng.SuiteRunner.run(SuiteRunner.java:336)
	at org.testng.SuiteRunnerWorker.runSuite(SuiteRunnerWorker.java:52)
	at org.testng.SuiteRunnerWorker.run(SuiteRunnerWorker.java:95)
	at org.testng.TestNG.runSuitesSequentially(TestNG.java:1280)
	at org.testng.TestNG.runSuitesLocally(TestNG.java:1200)
	at org.testng.TestNG.runSuites(TestNG.java:1114)
	at org.testng.TestNG.run(TestNG.java:1082)
	at org.apache.maven.surefire.testng.TestNGExecutor.run(TestNGExecutor.java:324)
	at org.apache.maven.surefire.testng.TestNGXmlTestSuite.execute(TestNGXmlTestSuite.java:74)
	at org.apache.maven.surefire.testng.TestNGProvider.invoke(TestNGProvider.java:123)
	at org.apache.maven.surefire.booter.ForkedBooter.runSuitesInProcess(ForkedBooter.java:456)
	at org.apache.maven.surefire.booter.ForkedBooter.execute(ForkedBooter.java:169)
	at org.apache.maven.surefire.booter.ForkedBooter.run(ForkedBooter.java:595)
	at org.apache.maven.surefire.booter.ForkedBooter.main(ForkedBooter.java:581)
Caused by: org.openqa.selenium.NoSuchElementException: no such element: Unable to locate element: {"method":"xpath","selector":"//select[@name='schedules.0.venueDetail.0.serviceCategory']"}
  (Session info: chrome=135.0.7049.85)
For documentation on this error, please visit: https://www.selenium.dev/documentation/webdriver/troubleshooting/errors#no-such-element-exception
Build info: version: '4.18.1', revision: 'b1d3319b48'
System info: os.name: 'Windows 11', os.arch: 'amd64', os.version: '10.0', java.version: '17.0.6'
Driver info: org.openqa.selenium.chrome.ChromeDriver
Command: [7b0f7bbe1dbb392aecf0ae1f0f261a63, findElement {value=//select[@name='schedules.0.venueDetail.0.serviceCategory'], using=xpath}]
Capabilities {acceptInsecureCerts: false, browserName: chrome, browserVersion: 135.0.7049.85, chrome: {chromedriverVersion: 135.0.7049.84 (6c019e560019..., userDataDir: C:\Users\dipal\AppData\Loca...}, fedcm:accounts: true, goog:chromeOptions: {debuggerAddress: localhost:50026}, networkConnectionEnabled: false, pageLoadStrategy: normal, platformName: windows, proxy: Proxy(), se:cdp: ws://localhost:50026/devtoo..., se:cdpVersion: 135.0.7049.85, setWindowRect: true, strictFileInteractability: false, timeouts: {implicit: 0, pageLoad: 300000, script: 30000}, unhandledPromptBehavior: dismiss and notify, webauthn:extension:credBlob: true, webauthn:extension:largeBlob: true, webauthn:extension:minPinLength: true, webauthn:extension:prf: true, webauthn:virtualAuthenticators: true}
Session ID: 7b0f7bbe1dbb392aecf0ae1f0f261a63
	at jdk.internal.reflect.GeneratedConstructorAccessor57.newInstance(Unknown Source)
	at java.base/jdk.internal.reflect.DelegatingConstructorAccessorImpl.newInstance(DelegatingConstructorAccessorImpl.java:45)
	at java.base/java.lang.reflect.Constructor.newInstanceWithCaller(Constructor.java:499)
	at java.base/java.lang.reflect.Constructor.newInstance(Constructor.java:480)
	at org.openqa.selenium.remote.ErrorCodec.decode(ErrorCodec.java:167)
	at org.openqa.selenium.remote.codec.w3c.W3CHttpResponseCodec.decode(W3CHttpResponseCodec.java:138)
	at org.openqa.selenium.remote.codec.w3c.W3CHttpResponseCodec.decode(W3CHttpResponseCodec.java:50)
	at org.openqa.selenium.remote.HttpCommandExecutor.execute(HttpCommandExecutor.java:190)
	at org.openqa.selenium.remote.service.DriverCommandExecutor.invokeExecute(DriverCommandExecutor.java:216)
	at org.openqa.selenium.remote.service.DriverCommandExecutor.execute(DriverCommandExecutor.java:174)
	at org.openqa.selenium.remote.RemoteWebDriver.execute(RemoteWebDriver.java:519)
	at org.openqa.selenium.remote.ElementLocation$ElementFinder$2.findElement(ElementLocation.java:165)
	at org.openqa.selenium.remote.ElementLocation.findElement(ElementLocation.java:59)
	at org.openqa.selenium.remote.RemoteWebDriver.findElement(RemoteWebDriver.java:356)
	at org.openqa.selenium.remote.RemoteWebDriver.findElement(RemoteWebDriver.java:350)
	at org.openqa.selenium.support.pagefactory.DefaultElementLocator.findElement(DefaultElementLocator.java:68)
	at org.openqa.selenium.support.pagefactory.internal.LocatingElementHandler.invoke(LocatingElementHandler.java:38)
	at jdk.proxy2/jdk.proxy2.$Proxy28.isDisplayed(Unknown Source)
	at org.openqa.selenium.support.ui.ExpectedConditions.elementIfVisible(ExpectedConditions.java:304)
	at org.openqa.selenium.support.ui.ExpectedConditions$10.apply(ExpectedConditions.java:290)
	at org.openqa.selenium.support.ui.ExpectedConditions$10.apply(ExpectedConditions.java:287)
	at org.openqa.selenium.support.ui.ExpectedConditions$23.apply(ExpectedConditions.java:656)
	at org.openqa.selenium.support.ui.ExpectedConditions$23.apply(ExpectedConditions.java:652)
	at org.openqa.selenium.support.ui.FluentWait.until(FluentWait.java:203)
	... 35 more
]]></system-err>
  </testcase>
  <testcase name="testCreatePerHourSlotPlan" classname="com.bookingzoneadmin.createplans.tests.TC006_CreatePerHourSlotPlan" time="54.777">
    <failure message="Test case failed due to exception: Expected condition failed: waiting for element to be clickable: Proxy element for: DefaultElementLocator &apos;By.xpath: //select[@name=&apos;schedules.0.venueDetail.0.serviceCategory&apos;]&apos; (tried for 30 second(s) with 500 milliseconds interval)" type="java.lang.AssertionError"><![CDATA[java.lang.AssertionError: Test case failed due to exception: Expected condition failed: waiting for element to be clickable: Proxy element for: DefaultElementLocator 'By.xpath: //select[@name='schedules.0.venueDetail.0.serviceCategory']' (tried for 30 second(s) with 500 milliseconds interval)
	at org.testng.Assert.fail(Assert.java:111)
	at com.bookingzoneadmin.createplans.tests.TC006_CreatePerHourSlotPlan.handleException(TC006_CreatePerHourSlotPlan.java:215)
	at com.bookingzoneadmin.createplans.tests.TC006_CreatePerHourSlotPlan.testCreatePerHourSlotPlan(TC006_CreatePerHourSlotPlan.java:143)
	at java.base/jdk.internal.reflect.NativeMethodAccessorImpl.invoke0(Native Method)
	at java.base/jdk.internal.reflect.NativeMethodAccessorImpl.invoke(NativeMethodAccessorImpl.java:77)
	at java.base/jdk.internal.reflect.DelegatingMethodAccessorImpl.invoke(DelegatingMethodAccessorImpl.java:43)
	at java.base/java.lang.reflect.Method.invoke(Method.java:568)
	at org.testng.internal.invokers.MethodInvocationHelper.invokeMethod(MethodInvocationHelper.java:139)
	at org.testng.internal.invokers.TestInvoker.invokeMethod(TestInvoker.java:664)
	at org.testng.internal.invokers.TestInvoker.invokeTestMethod(TestInvoker.java:227)
	at org.testng.internal.invokers.MethodRunner.runInSequence(MethodRunner.java:50)
	at org.testng.internal.invokers.TestInvoker$MethodInvocationAgent.invoke(TestInvoker.java:957)
	at org.testng.internal.invokers.TestInvoker.invokeTestMethods(TestInvoker.java:200)
	at org.testng.internal.invokers.TestMethodWorker.invokeTestMethods(TestMethodWorker.java:148)
	at org.testng.internal.invokers.TestMethodWorker.run(TestMethodWorker.java:128)
	at java.base/java.util.ArrayList.forEach(ArrayList.java:1511)
	at org.testng.TestRunner.privateRun(TestRunner.java:848)
	at org.testng.TestRunner.run(TestRunner.java:621)
	at org.testng.SuiteRunner.runTest(SuiteRunner.java:443)
	at org.testng.SuiteRunner.runSequentially(SuiteRunner.java:437)
	at org.testng.SuiteRunner.privateRun(SuiteRunner.java:397)
	at org.testng.SuiteRunner.run(SuiteRunner.java:336)
	at org.testng.SuiteRunnerWorker.runSuite(SuiteRunnerWorker.java:52)
	at org.testng.SuiteRunnerWorker.run(SuiteRunnerWorker.java:95)
	at org.testng.TestNG.runSuitesSequentially(TestNG.java:1280)
	at org.testng.TestNG.runSuitesLocally(TestNG.java:1200)
	at org.testng.TestNG.runSuites(TestNG.java:1114)
	at org.testng.TestNG.run(TestNG.java:1082)
	at org.apache.maven.surefire.testng.TestNGExecutor.run(TestNGExecutor.java:324)
	at org.apache.maven.surefire.testng.TestNGXmlTestSuite.execute(TestNGXmlTestSuite.java:74)
	at org.apache.maven.surefire.testng.TestNGProvider.invoke(TestNGProvider.java:123)
	at org.apache.maven.surefire.booter.ForkedBooter.runSuitesInProcess(ForkedBooter.java:456)
	at org.apache.maven.surefire.booter.ForkedBooter.execute(ForkedBooter.java:169)
	at org.apache.maven.surefire.booter.ForkedBooter.run(ForkedBooter.java:595)
	at org.apache.maven.surefire.booter.ForkedBooter.main(ForkedBooter.java:581)
]]></failure>
    <system-out><![CDATA[Header cell value: 'Plan Name'
Header cell value: 'Plan Name'
Header cell value: 'URL /Path of Img'
Header cell value: 'Plan Name'
Header cell value: 'URL /Path of Img'
Header cell value: 'MinTimeInAdvanced'
Header cell value: 'Plan Name'
Header cell value: 'URL /Path of Img'
Header cell value: 'MinTimeInAdvanced'
Header cell value: 'MaxTimeInAdvanced'
Header cell value: 'Plan Name'
Header cell value: 'URL /Path of Img'
Header cell value: 'MinTimeInAdvanced'
Header cell value: 'MaxTimeInAdvanced'
Header cell value: 'MinGuestAllowed'
Header cell value: 'From'
Header cell value: 'Plan Name'
Header cell value: 'URL /Path of Img'
Header cell value: 'MinTimeInAdvanced'
Header cell value: 'MaxTimeInAdvanced'
Header cell value: 'MinGuestAllowed'
Header cell value: 'From'
Header cell value: 'To'
Header cell value: 'Plan Name'
Header cell value: 'URL /Path of Img'
Header cell value: 'MinTimeInAdvanced'
Header cell value: 'MaxTimeInAdvanced'
Header cell value: 'MinGuestAllowed'
Header cell value: 'From'
Header cell value: 'To'
Header cell value: 'MaxGuestPerSlot'
Header cell value: 'GuestPerPackage'
Header cell value: 'MaxPackages/Event Allowed'
Header cell value: 'Plan Name'
Header cell value: 'URL /Path of Img'
Header cell value: 'MinTimeInAdvanced'
Header cell value: 'MaxTimeInAdvanced'
Header cell value: 'MinGuestAllowed'
Header cell value: 'Plan Name'
Header cell value: 'URL /Path of Img'
Header cell value: 'MinTimeInAdvanced'
Header cell value: 'MaxTimeInAdvanced'
Header cell value: 'MinGuestAllowed'
Header cell value: 'From'
Header cell value: 'To'
Header cell value: 'MaxGuestPerSlot'
Header cell value: 'Plan Name'
Header cell value: 'URL /Path of Img'
Header cell value: 'MinTimeInAdvanced'
Header cell value: 'MaxTimeInAdvanced'
Header cell value: 'MinGuestAllowed'
Header cell value: 'From'
Header cell value: 'To'
Header cell value: 'MaxGuestPerSlot'
Header cell value: 'GuestPerPackage'
Header cell value: 'MaxPackages/Event Allowed'
Header cell value: 'MaxGuestsAllowed'
Header cell value: 'Plan Name'
Header cell value: 'URL /Path of Img'
Header cell value: 'MinTimeInAdvanced'
Header cell value: 'MaxTimeInAdvanced'
Header cell value: 'MinGuestAllowed'
Header cell value: 'From'
Header cell value: 'To'
Header cell value: 'MaxGuestPerSlot'
Header cell value: 'GuestPerPackage'
Header cell value: 'MaxPackages/Event Allowed'
Header cell value: 'MaxGuestsAllowed'
Header cell value: 'PurchaseItemsName'
Header cell value: 'Plan Name'
Header cell value: 'URL /Path of Img'
Header cell value: 'MinTimeInAdvanced'
Header cell value: 'MaxTimeInAdvanced'
Header cell value: 'MinGuestAllowed'
Header cell value: 'From'
Header cell value: 'To'
Header cell value: 'MaxGuestPerSlot'
Header cell value: 'GuestPerPackage'
Header cell value: 'MaxPackages/Event Allowed'
Header cell value: 'MaxGuestsAllowed'
Header cell value: 'PurchaseItemsName'
Header cell value: 'PurchaseItemsprice'
Header cell value: 'Plan Name'
Header cell value: 'URL /Path of Img'
Header cell value: 'MinTimeInAdvanced'
Header cell value: 'MaxTimeInAdvanced'
Header cell value: 'MinGuestAllowed'
Header cell value: 'From'
Header cell value: 'To'
Header cell value: 'MaxGuestPerSlot'
Header cell value: 'GuestPerPackage'
Header cell value: 'MaxPackages/Event Allowed'
Header cell value: 'MaxGuestsAllowed'
Header cell value: 'PurchaseItemsName'
Header cell value: 'PurchaseItemsprice'
Header cell value: 'PurchaseItemSaleTax'
Header cell value: 'Plan Name'
Header cell value: 'URL /Path of Img'
Header cell value: 'MinTimeInAdvanced'
Header cell value: 'MaxTimeInAdvanced'
Header cell value: 'MinGuestAllowed'
Header cell value: 'From'
Header cell value: 'To'
Header cell value: 'MaxGuestPerSlot'
Header cell value: 'GuestPerPackage'
Header cell value: 'MaxPackages/Event Allowed'
Header cell value: 'MaxGuestsAllowed'
Header cell value: 'PurchaseItemsName'
Header cell value: 'PurchaseItemsprice'
Header cell value: 'PurchaseItemSaleTax'
Header cell value: 'PurchaseItemTimeFrame'
Header cell value: 'Plan Name'
Header cell value: 'URL /Path of Img'
Header cell value: 'MinTimeInAdvanced'
Header cell value: 'MaxTimeInAdvanced'
Header cell value: 'MinGuestAllowed'
Header cell value: 'From'
Header cell value: 'To'
Header cell value: 'MaxGuestPerSlot'
Header cell value: 'GuestPerPackage'
Header cell value: 'MaxPackages/Event Allowed'
Header cell value: 'MaxGuestsAllowed'
Header cell value: 'PurchaseItemsName'
Header cell value: 'PurchaseItemsprice'
Header cell value: 'PurchaseItemSaleTax'
Header cell value: 'PurchaseItemTimeFrame'
Header cell value: 'SlotNo1'
Header cell value: 'SlotNo2'
Header cell value: 'Slot1StartTimehour'
Header cell value: 'Plan Name'
Header cell value: 'URL /Path of Img'
Header cell value: 'MinTimeInAdvanced'
Header cell value: 'MaxTimeInAdvanced'
Header cell value: 'MinGuestAllowed'
Header cell value: 'From'
Header cell value: 'To'
Header cell value: 'MaxGuestPerSlot'
Header cell value: 'GuestPerPackage'
Header cell value: 'MaxPackages/Event Allowed'
Header cell value: 'MaxGuestsAllowed'
Header cell value: 'PurchaseItemsName'
Header cell value: 'PurchaseItemsprice'
Header cell value: 'PurchaseItemSaleTax'
Header cell value: 'PurchaseItemTimeFrame'
Header cell value: 'SlotNo1'
Header cell value: 'SlotNo2'
Header cell value: 'Slot1StartTimehour'
Header cell value: 'StartMinute'
Header cell value: 'Plan Name'
Header cell value: 'URL /Path of Img'
Header cell value: 'MinTimeInAdvanced'
Header cell value: 'MaxTimeInAdvanced'
Header cell value: 'MinGuestAllowed'
Header cell value: 'From'
Header cell value: 'To'
Header cell value: 'MaxGuestPerSlot'
Header cell value: 'GuestPerPackage'
Header cell value: 'MaxPackages/Event Allowed'
Header cell value: 'MaxGuestsAllowed'
Header cell value: 'PurchaseItemsName'
Header cell value: 'PurchaseItemsprice'
Header cell value: 'PurchaseItemSaleTax'
Header cell value: 'PurchaseItemTimeFrame'
Header cell value: 'SlotNo1'
Header cell value: 'SlotNo2'
Header cell value: 'Slot1StartTimehour'
Header cell value: 'StartMinute'
Header cell value: 'EndMinute'
Header cell value: 'StartTimeAMPM'
Header cell value: 'Plan Name'
Header cell value: 'URL /Path of Img'
Header cell value: 'MinTimeInAdvanced'
Header cell value: 'MaxTimeInAdvanced'
Header cell value: 'MinGuestAllowed'
Header cell value: 'From'
Header cell value: 'To'
Header cell value: 'MaxGuestPerSlot'
Header cell value: 'GuestPerPackage'
Header cell value: 'MaxPackages/Event Allowed'
Header cell value: 'MaxGuestsAllowed'
Header cell value: 'PurchaseItemsName'
Header cell value: 'PurchaseItemsprice'
Header cell value: 'PurchaseItemSaleTax'
Header cell value: 'PurchaseItemTimeFrame'
Header cell value: 'SlotNo1'
Header cell value: 'SlotNo2'
Header cell value: 'Slot1StartTimehour'
Header cell value: 'StartMinute'
Header cell value: 'EndMinute'
Header cell value: 'StartTimeAMPM'
Header cell value: 'EndTimeAMPM'
Header cell value: 'Slot1EndTimehour'
Header cell value: 'Plan Name'
Header cell value: 'URL /Path of Img'
Header cell value: 'MinTimeInAdvanced'
Header cell value: 'MaxTimeInAdvanced'
Header cell value: 'MinGuestAllowed'
Header cell value: 'From'
Header cell value: 'To'
Header cell value: 'MaxGuestPerSlot'
Header cell value: 'GuestPerPackage'
Header cell value: 'MaxPackages/Event Allowed'
Header cell value: 'MaxGuestsAllowed'
Header cell value: 'PurchaseItemsName'
Header cell value: 'PurchaseItemsprice'
Header cell value: 'PurchaseItemSaleTax'
Header cell value: 'PurchaseItemTimeFrame'
Header cell value: 'SlotNo1'
Header cell value: 'SlotNo2'
Header cell value: 'Slot1StartTimehour'
Header cell value: 'StartMinute'
Header cell value: 'EndMinute'
Header cell value: 'Plan Name'
Header cell value: 'URL /Path of Img'
Header cell value: 'MinTimeInAdvanced'
Header cell value: 'MaxTimeInAdvanced'
Header cell value: 'MinGuestAllowed'
Header cell value: 'From'
Header cell value: 'To'
Header cell value: 'MaxGuestPerSlot'
Header cell value: 'GuestPerPackage'
Header cell value: 'MaxPackages/Event Allowed'
Header cell value: 'MaxGuestsAllowed'
Header cell value: 'PurchaseItemsName'
Header cell value: 'PurchaseItemsprice'
Header cell value: 'PurchaseItemSaleTax'
Header cell value: 'PurchaseItemTimeFrame'
Header cell value: 'SlotNo1'
Header cell value: 'SlotNo2'
Header cell value: 'Slot1StartTimehour'
Header cell value: 'StartMinute'
Header cell value: 'EndMinute'
Header cell value: 'StartTimeAMPM'
Header cell value: 'EndTimeAMPM'
Header cell value: 'Plan Name'
Header cell value: 'URL /Path of Img'
Header cell value: 'MinTimeInAdvanced'
Header cell value: 'MaxTimeInAdvanced'
Header cell value: 'MinGuestAllowed'
Header cell value: 'From'
Header cell value: 'To'
Header cell value: 'MaxGuestPerSlot'
Header cell value: 'GuestPerPackage'
Header cell value: 'MaxPackages/Event Allowed'
Header cell value: 'MaxGuestsAllowed'
Header cell value: 'PurchaseItemsName'
Header cell value: 'PurchaseItemsprice'
Header cell value: 'PurchaseItemSaleTax'
Header cell value: 'PurchaseItemTimeFrame'
Header cell value: 'SlotNo1'
Header cell value: 'SlotNo2'
Header cell value: 'Slot1StartTimehour'
Header cell value: 'StartMinute'
Header cell value: 'EndMinute'
Header cell value: 'StartTimeAMPM'
Header cell value: 'EndTimeAMPM'
Header cell value: 'Slot1EndTimehour'
Header cell value: 'PackageSlot1/Person/guest/slot/Event  price'
Header cell value: 'Plan Name'
Header cell value: 'URL /Path of Img'
Header cell value: 'MinTimeInAdvanced'
Header cell value: 'MaxTimeInAdvanced'
Header cell value: 'MinGuestAllowed'
Header cell value: 'From'
Header cell value: 'To'
Header cell value: 'MaxGuestPerSlot'
Header cell value: 'GuestPerPackage'
Header cell value: 'MaxPackages/Event Allowed'
Header cell value: 'MaxGuestsAllowed'
Header cell value: 'PurchaseItemsName'
Header cell value: 'PurchaseItemsprice'
Header cell value: 'PurchaseItemSaleTax'
Header cell value: 'PurchaseItemTimeFrame'
Header cell value: 'SlotNo1'
Header cell value: 'SlotNo2'
Header cell value: 'Slot1StartTimehour'
Header cell value: 'StartMinute'
Header cell value: 'EndMinute'
Header cell value: 'StartTimeAMPM'
Header cell value: 'EndTimeAMPM'
Header cell value: 'Slot1EndTimehour'
Header cell value: 'PackageSlot1/Person/guest/slot/Event  price'
Header cell value: 'packageSlot1/Person/guest/slot SaleTax'
Header cell value: 'AdditionalGuestSlot1Price'
Header cell value: 'AdditonalGuestSlot1SaleTax'
Header cell value: 'Slot2StartTimehour'
Header cell value: 'Slot2EndTimehour'
Header cell value: 'PackageSlot2/Person/guest/slotPrice'
Header cell value: 'packageSlot2/Person/guest/slot SaleTax'
Header cell value: 'AdditionalGuestSlot2Price'
Header cell value: 'AdditonalGuestSlot2SaleTax'
Header cell value: 'ProcessingFeeName'
Header cell value: 'ProcessingFeeAmount'
Header cell value: 'Refund Type'
Header cell value: 'Plan Name'
Header cell value: 'URL /Path of Img'
Header cell value: 'MinTimeInAdvanced'
Header cell value: 'MaxTimeInAdvanced'
Header cell value: 'MinGuestAllowed'
Header cell value: 'From'
Header cell value: 'To'
Header cell value: 'MaxGuestPerSlot'
Header cell value: 'GuestPerPackage'
Header cell value: 'MaxPackages/Event Allowed'
Header cell value: 'MaxGuestsAllowed'
Header cell value: 'PurchaseItemsName'
Header cell value: 'PurchaseItemsprice'
Header cell value: 'PurchaseItemSaleTax'
Header cell value: 'PurchaseItemTimeFrame'
Header cell value: 'SlotNo1'
Header cell value: 'SlotNo2'
Header cell value: 'Slot1StartTimehour'
Header cell value: 'StartMinute'
Header cell value: 'EndMinute'
Header cell value: 'StartTimeAMPM'
Header cell value: 'EndTimeAMPM'
Header cell value: 'Slot1EndTimehour'
Header cell value: 'PackageSlot1/Person/guest/slot/Event  price'
Header cell value: 'packageSlot1/Person/guest/slot SaleTax'
Header cell value: 'AdditionalGuestSlot1Price'
Header cell value: 'AdditonalGuestSlot1SaleTax'
Header cell value: 'Slot2StartTimehour'
Header cell value: 'Slot2EndTimehour'
Header cell value: 'PackageSlot2/Person/guest/slotPrice'
Header cell value: 'packageSlot2/Person/guest/slot SaleTax'
Header cell value: 'AdditionalGuestSlot2Price'
Header cell value: 'AdditonalGuestSlot2SaleTax'
Header cell value: 'ProcessingFeeName'
Header cell value: 'ProcessingFeeAmount'
Header cell value: 'Refund Type'
Header cell value: 'Refund Amount'
Header cell value: 'Plan Name'
Header cell value: 'URL /Path of Img'
Header cell value: 'MinTimeInAdvanced'
Header cell value: 'MaxTimeInAdvanced'
Header cell value: 'MinGuestAllowed'
Header cell value: 'From'
Header cell value: 'To'
Header cell value: 'MaxGuestPerSlot'
Header cell value: 'GuestPerPackage'
Header cell value: 'MaxPackages/Event Allowed'
Header cell value: 'MaxGuestsAllowed'
Header cell value: 'PurchaseItemsName'
Header cell value: 'PurchaseItemsprice'
Header cell value: 'PurchaseItemSaleTax'
Header cell value: 'PurchaseItemTimeFrame'
Header cell value: 'SlotNo1'
Header cell value: 'SlotNo2'
Header cell value: 'Slot1StartTimehour'
Header cell value: 'StartMinute'
Header cell value: 'EndMinute'
Header cell value: 'StartTimeAMPM'
Header cell value: 'EndTimeAMPM'
Header cell value: 'Slot1EndTimehour'
Header cell value: 'PackageSlot1/Person/guest/slot/Event  price'
Header cell value: 'packageSlot1/Person/guest/slot SaleTax'
Header cell value: 'AdditionalGuestSlot1Price'
Header cell value: 'AdditonalGuestSlot1SaleTax'
Header cell value: 'Slot2StartTimehour'
Header cell value: 'Slot2EndTimehour'
Header cell value: 'PackageSlot2/Person/guest/slotPrice'
Header cell value: 'packageSlot2/Person/guest/slot SaleTax'
Header cell value: 'AdditionalGuestSlot2Price'
Header cell value: 'AdditonalGuestSlot2SaleTax'
Header cell value: 'ProcessingFeeName'
Header cell value: 'Plan Name'
Header cell value: 'URL /Path of Img'
Header cell value: 'MinTimeInAdvanced'
Header cell value: 'MaxTimeInAdvanced'
Header cell value: 'MinGuestAllowed'
Header cell value: 'From'
Header cell value: 'To'
Header cell value: 'MaxGuestPerSlot'
Header cell value: 'GuestPerPackage'
Header cell value: 'MaxPackages/Event Allowed'
Header cell value: 'MaxGuestsAllowed'
Header cell value: 'PurchaseItemsName'
Header cell value: 'PurchaseItemsprice'
Header cell value: 'PurchaseItemSaleTax'
Header cell value: 'PurchaseItemTimeFrame'
Header cell value: 'SlotNo1'
Header cell value: 'SlotNo2'
Header cell value: 'Slot1StartTimehour'
Header cell value: 'StartMinute'
Header cell value: 'EndMinute'
Header cell value: 'StartTimeAMPM'
Header cell value: 'EndTimeAMPM'
Header cell value: 'Slot1EndTimehour'
Header cell value: 'PackageSlot1/Person/guest/slot/Event  price'
Header cell value: 'packageSlot1/Person/guest/slot SaleTax'
Header cell value: 'AdditionalGuestSlot1Price'
Header cell value: 'AdditonalGuestSlot1SaleTax'
Header cell value: 'Slot2StartTimehour'
Header cell value: 'Slot2EndTimehour'
Header cell value: 'PackageSlot2/Person/guest/slotPrice'
Header cell value: 'packageSlot2/Person/guest/slot SaleTax'
Header cell value: 'AdditionalGuestSlot2Price'
Header cell value: 'AdditonalGuestSlot2SaleTax'
Header cell value: 'ProcessingFeeName'
Header cell value: 'ProcessingFeeAmount'
Header cell value: 'Plan Name'
Header cell value: 'URL /Path of Img'
Header cell value: 'MinTimeInAdvanced'
Header cell value: 'MaxTimeInAdvanced'
Header cell value: 'MinGuestAllowed'
Header cell value: 'From'
Header cell value: 'To'
Header cell value: 'MaxGuestPerSlot'
Header cell value: 'GuestPerPackage'
Header cell value: 'MaxPackages/Event Allowed'
Header cell value: 'MaxGuestsAllowed'
Header cell value: 'PurchaseItemsName'
Header cell value: 'PurchaseItemsprice'
Header cell value: 'PurchaseItemSaleTax'
Header cell value: 'PurchaseItemTimeFrame'
Header cell value: 'SlotNo1'
issue cause is :Expected condition failed: waiting for element to be clickable: Proxy element for: DefaultElementLocator 'By.xpath: //select[@name='schedules.0.venueDetail.0.serviceCategory']' (tried for 30 second(s) with 500 milliseconds interval)
]]></system-out>
    <system-err><![CDATA[org.openqa.selenium.TimeoutException: Expected condition failed: waiting for element to be clickable: Proxy element for: DefaultElementLocator 'By.xpath: //select[@name='schedules.0.venueDetail.0.serviceCategory']' (tried for 30 second(s) with 500 milliseconds interval)
	at org.openqa.selenium.support.ui.WebDriverWait.timeoutException(WebDriverWait.java:84)
	at org.openqa.selenium.support.ui.FluentWait.until(FluentWait.java:228)
	at com.bookingzoneadmin.pages.CreateBUY_NOWServicePlanPage.selectServiceCategory(CreateBUY_NOWServicePlanPage.java:254)
	at com.bookingzoneadmin.utils.CreatePlansCommonAction.configurePlanDetails(CreatePlansCommonAction.java:68)
	at com.bookingzoneadmin.createplans.tests.TC006_CreatePerHourSlotPlan.testCreatePerHourSlotPlan(TC006_CreatePerHourSlotPlan.java:122)
	at java.base/jdk.internal.reflect.NativeMethodAccessorImpl.invoke0(Native Method)
	at java.base/jdk.internal.reflect.NativeMethodAccessorImpl.invoke(NativeMethodAccessorImpl.java:77)
	at java.base/jdk.internal.reflect.DelegatingMethodAccessorImpl.invoke(DelegatingMethodAccessorImpl.java:43)
	at java.base/java.lang.reflect.Method.invoke(Method.java:568)
	at org.testng.internal.invokers.MethodInvocationHelper.invokeMethod(MethodInvocationHelper.java:139)
	at org.testng.internal.invokers.TestInvoker.invokeMethod(TestInvoker.java:664)
	at org.testng.internal.invokers.TestInvoker.invokeTestMethod(TestInvoker.java:227)
	at org.testng.internal.invokers.MethodRunner.runInSequence(MethodRunner.java:50)
	at org.testng.internal.invokers.TestInvoker$MethodInvocationAgent.invoke(TestInvoker.java:957)
	at org.testng.internal.invokers.TestInvoker.invokeTestMethods(TestInvoker.java:200)
	at org.testng.internal.invokers.TestMethodWorker.invokeTestMethods(TestMethodWorker.java:148)
	at org.testng.internal.invokers.TestMethodWorker.run(TestMethodWorker.java:128)
	at java.base/java.util.ArrayList.forEach(ArrayList.java:1511)
	at org.testng.TestRunner.privateRun(TestRunner.java:848)
	at org.testng.TestRunner.run(TestRunner.java:621)
	at org.testng.SuiteRunner.runTest(SuiteRunner.java:443)
	at org.testng.SuiteRunner.runSequentially(SuiteRunner.java:437)
	at org.testng.SuiteRunner.privateRun(SuiteRunner.java:397)
	at org.testng.SuiteRunner.run(SuiteRunner.java:336)
	at org.testng.SuiteRunnerWorker.runSuite(SuiteRunnerWorker.java:52)
	at org.testng.SuiteRunnerWorker.run(SuiteRunnerWorker.java:95)
	at org.testng.TestNG.runSuitesSequentially(TestNG.java:1280)
	at org.testng.TestNG.runSuitesLocally(TestNG.java:1200)
	at org.testng.TestNG.runSuites(TestNG.java:1114)
	at org.testng.TestNG.run(TestNG.java:1082)
	at org.apache.maven.surefire.testng.TestNGExecutor.run(TestNGExecutor.java:324)
	at org.apache.maven.surefire.testng.TestNGXmlTestSuite.execute(TestNGXmlTestSuite.java:74)
	at org.apache.maven.surefire.testng.TestNGProvider.invoke(TestNGProvider.java:123)
	at org.apache.maven.surefire.booter.ForkedBooter.runSuitesInProcess(ForkedBooter.java:456)
	at org.apache.maven.surefire.booter.ForkedBooter.execute(ForkedBooter.java:169)
	at org.apache.maven.surefire.booter.ForkedBooter.run(ForkedBooter.java:595)
	at org.apache.maven.surefire.booter.ForkedBooter.main(ForkedBooter.java:581)
Caused by: org.openqa.selenium.NoSuchElementException: no such element: Unable to locate element: {"method":"xpath","selector":"//select[@name='schedules.0.venueDetail.0.serviceCategory']"}
  (Session info: chrome=135.0.7049.85)
For documentation on this error, please visit: https://www.selenium.dev/documentation/webdriver/troubleshooting/errors#no-such-element-exception
Build info: version: '4.18.1', revision: 'b1d3319b48'
System info: os.name: 'Windows 11', os.arch: 'amd64', os.version: '10.0', java.version: '17.0.6'
Driver info: org.openqa.selenium.chrome.ChromeDriver
Command: [7b0f7bbe1dbb392aecf0ae1f0f261a63, findElement {value=//select[@name='schedules.0.venueDetail.0.serviceCategory'], using=xpath}]
Capabilities {acceptInsecureCerts: false, browserName: chrome, browserVersion: 135.0.7049.85, chrome: {chromedriverVersion: 135.0.7049.84 (6c019e560019..., userDataDir: C:\Users\dipal\AppData\Loca...}, fedcm:accounts: true, goog:chromeOptions: {debuggerAddress: localhost:50026}, networkConnectionEnabled: false, pageLoadStrategy: normal, platformName: windows, proxy: Proxy(), se:cdp: ws://localhost:50026/devtoo..., se:cdpVersion: 135.0.7049.85, setWindowRect: true, strictFileInteractability: false, timeouts: {implicit: 0, pageLoad: 300000, script: 30000}, unhandledPromptBehavior: dismiss and notify, webauthn:extension:credBlob: true, webauthn:extension:largeBlob: true, webauthn:extension:minPinLength: true, webauthn:extension:prf: true, webauthn:virtualAuthenticators: true}
Session ID: 7b0f7bbe1dbb392aecf0ae1f0f261a63
	at jdk.internal.reflect.GeneratedConstructorAccessor57.newInstance(Unknown Source)
	at java.base/jdk.internal.reflect.DelegatingConstructorAccessorImpl.newInstance(DelegatingConstructorAccessorImpl.java:45)
	at java.base/java.lang.reflect.Constructor.newInstanceWithCaller(Constructor.java:499)
	at java.base/java.lang.reflect.Constructor.newInstance(Constructor.java:480)
	at org.openqa.selenium.remote.ErrorCodec.decode(ErrorCodec.java:167)
	at org.openqa.selenium.remote.codec.w3c.W3CHttpResponseCodec.decode(W3CHttpResponseCodec.java:138)
	at org.openqa.selenium.remote.codec.w3c.W3CHttpResponseCodec.decode(W3CHttpResponseCodec.java:50)
	at org.openqa.selenium.remote.HttpCommandExecutor.execute(HttpCommandExecutor.java:190)
	at org.openqa.selenium.remote.service.DriverCommandExecutor.invokeExecute(DriverCommandExecutor.java:216)
	at org.openqa.selenium.remote.service.DriverCommandExecutor.execute(DriverCommandExecutor.java:174)
	at org.openqa.selenium.remote.RemoteWebDriver.execute(RemoteWebDriver.java:519)
	at org.openqa.selenium.remote.ElementLocation$ElementFinder$2.findElement(ElementLocation.java:165)
	at org.openqa.selenium.remote.ElementLocation.findElement(ElementLocation.java:59)
	at org.openqa.selenium.remote.RemoteWebDriver.findElement(RemoteWebDriver.java:356)
	at org.openqa.selenium.remote.RemoteWebDriver.findElement(RemoteWebDriver.java:350)
	at org.openqa.selenium.support.pagefactory.DefaultElementLocator.findElement(DefaultElementLocator.java:68)
	at org.openqa.selenium.support.pagefactory.internal.LocatingElementHandler.invoke(LocatingElementHandler.java:38)
	at jdk.proxy2/jdk.proxy2.$Proxy28.isDisplayed(Unknown Source)
	at org.openqa.selenium.support.ui.ExpectedConditions.elementIfVisible(ExpectedConditions.java:304)
	at org.openqa.selenium.support.ui.ExpectedConditions$10.apply(ExpectedConditions.java:290)
	at org.openqa.selenium.support.ui.ExpectedConditions$10.apply(ExpectedConditions.java:287)
	at org.openqa.selenium.support.ui.ExpectedConditions$23.apply(ExpectedConditions.java:656)
	at org.openqa.selenium.support.ui.ExpectedConditions$23.apply(ExpectedConditions.java:652)
	at org.openqa.selenium.support.ui.FluentWait.until(FluentWait.java:203)
	... 35 more
]]></system-err>
  </testcase>
  <testcase name="testCreatePerPersonPlan" classname="com.bookingzoneadmin.createplans.tests.TC007_CreatePerPersonPlan" time="54.564">
    <failure message="Test case failed due to exception: Expected condition failed: waiting for element to be clickable: Proxy element for: DefaultElementLocator &apos;By.xpath: //select[@name=&apos;schedules.0.venueDetail.0.serviceCategory&apos;]&apos; (tried for 30 second(s) with 500 milliseconds interval)" type="java.lang.AssertionError"><![CDATA[java.lang.AssertionError: Test case failed due to exception: Expected condition failed: waiting for element to be clickable: Proxy element for: DefaultElementLocator 'By.xpath: //select[@name='schedules.0.venueDetail.0.serviceCategory']' (tried for 30 second(s) with 500 milliseconds interval)
	at org.testng.Assert.fail(Assert.java:111)
	at com.bookingzoneadmin.createplans.tests.TC007_CreatePerPersonPlan.handleException(TC007_CreatePerPersonPlan.java:216)
	at com.bookingzoneadmin.createplans.tests.TC007_CreatePerPersonPlan.testCreatePerPersonPlan(TC007_CreatePerPersonPlan.java:145)
	at java.base/jdk.internal.reflect.NativeMethodAccessorImpl.invoke0(Native Method)
	at java.base/jdk.internal.reflect.NativeMethodAccessorImpl.invoke(NativeMethodAccessorImpl.java:77)
	at java.base/jdk.internal.reflect.DelegatingMethodAccessorImpl.invoke(DelegatingMethodAccessorImpl.java:43)
	at java.base/java.lang.reflect.Method.invoke(Method.java:568)
	at org.testng.internal.invokers.MethodInvocationHelper.invokeMethod(MethodInvocationHelper.java:139)
	at org.testng.internal.invokers.TestInvoker.invokeMethod(TestInvoker.java:664)
	at org.testng.internal.invokers.TestInvoker.invokeTestMethod(TestInvoker.java:227)
	at org.testng.internal.invokers.MethodRunner.runInSequence(MethodRunner.java:50)
	at org.testng.internal.invokers.TestInvoker$MethodInvocationAgent.invoke(TestInvoker.java:957)
	at org.testng.internal.invokers.TestInvoker.invokeTestMethods(TestInvoker.java:200)
	at org.testng.internal.invokers.TestMethodWorker.invokeTestMethods(TestMethodWorker.java:148)
	at org.testng.internal.invokers.TestMethodWorker.run(TestMethodWorker.java:128)
	at java.base/java.util.ArrayList.forEach(ArrayList.java:1511)
	at org.testng.TestRunner.privateRun(TestRunner.java:848)
	at org.testng.TestRunner.run(TestRunner.java:621)
	at org.testng.SuiteRunner.runTest(SuiteRunner.java:443)
	at org.testng.SuiteRunner.runSequentially(SuiteRunner.java:437)
	at org.testng.SuiteRunner.privateRun(SuiteRunner.java:397)
	at org.testng.SuiteRunner.run(SuiteRunner.java:336)
	at org.testng.SuiteRunnerWorker.runSuite(SuiteRunnerWorker.java:52)
	at org.testng.SuiteRunnerWorker.run(SuiteRunnerWorker.java:95)
	at org.testng.TestNG.runSuitesSequentially(TestNG.java:1280)
	at org.testng.TestNG.runSuitesLocally(TestNG.java:1200)
	at org.testng.TestNG.runSuites(TestNG.java:1114)
	at org.testng.TestNG.run(TestNG.java:1082)
	at org.apache.maven.surefire.testng.TestNGExecutor.run(TestNGExecutor.java:324)
	at org.apache.maven.surefire.testng.TestNGXmlTestSuite.execute(TestNGXmlTestSuite.java:74)
	at org.apache.maven.surefire.testng.TestNGProvider.invoke(TestNGProvider.java:123)
	at org.apache.maven.surefire.booter.ForkedBooter.runSuitesInProcess(ForkedBooter.java:456)
	at org.apache.maven.surefire.booter.ForkedBooter.execute(ForkedBooter.java:169)
	at org.apache.maven.surefire.booter.ForkedBooter.run(ForkedBooter.java:595)
	at org.apache.maven.surefire.booter.ForkedBooter.main(ForkedBooter.java:581)
]]></failure>
    <system-out><![CDATA[Header cell value: 'Plan Name'
Header cell value: 'Plan Name'
Header cell value: 'URL /Path of Img'
Header cell value: 'Plan Name'
Header cell value: 'URL /Path of Img'
Header cell value: 'MinTimeInAdvanced'
Header cell value: 'Plan Name'
Header cell value: 'URL /Path of Img'
Header cell value: 'MinTimeInAdvanced'
Header cell value: 'MaxTimeInAdvanced'
Header cell value: 'Plan Name'
Header cell value: 'URL /Path of Img'
Header cell value: 'MinTimeInAdvanced'
Header cell value: 'MaxTimeInAdvanced'
Header cell value: 'MinGuestAllowed'
Header cell value: 'From'
Header cell value: 'Plan Name'
Header cell value: 'URL /Path of Img'
Header cell value: 'MinTimeInAdvanced'
Header cell value: 'MaxTimeInAdvanced'
Header cell value: 'MinGuestAllowed'
Header cell value: 'From'
Header cell value: 'To'
Header cell value: 'Plan Name'
Header cell value: 'URL /Path of Img'
Header cell value: 'MinTimeInAdvanced'
Header cell value: 'MaxTimeInAdvanced'
Header cell value: 'MinGuestAllowed'
Header cell value: 'From'
Header cell value: 'To'
Header cell value: 'MaxGuestPerSlot'
Header cell value: 'GuestPerPackage'
Header cell value: 'MaxPackages/Event Allowed'
Header cell value: 'Plan Name'
Header cell value: 'URL /Path of Img'
Header cell value: 'MinTimeInAdvanced'
Header cell value: 'MaxTimeInAdvanced'
Header cell value: 'MinGuestAllowed'
Header cell value: 'Plan Name'
Header cell value: 'URL /Path of Img'
Header cell value: 'MinTimeInAdvanced'
Header cell value: 'MaxTimeInAdvanced'
Header cell value: 'MinGuestAllowed'
Header cell value: 'From'
Header cell value: 'To'
Header cell value: 'MaxGuestPerSlot'
Header cell value: 'Plan Name'
Header cell value: 'URL /Path of Img'
Header cell value: 'MinTimeInAdvanced'
Header cell value: 'MaxTimeInAdvanced'
Header cell value: 'MinGuestAllowed'
Header cell value: 'From'
Header cell value: 'To'
Header cell value: 'MaxGuestPerSlot'
Header cell value: 'GuestPerPackage'
Header cell value: 'MaxPackages/Event Allowed'
Header cell value: 'MaxGuestsAllowed'
Header cell value: 'Plan Name'
Header cell value: 'URL /Path of Img'
Header cell value: 'MinTimeInAdvanced'
Header cell value: 'MaxTimeInAdvanced'
Header cell value: 'MinGuestAllowed'
Header cell value: 'From'
Header cell value: 'To'
Header cell value: 'MaxGuestPerSlot'
Header cell value: 'GuestPerPackage'
Header cell value: 'MaxPackages/Event Allowed'
Header cell value: 'MaxGuestsAllowed'
Header cell value: 'PurchaseItemsName'
Header cell value: 'Plan Name'
Header cell value: 'URL /Path of Img'
Header cell value: 'MinTimeInAdvanced'
Header cell value: 'MaxTimeInAdvanced'
Header cell value: 'MinGuestAllowed'
Header cell value: 'From'
Header cell value: 'To'
Header cell value: 'MaxGuestPerSlot'
Header cell value: 'GuestPerPackage'
Header cell value: 'MaxPackages/Event Allowed'
Header cell value: 'MaxGuestsAllowed'
Header cell value: 'PurchaseItemsName'
Header cell value: 'PurchaseItemsprice'
Header cell value: 'Plan Name'
Header cell value: 'URL /Path of Img'
Header cell value: 'MinTimeInAdvanced'
Header cell value: 'MaxTimeInAdvanced'
Header cell value: 'MinGuestAllowed'
Header cell value: 'From'
Header cell value: 'To'
Header cell value: 'MaxGuestPerSlot'
Header cell value: 'GuestPerPackage'
Header cell value: 'MaxPackages/Event Allowed'
Header cell value: 'MaxGuestsAllowed'
Header cell value: 'PurchaseItemsName'
Header cell value: 'PurchaseItemsprice'
Header cell value: 'PurchaseItemSaleTax'
Header cell value: 'Plan Name'
Header cell value: 'URL /Path of Img'
Header cell value: 'MinTimeInAdvanced'
Header cell value: 'MaxTimeInAdvanced'
Header cell value: 'MinGuestAllowed'
Header cell value: 'From'
Header cell value: 'To'
Header cell value: 'MaxGuestPerSlot'
Header cell value: 'GuestPerPackage'
Header cell value: 'MaxPackages/Event Allowed'
Header cell value: 'MaxGuestsAllowed'
Header cell value: 'PurchaseItemsName'
Header cell value: 'PurchaseItemsprice'
Header cell value: 'PurchaseItemSaleTax'
Header cell value: 'PurchaseItemTimeFrame'
Header cell value: 'Plan Name'
Header cell value: 'URL /Path of Img'
Header cell value: 'MinTimeInAdvanced'
Header cell value: 'MaxTimeInAdvanced'
Header cell value: 'MinGuestAllowed'
Header cell value: 'From'
Header cell value: 'To'
Header cell value: 'MaxGuestPerSlot'
Header cell value: 'GuestPerPackage'
Header cell value: 'MaxPackages/Event Allowed'
Header cell value: 'MaxGuestsAllowed'
Header cell value: 'PurchaseItemsName'
Header cell value: 'PurchaseItemsprice'
Header cell value: 'PurchaseItemSaleTax'
Header cell value: 'PurchaseItemTimeFrame'
Header cell value: 'SlotNo1'
Header cell value: 'SlotNo2'
Header cell value: 'Slot1StartTimehour'
Header cell value: 'Plan Name'
Header cell value: 'URL /Path of Img'
Header cell value: 'MinTimeInAdvanced'
Header cell value: 'MaxTimeInAdvanced'
Header cell value: 'MinGuestAllowed'
Header cell value: 'From'
Header cell value: 'To'
Header cell value: 'MaxGuestPerSlot'
Header cell value: 'GuestPerPackage'
Header cell value: 'MaxPackages/Event Allowed'
Header cell value: 'MaxGuestsAllowed'
Header cell value: 'PurchaseItemsName'
Header cell value: 'PurchaseItemsprice'
Header cell value: 'PurchaseItemSaleTax'
Header cell value: 'PurchaseItemTimeFrame'
Header cell value: 'SlotNo1'
Header cell value: 'SlotNo2'
Header cell value: 'Slot1StartTimehour'
Header cell value: 'StartMinute'
Header cell value: 'Plan Name'
Header cell value: 'URL /Path of Img'
Header cell value: 'MinTimeInAdvanced'
Header cell value: 'MaxTimeInAdvanced'
Header cell value: 'MinGuestAllowed'
Header cell value: 'From'
Header cell value: 'To'
Header cell value: 'MaxGuestPerSlot'
Header cell value: 'GuestPerPackage'
Header cell value: 'MaxPackages/Event Allowed'
Header cell value: 'MaxGuestsAllowed'
Header cell value: 'PurchaseItemsName'
Header cell value: 'PurchaseItemsprice'
Header cell value: 'PurchaseItemSaleTax'
Header cell value: 'PurchaseItemTimeFrame'
Header cell value: 'SlotNo1'
Header cell value: 'SlotNo2'
Header cell value: 'Slot1StartTimehour'
Header cell value: 'StartMinute'
Header cell value: 'EndMinute'
Header cell value: 'StartTimeAMPM'
Header cell value: 'Plan Name'
Header cell value: 'URL /Path of Img'
Header cell value: 'MinTimeInAdvanced'
Header cell value: 'MaxTimeInAdvanced'
Header cell value: 'MinGuestAllowed'
Header cell value: 'From'
Header cell value: 'To'
Header cell value: 'MaxGuestPerSlot'
Header cell value: 'GuestPerPackage'
Header cell value: 'MaxPackages/Event Allowed'
Header cell value: 'MaxGuestsAllowed'
Header cell value: 'PurchaseItemsName'
Header cell value: 'PurchaseItemsprice'
Header cell value: 'PurchaseItemSaleTax'
Header cell value: 'PurchaseItemTimeFrame'
Header cell value: 'SlotNo1'
Header cell value: 'SlotNo2'
Header cell value: 'Slot1StartTimehour'
Header cell value: 'StartMinute'
Header cell value: 'EndMinute'
Header cell value: 'StartTimeAMPM'
Header cell value: 'EndTimeAMPM'
Header cell value: 'Slot1EndTimehour'
Header cell value: 'Plan Name'
Header cell value: 'URL /Path of Img'
Header cell value: 'MinTimeInAdvanced'
Header cell value: 'MaxTimeInAdvanced'
Header cell value: 'MinGuestAllowed'
Header cell value: 'From'
Header cell value: 'To'
Header cell value: 'MaxGuestPerSlot'
Header cell value: 'GuestPerPackage'
Header cell value: 'MaxPackages/Event Allowed'
Header cell value: 'MaxGuestsAllowed'
Header cell value: 'PurchaseItemsName'
Header cell value: 'PurchaseItemsprice'
Header cell value: 'PurchaseItemSaleTax'
Header cell value: 'PurchaseItemTimeFrame'
Header cell value: 'SlotNo1'
Header cell value: 'SlotNo2'
Header cell value: 'Slot1StartTimehour'
Header cell value: 'StartMinute'
Header cell value: 'EndMinute'
Header cell value: 'Plan Name'
Header cell value: 'URL /Path of Img'
Header cell value: 'MinTimeInAdvanced'
Header cell value: 'MaxTimeInAdvanced'
Header cell value: 'MinGuestAllowed'
Header cell value: 'From'
Header cell value: 'To'
Header cell value: 'MaxGuestPerSlot'
Header cell value: 'GuestPerPackage'
Header cell value: 'MaxPackages/Event Allowed'
Header cell value: 'MaxGuestsAllowed'
Header cell value: 'PurchaseItemsName'
Header cell value: 'PurchaseItemsprice'
Header cell value: 'PurchaseItemSaleTax'
Header cell value: 'PurchaseItemTimeFrame'
Header cell value: 'SlotNo1'
Header cell value: 'SlotNo2'
Header cell value: 'Slot1StartTimehour'
Header cell value: 'StartMinute'
Header cell value: 'EndMinute'
Header cell value: 'StartTimeAMPM'
Header cell value: 'EndTimeAMPM'
Header cell value: 'Plan Name'
Header cell value: 'URL /Path of Img'
Header cell value: 'MinTimeInAdvanced'
Header cell value: 'MaxTimeInAdvanced'
Header cell value: 'MinGuestAllowed'
Header cell value: 'From'
Header cell value: 'To'
Header cell value: 'MaxGuestPerSlot'
Header cell value: 'GuestPerPackage'
Header cell value: 'MaxPackages/Event Allowed'
Header cell value: 'MaxGuestsAllowed'
Header cell value: 'PurchaseItemsName'
Header cell value: 'PurchaseItemsprice'
Header cell value: 'PurchaseItemSaleTax'
Header cell value: 'PurchaseItemTimeFrame'
Header cell value: 'SlotNo1'
Header cell value: 'SlotNo2'
Header cell value: 'Slot1StartTimehour'
Header cell value: 'StartMinute'
Header cell value: 'EndMinute'
Header cell value: 'StartTimeAMPM'
Header cell value: 'EndTimeAMPM'
Header cell value: 'Slot1EndTimehour'
Header cell value: 'PackageSlot1/Person/guest/slot/Event  price'
Header cell value: 'Plan Name'
Header cell value: 'URL /Path of Img'
Header cell value: 'MinTimeInAdvanced'
Header cell value: 'MaxTimeInAdvanced'
Header cell value: 'MinGuestAllowed'
Header cell value: 'From'
Header cell value: 'To'
Header cell value: 'MaxGuestPerSlot'
Header cell value: 'GuestPerPackage'
Header cell value: 'MaxPackages/Event Allowed'
Header cell value: 'MaxGuestsAllowed'
Header cell value: 'PurchaseItemsName'
Header cell value: 'PurchaseItemsprice'
Header cell value: 'PurchaseItemSaleTax'
Header cell value: 'PurchaseItemTimeFrame'
Header cell value: 'SlotNo1'
Header cell value: 'SlotNo2'
Header cell value: 'Slot1StartTimehour'
Header cell value: 'StartMinute'
Header cell value: 'EndMinute'
Header cell value: 'StartTimeAMPM'
Header cell value: 'EndTimeAMPM'
Header cell value: 'Slot1EndTimehour'
Header cell value: 'PackageSlot1/Person/guest/slot/Event  price'
Header cell value: 'packageSlot1/Person/guest/slot SaleTax'
Header cell value: 'AdditionalGuestSlot1Price'
Header cell value: 'AdditonalGuestSlot1SaleTax'
Header cell value: 'Slot2StartTimehour'
Header cell value: 'Slot2EndTimehour'
Header cell value: 'PackageSlot2/Person/guest/slotPrice'
Header cell value: 'packageSlot2/Person/guest/slot SaleTax'
Header cell value: 'AdditionalGuestSlot2Price'
Header cell value: 'AdditonalGuestSlot2SaleTax'
Header cell value: 'ProcessingFeeName'
Header cell value: 'ProcessingFeeAmount'
Header cell value: 'Refund Type'
Header cell value: 'Plan Name'
Header cell value: 'URL /Path of Img'
Header cell value: 'MinTimeInAdvanced'
Header cell value: 'MaxTimeInAdvanced'
Header cell value: 'MinGuestAllowed'
Header cell value: 'From'
Header cell value: 'To'
Header cell value: 'MaxGuestPerSlot'
Header cell value: 'GuestPerPackage'
Header cell value: 'MaxPackages/Event Allowed'
Header cell value: 'MaxGuestsAllowed'
Header cell value: 'PurchaseItemsName'
Header cell value: 'PurchaseItemsprice'
Header cell value: 'PurchaseItemSaleTax'
Header cell value: 'PurchaseItemTimeFrame'
Header cell value: 'SlotNo1'
Header cell value: 'SlotNo2'
Header cell value: 'Slot1StartTimehour'
Header cell value: 'StartMinute'
Header cell value: 'EndMinute'
Header cell value: 'StartTimeAMPM'
Header cell value: 'EndTimeAMPM'
Header cell value: 'Slot1EndTimehour'
Header cell value: 'PackageSlot1/Person/guest/slot/Event  price'
Header cell value: 'packageSlot1/Person/guest/slot SaleTax'
Header cell value: 'AdditionalGuestSlot1Price'
Header cell value: 'AdditonalGuestSlot1SaleTax'
Header cell value: 'Slot2StartTimehour'
Header cell value: 'Slot2EndTimehour'
Header cell value: 'PackageSlot2/Person/guest/slotPrice'
Header cell value: 'packageSlot2/Person/guest/slot SaleTax'
Header cell value: 'AdditionalGuestSlot2Price'
Header cell value: 'AdditonalGuestSlot2SaleTax'
Header cell value: 'ProcessingFeeName'
Header cell value: 'ProcessingFeeAmount'
Header cell value: 'Refund Type'
Header cell value: 'Refund Amount'
Header cell value: 'Plan Name'
Header cell value: 'URL /Path of Img'
Header cell value: 'MinTimeInAdvanced'
Header cell value: 'MaxTimeInAdvanced'
Header cell value: 'MinGuestAllowed'
Header cell value: 'From'
Header cell value: 'To'
Header cell value: 'MaxGuestPerSlot'
Header cell value: 'GuestPerPackage'
Header cell value: 'MaxPackages/Event Allowed'
Header cell value: 'MaxGuestsAllowed'
Header cell value: 'PurchaseItemsName'
Header cell value: 'PurchaseItemsprice'
Header cell value: 'PurchaseItemSaleTax'
Header cell value: 'PurchaseItemTimeFrame'
Header cell value: 'SlotNo1'
Header cell value: 'SlotNo2'
Header cell value: 'Slot1StartTimehour'
Header cell value: 'StartMinute'
Header cell value: 'EndMinute'
Header cell value: 'StartTimeAMPM'
Header cell value: 'EndTimeAMPM'
Header cell value: 'Slot1EndTimehour'
Header cell value: 'PackageSlot1/Person/guest/slot/Event  price'
Header cell value: 'packageSlot1/Person/guest/slot SaleTax'
Header cell value: 'AdditionalGuestSlot1Price'
Header cell value: 'AdditonalGuestSlot1SaleTax'
Header cell value: 'Slot2StartTimehour'
Header cell value: 'Slot2EndTimehour'
Header cell value: 'PackageSlot2/Person/guest/slotPrice'
Header cell value: 'packageSlot2/Person/guest/slot SaleTax'
Header cell value: 'AdditionalGuestSlot2Price'
Header cell value: 'AdditonalGuestSlot2SaleTax'
Header cell value: 'ProcessingFeeName'
Header cell value: 'Plan Name'
Header cell value: 'URL /Path of Img'
Header cell value: 'MinTimeInAdvanced'
Header cell value: 'MaxTimeInAdvanced'
Header cell value: 'MinGuestAllowed'
Header cell value: 'From'
Header cell value: 'To'
Header cell value: 'MaxGuestPerSlot'
Header cell value: 'GuestPerPackage'
Header cell value: 'MaxPackages/Event Allowed'
Header cell value: 'MaxGuestsAllowed'
Header cell value: 'PurchaseItemsName'
Header cell value: 'PurchaseItemsprice'
Header cell value: 'PurchaseItemSaleTax'
Header cell value: 'PurchaseItemTimeFrame'
Header cell value: 'SlotNo1'
Header cell value: 'SlotNo2'
Header cell value: 'Slot1StartTimehour'
Header cell value: 'StartMinute'
Header cell value: 'EndMinute'
Header cell value: 'StartTimeAMPM'
Header cell value: 'EndTimeAMPM'
Header cell value: 'Slot1EndTimehour'
Header cell value: 'PackageSlot1/Person/guest/slot/Event  price'
Header cell value: 'packageSlot1/Person/guest/slot SaleTax'
Header cell value: 'AdditionalGuestSlot1Price'
Header cell value: 'AdditonalGuestSlot1SaleTax'
Header cell value: 'Slot2StartTimehour'
Header cell value: 'Slot2EndTimehour'
Header cell value: 'PackageSlot2/Person/guest/slotPrice'
Header cell value: 'packageSlot2/Person/guest/slot SaleTax'
Header cell value: 'AdditionalGuestSlot2Price'
Header cell value: 'AdditonalGuestSlot2SaleTax'
Header cell value: 'ProcessingFeeName'
Header cell value: 'ProcessingFeeAmount'
Header cell value: 'Plan Name'
Header cell value: 'URL /Path of Img'
Header cell value: 'MinTimeInAdvanced'
Header cell value: 'MaxTimeInAdvanced'
Header cell value: 'MinGuestAllowed'
Header cell value: 'From'
Header cell value: 'To'
Header cell value: 'MaxGuestPerSlot'
Header cell value: 'GuestPerPackage'
Header cell value: 'MaxPackages/Event Allowed'
Header cell value: 'MaxGuestsAllowed'
Header cell value: 'PurchaseItemsName'
Header cell value: 'PurchaseItemsprice'
Header cell value: 'PurchaseItemSaleTax'
Header cell value: 'PurchaseItemTimeFrame'
Header cell value: 'SlotNo1'
issue cause is :Expected condition failed: waiting for element to be clickable: Proxy element for: DefaultElementLocator 'By.xpath: //select[@name='schedules.0.venueDetail.0.serviceCategory']' (tried for 30 second(s) with 500 milliseconds interval)
]]></system-out>
    <system-err><![CDATA[org.openqa.selenium.TimeoutException: Expected condition failed: waiting for element to be clickable: Proxy element for: DefaultElementLocator 'By.xpath: //select[@name='schedules.0.venueDetail.0.serviceCategory']' (tried for 30 second(s) with 500 milliseconds interval)
	at org.openqa.selenium.support.ui.WebDriverWait.timeoutException(WebDriverWait.java:84)
	at org.openqa.selenium.support.ui.FluentWait.until(FluentWait.java:228)
	at com.bookingzoneadmin.pages.CreateBUY_NOWServicePlanPage.selectServiceCategory(CreateBUY_NOWServicePlanPage.java:254)
	at com.bookingzoneadmin.utils.CreatePlansCommonAction.configurePlanDetails(CreatePlansCommonAction.java:68)
	at com.bookingzoneadmin.createplans.tests.TC007_CreatePerPersonPlan.testCreatePerPersonPlan(TC007_CreatePerPersonPlan.java:126)
	at java.base/jdk.internal.reflect.NativeMethodAccessorImpl.invoke0(Native Method)
	at java.base/jdk.internal.reflect.NativeMethodAccessorImpl.invoke(NativeMethodAccessorImpl.java:77)
	at java.base/jdk.internal.reflect.DelegatingMethodAccessorImpl.invoke(DelegatingMethodAccessorImpl.java:43)
	at java.base/java.lang.reflect.Method.invoke(Method.java:568)
	at org.testng.internal.invokers.MethodInvocationHelper.invokeMethod(MethodInvocationHelper.java:139)
	at org.testng.internal.invokers.TestInvoker.invokeMethod(TestInvoker.java:664)
	at org.testng.internal.invokers.TestInvoker.invokeTestMethod(TestInvoker.java:227)
	at org.testng.internal.invokers.MethodRunner.runInSequence(MethodRunner.java:50)
	at org.testng.internal.invokers.TestInvoker$MethodInvocationAgent.invoke(TestInvoker.java:957)
	at org.testng.internal.invokers.TestInvoker.invokeTestMethods(TestInvoker.java:200)
	at org.testng.internal.invokers.TestMethodWorker.invokeTestMethods(TestMethodWorker.java:148)
	at org.testng.internal.invokers.TestMethodWorker.run(TestMethodWorker.java:128)
	at java.base/java.util.ArrayList.forEach(ArrayList.java:1511)
	at org.testng.TestRunner.privateRun(TestRunner.java:848)
	at org.testng.TestRunner.run(TestRunner.java:621)
	at org.testng.SuiteRunner.runTest(SuiteRunner.java:443)
	at org.testng.SuiteRunner.runSequentially(SuiteRunner.java:437)
	at org.testng.SuiteRunner.privateRun(SuiteRunner.java:397)
	at org.testng.SuiteRunner.run(SuiteRunner.java:336)
	at org.testng.SuiteRunnerWorker.runSuite(SuiteRunnerWorker.java:52)
	at org.testng.SuiteRunnerWorker.run(SuiteRunnerWorker.java:95)
	at org.testng.TestNG.runSuitesSequentially(TestNG.java:1280)
	at org.testng.TestNG.runSuitesLocally(TestNG.java:1200)
	at org.testng.TestNG.runSuites(TestNG.java:1114)
	at org.testng.TestNG.run(TestNG.java:1082)
	at org.apache.maven.surefire.testng.TestNGExecutor.run(TestNGExecutor.java:324)
	at org.apache.maven.surefire.testng.TestNGXmlTestSuite.execute(TestNGXmlTestSuite.java:74)
	at org.apache.maven.surefire.testng.TestNGProvider.invoke(TestNGProvider.java:123)
	at org.apache.maven.surefire.booter.ForkedBooter.runSuitesInProcess(ForkedBooter.java:456)
	at org.apache.maven.surefire.booter.ForkedBooter.execute(ForkedBooter.java:169)
	at org.apache.maven.surefire.booter.ForkedBooter.run(ForkedBooter.java:595)
	at org.apache.maven.surefire.booter.ForkedBooter.main(ForkedBooter.java:581)
Caused by: org.openqa.selenium.NoSuchElementException: no such element: Unable to locate element: {"method":"xpath","selector":"//select[@name='schedules.0.venueDetail.0.serviceCategory']"}
  (Session info: chrome=135.0.7049.85)
For documentation on this error, please visit: https://www.selenium.dev/documentation/webdriver/troubleshooting/errors#no-such-element-exception
Build info: version: '4.18.1', revision: 'b1d3319b48'
System info: os.name: 'Windows 11', os.arch: 'amd64', os.version: '10.0', java.version: '17.0.6'
Driver info: org.openqa.selenium.chrome.ChromeDriver
Command: [7b0f7bbe1dbb392aecf0ae1f0f261a63, findElement {value=//select[@name='schedules.0.venueDetail.0.serviceCategory'], using=xpath}]
Capabilities {acceptInsecureCerts: false, browserName: chrome, browserVersion: 135.0.7049.85, chrome: {chromedriverVersion: 135.0.7049.84 (6c019e560019..., userDataDir: C:\Users\dipal\AppData\Loca...}, fedcm:accounts: true, goog:chromeOptions: {debuggerAddress: localhost:50026}, networkConnectionEnabled: false, pageLoadStrategy: normal, platformName: windows, proxy: Proxy(), se:cdp: ws://localhost:50026/devtoo..., se:cdpVersion: 135.0.7049.85, setWindowRect: true, strictFileInteractability: false, timeouts: {implicit: 0, pageLoad: 300000, script: 30000}, unhandledPromptBehavior: dismiss and notify, webauthn:extension:credBlob: true, webauthn:extension:largeBlob: true, webauthn:extension:minPinLength: true, webauthn:extension:prf: true, webauthn:virtualAuthenticators: true}
Session ID: 7b0f7bbe1dbb392aecf0ae1f0f261a63
	at jdk.internal.reflect.GeneratedConstructorAccessor57.newInstance(Unknown Source)
	at java.base/jdk.internal.reflect.DelegatingConstructorAccessorImpl.newInstance(DelegatingConstructorAccessorImpl.java:45)
	at java.base/java.lang.reflect.Constructor.newInstanceWithCaller(Constructor.java:499)
	at java.base/java.lang.reflect.Constructor.newInstance(Constructor.java:480)
	at org.openqa.selenium.remote.ErrorCodec.decode(ErrorCodec.java:167)
	at org.openqa.selenium.remote.codec.w3c.W3CHttpResponseCodec.decode(W3CHttpResponseCodec.java:138)
	at org.openqa.selenium.remote.codec.w3c.W3CHttpResponseCodec.decode(W3CHttpResponseCodec.java:50)
	at org.openqa.selenium.remote.HttpCommandExecutor.execute(HttpCommandExecutor.java:190)
	at org.openqa.selenium.remote.service.DriverCommandExecutor.invokeExecute(DriverCommandExecutor.java:216)
	at org.openqa.selenium.remote.service.DriverCommandExecutor.execute(DriverCommandExecutor.java:174)
	at org.openqa.selenium.remote.RemoteWebDriver.execute(RemoteWebDriver.java:519)
	at org.openqa.selenium.remote.ElementLocation$ElementFinder$2.findElement(ElementLocation.java:165)
	at org.openqa.selenium.remote.ElementLocation.findElement(ElementLocation.java:59)
	at org.openqa.selenium.remote.RemoteWebDriver.findElement(RemoteWebDriver.java:356)
	at org.openqa.selenium.remote.RemoteWebDriver.findElement(RemoteWebDriver.java:350)
	at org.openqa.selenium.support.pagefactory.DefaultElementLocator.findElement(DefaultElementLocator.java:68)
	at org.openqa.selenium.support.pagefactory.internal.LocatingElementHandler.invoke(LocatingElementHandler.java:38)
	at jdk.proxy2/jdk.proxy2.$Proxy28.isDisplayed(Unknown Source)
	at org.openqa.selenium.support.ui.ExpectedConditions.elementIfVisible(ExpectedConditions.java:304)
	at org.openqa.selenium.support.ui.ExpectedConditions$10.apply(ExpectedConditions.java:290)
	at org.openqa.selenium.support.ui.ExpectedConditions$10.apply(ExpectedConditions.java:287)
	at org.openqa.selenium.support.ui.ExpectedConditions$23.apply(ExpectedConditions.java:656)
	at org.openqa.selenium.support.ui.ExpectedConditions$23.apply(ExpectedConditions.java:652)
	at org.openqa.selenium.support.ui.FluentWait.until(FluentWait.java:203)
	... 35 more
]]></system-err>
  </testcase>
</testsuite>