<?xml version="1.0" encoding="UTF-8"?>
<!-- Generated by org.testng.reporters.JUnitReportReporter -->
<testsuite hostname="LP-Dipali" failures="0" tests="1" name="com.bookingzoneadmin.createbussiness_outlets.tests.TC001CreateBussiness" time="81.920" errors="0" timestamp="2025-07-25T08:45:22 GMT-06:00" skipped="0">
  <testcase classname="com.bookingzoneadmin.createbussiness_outlets.tests.TC001CreateBussiness" name="testBusinessCreation" time="81.920"/>
</testsuite> <!-- com.bookingzoneadmin.createbussiness_outlets.tests.TC001CreateBussiness -->
