<?xml version="1.0" encoding="UTF-8"?>
<!-- Generated by org.testng.reporters.JUnitReportReporter -->
<testsuite hostname="LP-Dipali" failures="0" tests="1" name="com.bookingzoneadmin.createplans.tests.TC003_CreateEnableSessionPlan" time="123.985" errors="0" timestamp="2025-07-26T09:44:33 GMT-06:00" skipped="0">
  <testcase classname="com.bookingzoneadmin.createplans.tests.TC003_CreateEnableSessionPlan" name="testCreateEnableSessionPlan" time="123.985"/>
</testsuite> <!-- com.bookingzoneadmin.createplans.tests.TC003_CreateEnableSessionPlan -->
