<?xml version="1.0" encoding="UTF-8"?>
<!-- Generated by org.testng.reporters.JUnitReportReporter -->
<testsuite hostname="LP-Dipali" failures="0" tests="1" name="com.bookingzoneadmin.addADDONS.tests.TC002AddAddonsWithPerTax" time="15.093" errors="0" timestamp="2025-07-26T10:11:11 GMT-06:00" skipped="0">
  <testcase classname="com.bookingzoneadmin.addADDONS.tests.TC002AddAddonsWithPerTax" name="testAddAddonsWithPerTax" time="15.093"/>
</testsuite> <!-- com.bookingzoneadmin.addADDONS.tests.TC002AddAddonsWithPerTax -->
