<?xml version="1.0" encoding="UTF-8"?>
<!-- Generated by org.testng.reporters.JUnitReportReporter -->
<testsuite hostname="LP-Dipali" failures="0" tests="3" name="com.bookingzoneadmin.FullPayment.TC003EditFullOtherPayBooking" time="68.426" errors="0" timestamp="2025-08-21T00:39:01 GMT-05:00" skipped="0">
  <testcase classname="com.bookingzoneadmin.FullPayment.TC003EditFullOtherPayBooking" name="testChangeBookingStatusToDone" time="12.330"/>
  <testcase classname="com.bookingzoneadmin.FullPayment.TC003EditFullOtherPayBooking" name="testChangeReservationSlot" time="43.364"/>
  <testcase classname="com.bookingzoneadmin.FullPayment.TC003EditFullOtherPayBooking" name="testVerifyPaymentMethod_PaidAmountInTrasactionHistory" time="12.732"/>
</testsuite> <!-- com.bookingzoneadmin.FullPayment.TC003EditFullOtherPayBooking -->
