<?xml version="1.0" encoding="UTF-8"?>
<!-- Generated by org.testng.reporters.JUnitReportReporter -->
<testsuite hostname="LP-Dipali" failures="0" tests="1" name="com.bookingzoneadmin.createbussiness_outlets.tests.TC003AddServiceCategory" time="35.467" errors="0" timestamp="2025-07-26T05:13:00 GMT-06:00" skipped="0">
  <testcase classname="com.bookingzoneadmin.createbussiness_outlets.tests.TC003AddServiceCategory" name="testAddServiceCategory" time="35.467"/>
</testsuite> <!-- com.bookingzoneadmin.createbussiness_outlets.tests.TC003AddServiceCategory -->
