<?xml version="1.0" encoding="UTF-8"?>
<!-- Generated by org.testng.reporters.JUnitReportReporter -->
<testsuite hostname="LP-Dipali" failures="0" tests="1" name="com.bookingzoneadmin.FullPayment.TC003FullOtherPayment" time="68.497" errors="0" timestamp="2025-08-21T00:39:01 GMT-05:00" skipped="0">
  <testcase classname="com.bookingzoneadmin.FullPayment.TC003FullOtherPayment" name="testCreateBookingWithOtherPayment" time="68.497"/>
</testsuite> <!-- com.bookingzoneadmin.FullPayment.TC003FullOtherPayment -->
