<?xml version="1.0" encoding="UTF-8"?>
<!-- Generated by org.testng.reporters.JUnitReportReporter -->
<testsuite hostname="LP-Dipali" failures="0" tests="1" name="com.bookingzoneadmin.FullPayment.TC002FullCashPayment" time="57.526" errors="0" timestamp="2025-08-20T10:10:22 GMT-06:00" skipped="0">
  <testcase classname="com.bookingzoneadmin.FullPayment.TC002FullCashPayment" name="testCreateBookingWithCashPayment" time="57.526"/>
</testsuite> <!-- com.bookingzoneadmin.FullPayment.TC002FullCashPayment -->
