<?xml version="1.0" encoding="UTF-8"?>
<!-- Generated by org.testng.reporters.JUnitReportReporter -->
<testsuite hostname="LP-Dipali" failures="0" tests="1" name="com.bookingzoneadmin.createplans.tests.TC001_CreatePackageSessionPlan" time="0.000" errors="0" timestamp="2025-07-26T09:32:21 GMT-06:00" skipped="1">
  <testcase classname="com.bookingzoneadmin.createplans.tests.TC001_CreatePackageSessionPlan" name="testCreatePackageSessionPlan" time="0.000">
    <skipped/>
  </testcase> <!-- testCreatePackageSessionPlan -->
</testsuite> <!-- com.bookingzoneadmin.createplans.tests.TC001_CreatePackageSessionPlan -->
