<?xml version="1.0" encoding="UTF-8"?>
<!-- Generated by org.testng.reporters.JUnitReportReporter -->
<testsuite hostname="LP-Dipali" failures="0" tests="3" name="com.bookingzoneadmin.FullPayment.TC002EditFullCashPayBooking" time="83.540" errors="0" timestamp="2025-08-20T10:10:22 GMT-06:00" skipped="0">
  <testcase classname="com.bookingzoneadmin.FullPayment.TC002EditFullCashPayBooking" name="testChangeBookingStatusToCheckIn" time="11.105"/>
  <testcase classname="com.bookingzoneadmin.FullPayment.TC002EditFullCashPayBooking" name="testAddPackage_AdditionalGuest" time="60.555"/>
  <testcase classname="com.bookingzoneadmin.FullPayment.TC002EditFullCashPayBooking" name="testVerifyPaymentMethod_PaidAmountInTrasactionHistory" time="11.880"/>
</testsuite> <!-- com.bookingzoneadmin.FullPayment.TC002EditFullCashPayBooking -->
