<?xml version="1.0" encoding="UTF-8"?>
<!-- Generated by org.testng.reporters.JUnitReportReporter -->
<testsuite hostname="LP-Dipali" failures="0" tests="2" name="com.bookingzoneadmin.FullPayment.TC005FullPayVia_PaymentURL" time="104.953" errors="0" timestamp="2025-08-20T10:16:06 GMT-06:00" skipped="0">
  <testcase classname="com.bookingzoneadmin.FullPayment.TC005FullPayVia_PaymentURL" name="testCreateBookingWithPaymentURL" time="89.747"/>
  <testcase classname="com.bookingzoneadmin.FullPayment.TC005FullPayVia_PaymentURL" name="testVerifyBookingStatusInAdminPanel" time="15.206"/>
</testsuite> <!-- com.bookingzoneadmin.FullPayment.TC005FullPayVia_PaymentURL -->
