<?xml version="1.0" encoding="UTF-8"?>
<!-- Generated by org.testng.reporters.JUnitReportReporter -->
<testsuite hostname="LP-Dipali" failures="0" tests="1" name="com.bookingzoneadmin.addADDONS.tests.TC003AddAddonsWithFlatTax" time="15.121" errors="0" timestamp="2025-07-26T10:11:11 GMT-06:00" skipped="0">
  <testcase classname="com.bookingzoneadmin.addADDONS.tests.TC003AddAddonsWithFlatTax" name="testAddAddonsWithFlatTax" time="15.121"/>
</testsuite> <!-- com.bookingzoneadmin.addADDONS.tests.TC003AddAddonsWithFlatTax -->
