<?xml version="1.0" encoding="UTF-8"?>
<!-- Generated by org.testng.reporters.JUnitReportReporter -->
<testsuite hostname="LP-Dipali" failures="0" tests="1" name="com.bookingzoneadmin.FullPayment.TC005EditFullPayVia_PaymentURL" time="10.501" errors="0" timestamp="2025-08-20T10:16:06 GMT-06:00" skipped="0">
  <testcase classname="com.bookingzoneadmin.FullPayment.TC005EditFullPayVia_PaymentURL" name="testChangeBookingStatusToCancel" time="10.501"/>
</testsuite> <!-- com.bookingzoneadmin.FullPayment.TC005EditFullPayVia_PaymentURL -->
