<?xml version="1.0" encoding="UTF-8"?>
<!-- Generated by org.testng.reporters.JUnitReportReporter -->
<testsuite hostname="LP-Dipali" failures="0" tests="4" name="com.bookingzoneadmin.FullPayment.TC001_EditFullCardPayBooking" time="0.000" errors="0" timestamp="2025-08-20T23:14:17 GMT-06:00" skipped="4">
  <testcase classname="com.bookingzoneadmin.FullPayment.TC001_EditFullCardPayBooking" name="testChangeBookingStatusToInProgress" time="0.000">
    <skipped/>
  </testcase> <!-- testChangeBookingStatusToInProgress -->
  <testcase classname="com.bookingzoneadmin.FullPayment.TC001_EditFullCardPayBooking" name="testAddPackage_AdditionalGuest" time="0.000">
    <skipped/>
  </testcase> <!-- testAddPackage_AdditionalGuest -->
  <testcase classname="com.bookingzoneadmin.FullPayment.TC001_EditFullCardPayBooking" name="testVerifyPaymentMethod_PaidAmountInTrasactionHistory" time="0.000">
    <skipped/>
  </testcase> <!-- testVerifyPaymentMethod_PaidAmountInTrasactionHistory -->
  <testcase classname="com.bookingzoneadmin.FullPayment.TC001_EditFullCardPayBooking" name="testVerifyForceRefund" time="0.000">
    <skipped/>
  </testcase> <!-- testVerifyForceRefund -->
</testsuite> <!-- com.bookingzoneadmin.FullPayment.TC001_EditFullCardPayBooking -->
