<?xml version="1.0" encoding="UTF-8"?>
<!-- Generated by org.testng.reporters.JUnitReportReporter -->
<testsuite hostname="LP-Dipali" failures="0" tests="1" name="com.bookingzoneadmin.FullPayment.TC001FullCardPayment" time="0.000" errors="0" timestamp="2025-08-20T23:14:17 GMT-06:00" skipped="1">
  <testcase classname="com.bookingzoneadmin.FullPayment.TC001FullCardPayment" name="testCreateBookingWithCardPayment" time="0.000">
    <skipped/>
  </testcase> <!-- testCreateBookingWithCardPayment -->
</testsuite> <!-- com.bookingzoneadmin.FullPayment.TC001FullCardPayment -->
