<?xml version="1.0" encoding="UTF-8"?>
<!-- Generated by org.testng.reporters.JUnitReportReporter -->
<testsuite hostname="LP-Dipali" failures="0" tests="1" name="com.bookingzoneadmin.createbussiness_outlets.tests.TC003AddServiceCategory" time="39.261" errors="0" timestamp="2025-04-13T09:04:07 GMT-04:00" skipped="0">
  <testcase classname="com.bookingzoneadmin.createbussiness_outlets.tests.TC003AddServiceCategory" name="testAddServiceCategory" time="39.261"/>
</testsuite> <!-- com.bookingzoneadmin.createbussiness_outlets.tests.TC003AddServiceCategory -->
